-------------------------------------------------------------------------------
Test set: tqs.hw1.controller.integration.restTemplate.RestaurantControllerTemplateIT
-------------------------------------------------------------------------------
Tests run: 4, Failures: 1, Errors: 2, Skipped: 0, Time elapsed: 2.951 s <<< FAILURE! - in tqs.hw1.controller.integration.restTemplate.RestaurantControllerTemplateIT
tqs.hw1.controller.integration.restTemplate.RestaurantControllerTemplateIT.whenAddRestaurant_thenRestaurantIsCreated  Time elapsed: 0.04 s  <<< FAILURE!
java.lang.AssertionError: 
1 expectation failed.
Expected status code <200> but was <201>.

	at java.base/jdk.internal.reflect.DirectConstructorHandleAccessor.newInstance(DirectConstructorHandleAccessor.java:62)
	at java.base/java.lang.reflect.Constructor.newInstanceWithCaller(Constructor.java:502)
	at java.base/java.lang.reflect.Constructor.newInstance(Constructor.java:486)
	at org.codehaus.groovy.reflection.CachedConstructor.invoke(CachedConstructor.java:73)
	at org.codehaus.groovy.runtime.callsite.ConstructorSite$ConstructorSiteNoUnwrapNoCoerce.callConstructor(ConstructorSite.java:108)
	at org.codehaus.groovy.runtime.callsite.AbstractCallSite.callConstructor(AbstractCallSite.java:277)
	at io.restassured.internal.ResponseSpecificationImpl$HamcrestAssertionClosure.validate(ResponseSpecificationImpl.groovy:512)
	at io.restassured.internal.ResponseSpecificationImpl$HamcrestAssertionClosure$validate$1.call(Unknown Source)
	at io.restassured.internal.ResponseSpecificationImpl.validateResponseIfRequired(ResponseSpecificationImpl.groovy:696)
	at io.restassured.internal.ResponseSpecificationImpl.this$2$validateResponseIfRequired(ResponseSpecificationImpl.groovy)
	at java.base/jdk.internal.reflect.DirectMethodHandleAccessor.invoke(DirectMethodHandleAccessor.java:103)
	at java.base/java.lang.reflect.Method.invoke(Method.java:580)
	at org.codehaus.groovy.runtime.callsite.PlainObjectMetaMethodSite.doInvoke(PlainObjectMetaMethodSite.java:43)
	at org.codehaus.groovy.runtime.callsite.PogoMetaMethodSite$PogoCachedMethodSiteNoUnwrapNoCoerce.invoke(PogoMetaMethodSite.java:198)
	at org.codehaus.groovy.runtime.callsite.PogoMetaMethodSite.callCurrent(PogoMetaMethodSite.java:62)
	at org.codehaus.groovy.runtime.callsite.AbstractCallSite.callCurrent(AbstractCallSite.java:185)
	at io.restassured.internal.ResponseSpecificationImpl.statusCode(ResponseSpecificationImpl.groovy:135)
	at io.restassured.specification.ResponseSpecification$statusCode$0.callCurrent(Unknown Source)
	at io.restassured.internal.ResponseSpecificationImpl.statusCode(ResponseSpecificationImpl.groovy:143)
	at io.restassured.internal.ValidatableResponseOptionsImpl.statusCode(ValidatableResponseOptionsImpl.java:89)
	at tqs.hw1.controller.integration.restTemplate.RestaurantControllerTemplateIT.whenAddRestaurant_thenRestaurantIsCreated(RestaurantControllerTemplateIT.java:44)
	at java.base/java.lang.reflect.Method.invoke(Method.java:580)
	at java.base/java.util.ArrayList.forEach(ArrayList.java:1596)
	at java.base/java.util.ArrayList.forEach(ArrayList.java:1596)

tqs.hw1.controller.integration.restTemplate.RestaurantControllerTemplateIT.whenGetRestaurantById_thenCorrectRestaurantIsReturned  Time elapsed: 0.058 s  <<< ERROR!
java.lang.NullPointerException: Cannot invoke "Object.toString()" because the return value of "io.restassured.response.ExtractableResponse.path(String, String[])" is null
	at tqs.hw1.controller.integration.restTemplate.RestaurantControllerTemplateIT.whenGetRestaurantById_thenCorrectRestaurantIsReturned(RestaurantControllerTemplateIT.java:66)
	at java.base/java.lang.reflect.Method.invoke(Method.java:580)
	at java.base/java.util.ArrayList.forEach(ArrayList.java:1596)
	at java.base/java.util.ArrayList.forEach(ArrayList.java:1596)

tqs.hw1.controller.integration.restTemplate.RestaurantControllerTemplateIT.whenDeleteRestaurant_thenItIsRemoved  Time elapsed: 0.036 s  <<< ERROR!
java.lang.NullPointerException: Cannot invoke "Object.toString()" because the return value of "io.restassured.response.ExtractableResponse.path(String, String[])" is null
	at tqs.hw1.controller.integration.restTemplate.RestaurantControllerTemplateIT.whenDeleteRestaurant_thenItIsRemoved(RestaurantControllerTemplateIT.java:84)
	at java.base/java.lang.reflect.Method.invoke(Method.java:580)
	at java.base/java.util.ArrayList.forEach(ArrayList.java:1596)
	at java.base/java.util.ArrayList.forEach(ArrayList.java:1596)

