-------------------------------------------------------------------------------
Test set: tqs.hw1.controller.integration.mock.WeatherControllerMockIT
-------------------------------------------------------------------------------
Tests run: 5, Failures: 1, Errors: 0, Skipped: 0, Time elapsed: 5.288 s <<< FAILURE! - in tqs.hw1.controller.integration.mock.WeatherControllerMockIT
tqs.hw1.controller.integration.mock.WeatherControllerMockIT.whenGetWeatherDaysAndCurrent_thenReturnCorrectData  Time elapsed: 0.012 s  <<< FAILURE!
java.lang.AssertionError: JSON path "currentConditions.conditions" expected:<Partially cloudy> but was:<Clear>
	at org.springframework.test.util.AssertionErrors.fail(AssertionErrors.java:61)
	at org.springframework.test.util.AssertionErrors.assertEquals(AssertionErrors.java:128)
	at org.springframework.test.util.JsonPathExpectationsHelper.assertValue(JsonPathExpectationsHelper.java:172)
	at org.springframework.test.web.servlet.result.JsonPathResultMatchers.lambda$value$2(JsonPathResultMatchers.java:112)
	at org.springframework.test.web.servlet.MockMvc$1.andExpect(MockMvc.java:214)
	at tqs.hw1.controller.integration.mock.WeatherControllerMockIT.whenGetWeatherDaysAndCurrent_thenReturnCorrectData(WeatherControllerMockIT.java:59)
	at java.base/java.lang.reflect.Method.invoke(Method.java:580)
	at java.base/java.util.ArrayList.forEach(ArrayList.java:1596)
	at java.base/java.util.ArrayList.forEach(ArrayList.java:1596)

