<?xml version="1.0" encoding="UTF-8"?>
<testsuite xmlns:xsi="http://www.w3.org/2001/XMLSchema-instance" xsi:noNamespaceSchemaLocation="https://maven.apache.org/surefire/maven-surefire-plugin/xsd/surefire-test-report.xsd" version="3.0.2" name="tqs.hw1.seleniumTests.RunCucumberTest" time="15.113" tests="4" errors="0" skipped="0" failures="0">
  <properties>
[...]
</properties>
  <testcase name="User selects a restaurant and date to view planned meals and weather forecast" classname="View meals and weather forecast for selected restaurant" time="4.647">
    <system-out><![CDATA[2025-04-09T18:09:17.576+01:00  WARN 86387 --- [HW1] [           main] io.cucumber.java.MethodScanner           : Failed to load methods of class 'net.bytebuddy.agent.VirtualMachine$ForOpenJ9$Dispatcher$ForJnaWindowsEnvironment'.
By default Cucumber scans the entire classpath for step definitions.
You can restrict this by configuring the glue path.

Examples:
 - @CucumberOptions(glue = "com.example.application")
 - @ConfigurationParameter(key = GLUE_PROPERTY_NAME, value = "com.example.application") - src/test/resources/junit-platform.properties   cucumber.glue=com.example.application
 - src/test/resources/cucumber.properties         cucumber.glue=com.example.application


java.lang.NoClassDefFoundError: com/sun/jna/platform/win32/Win32Exception
	at java.base/java.lang.Class.getDeclaredMethods0(Native Method) ~[na:na]
	at java.base/java.lang.Class.privateGetDeclaredMethods(Class.java:3578) ~[na:na]
	at java.base/java.lang.Class.privateGetPublicMethods(Class.java:3603) ~[na:na]
	at java.base/java.lang.Class.getMethods(Class.java:2185) ~[na:na]
	at io.cucumber.java.MethodScanner.safelyGetMethods(MethodScanner.java:39) ~[cucumber-java-7.21.1.jar:7.21.1]
	at io.cucumber.java.MethodScanner.scan(MethodScanner.java:32) ~[cucumber-java-7.21.1.jar:7.21.1]
	at io.cucumber.java.JavaBackend.lambda$loadGlue$2(JavaBackend.java:41) ~[cucumber-java-7.21.1.jar:7.21.1]
	at java.base/java.util.stream.ForEachOps$ForEachOp$OfRef.accept(ForEachOps.java:184) ~[na:na]
	at java.base/java.util.stream.DistinctOps$1$2.accept(DistinctOps.java:174) ~[na:na]
	at java.base/java.util.ArrayList$ArrayListSpliterator.forEachRemaining(ArrayList.java:1708) ~[na:na]
	at java.base/java.util.stream.ReferencePipeline$Head.forEach(ReferencePipeline.java:762) ~[na:na]
	at java.base/java.util.stream.ReferencePipeline$7$1.accept(ReferencePipeline.java:276) ~[na:na]
	at java.base/java.util.stream.ReferencePipeline$3$1.accept(ReferencePipeline.java:197) ~[na:na]
	at java.base/java.util.stream.ReferencePipeline$3$1.accept(ReferencePipeline.java:197) ~[na:na]
	at java.base/java.util.stream.ReferencePipeline$2$1.accept(ReferencePipeline.java:179) ~[na:na]
	at java.base/java.util.ArrayList$ArrayListSpliterator.forEachRemaining(ArrayList.java:1708) ~[na:na]
	at java.base/java.util.stream.AbstractPipeline.copyInto(AbstractPipeline.java:509) ~[na:na]
	at java.base/java.util.stream.AbstractPipeline.wrapAndCopyInto(AbstractPipeline.java:499) ~[na:na]
	at java.base/java.util.stream.ForEachOps$ForEachOp.evaluateSequential(ForEachOps.java:151) ~[na:na]
	at java.base/java.util.stream.ForEachOps$ForEachOp$OfRef.evaluateSequential(ForEachOps.java:174) ~[na:na]
	at java.base/java.util.stream.AbstractPipeline.evaluate(AbstractPipeline.java:234) ~[na:na]
	at java.base/java.util.stream.ReferencePipeline.forEach(ReferencePipeline.java:596) ~[na:na]
	at io.cucumber.java.JavaBackend.loadGlue(JavaBackend.java:41) ~[cucumber-java-7.21.1.jar:7.21.1]
	at io.cucumber.core.runner.Runner.<init>(Runner.java:56) ~[cucumber-core-7.21.1.jar:7.21.1]
	at io.cucumber.core.runtime.SingletonRunnerSupplier.createRunner(SingletonRunnerSupplier.java:44) ~[cucumber-core-7.21.1.jar:7.21.1]
	at io.cucumber.core.runtime.SingletonRunnerSupplier.get(SingletonRunnerSupplier.java:35) ~[cucumber-core-7.21.1.jar:7.21.1]
	at io.cucumber.core.runtime.RethrowingThrowableCollector.executeAndThrow(RethrowingThrowableCollector.java:35) ~[cucumber-core-7.21.1.jar:7.21.1]
	at io.cucumber.core.runtime.CucumberExecutionContext.getRunner(CucumberExecutionContext.java:140) ~[cucumber-core-7.21.1.jar:7.21.1]
	at io.cucumber.core.runtime.CucumberExecutionContext.runBeforeAllHooks(CucumberExecutionContext.java:92) ~[cucumber-core-7.21.1.jar:7.21.1]
	at io.cucumber.junit.platform.engine.CucumberEngineExecutionContext.runBeforeAllHooks(CucumberEngineExecutionContext.java:103) ~[cucumber-junit-platform-engine-7.21.1.jar:na]
	at io.cucumber.junit.platform.engine.CucumberEngineDescriptor.ifChildren(CucumberEngineDescriptor.java:63) ~[cucumber-junit-platform-engine-7.21.1.jar:na]
	at io.cucumber.junit.platform.engine.CucumberEngineDescriptor.before(CucumberEngineDescriptor.java:38) ~[cucumber-junit-platform-engine-7.21.1.jar:na]
	at io.cucumber.junit.platform.engine.CucumberEngineDescriptor.before(CucumberEngineDescriptor.java:12) ~[cucumber-junit-platform-engine-7.21.1.jar:na]
	at org.junit.platform.engine.support.hierarchical.NodeTestTask.lambda$executeRecursively$6(NodeTestTask.java:153) ~[junit-platform-engine-1.12.0.jar:1.12.0]
	at org.junit.platform.engine.support.hierarchical.ThrowableCollector.execute(ThrowableCollector.java:73) ~[junit-platform-engine-1.12.0.jar:1.12.0]
	at org.junit.platform.engine.support.hierarchical.NodeTestTask.lambda$executeRecursively$8(NodeTestTask.java:146) ~[junit-platform-engine-1.12.0.jar:1.12.0]
	at org.junit.platform.engine.support.hierarchical.Node.around(Node.java:137) ~[junit-platform-engine-1.12.0.jar:1.12.0]
	at org.junit.platform.engine.support.hierarchical.NodeTestTask.lambda$executeRecursively$9(NodeTestTask.java:144) ~[junit-platform-engine-1.12.0.jar:1.12.0]
	at org.junit.platform.engine.support.hierarchical.ThrowableCollector.execute(ThrowableCollector.java:73) ~[junit-platform-engine-1.12.0.jar:1.12.0]
	at org.junit.platform.engine.support.hierarchical.NodeTestTask.executeRecursively(NodeTestTask.java:143) ~[junit-platform-engine-1.12.0.jar:1.12.0]
	at org.junit.platform.engine.support.hierarchical.NodeTestTask.execute(NodeTestTask.java:100) ~[junit-platform-engine-1.12.0.jar:1.12.0]
	at org.junit.platform.engine.support.hierarchical.SameThreadHierarchicalTestExecutorService.submit(SameThreadHierarchicalTestExecutorService.java:35) ~[junit-platform-engine-1.12.0.jar:1.12.0]
	at org.junit.platform.engine.support.hierarchical.HierarchicalTestExecutor.execute(HierarchicalTestExecutor.java:57) ~[junit-platform-engine-1.12.0.jar:1.12.0]
	at org.junit.platform.engine.support.hierarchical.HierarchicalTestEngine.execute(HierarchicalTestEngine.java:54) ~[junit-platform-engine-1.12.0.jar:1.12.0]
	at org.junit.platform.launcher.core.EngineExecutionOrchestrator.execute(EngineExecutionOrchestrator.java:201) ~[junit-platform-launcher-1.12.0.jar:1.12.0]
	at org.junit.platform.launcher.core.EngineExecutionOrchestrator.execute(EngineExecutionOrchestrator.java:170) ~[junit-platform-launcher-1.12.0.jar:1.12.0]
	at org.junit.platform.launcher.core.EngineExecutionOrchestrator.execute(EngineExecutionOrchestrator.java:94) ~[junit-platform-launcher-1.12.0.jar:1.12.0]
	at org.junit.platform.launcher.core.EngineExecutionOrchestrator.execute(EngineExecutionOrchestrator.java:77) ~[junit-platform-launcher-1.12.0.jar:1.12.0]
	at org.junit.platform.suite.engine.SuiteLauncher.execute(SuiteLauncher.java:63) ~[junit-platform-suite-engine-1.12.0.jar:1.12.0]
	at org.junit.platform.suite.engine.SuiteTestDescriptor.executeTests(SuiteTestDescriptor.java:173) ~[junit-platform-suite-engine-1.12.0.jar:1.12.0]
	at org.junit.platform.suite.engine.SuiteTestDescriptor.execute(SuiteTestDescriptor.java:142) ~[junit-platform-suite-engine-1.12.0.jar:1.12.0]
	at org.junit.platform.suite.engine.SuiteTestEngine.lambda$execute$0(SuiteTestEngine.java:73) ~[junit-platform-suite-engine-1.12.0.jar:1.12.0]
	at java.base/java.util.stream.ForEachOps$ForEachOp$OfRef.accept(ForEachOps.java:184) ~[na:na]
	at java.base/java.util.stream.ReferencePipeline$3$1.accept(ReferencePipeline.java:197) ~[na:na]
	at java.base/java.util.Iterator.forEachRemaining(Iterator.java:133) ~[na:na]
	at java.base/java.util.Spliterators$IteratorSpliterator.forEachRemaining(Spliterators.java:1939) ~[na:na]
	at java.base/java.util.stream.AbstractPipeline.copyInto(AbstractPipeline.java:509) ~[na:na]
	at java.base/java.util.stream.AbstractPipeline.wrapAndCopyInto(AbstractPipeline.java:499) ~[na:na]
	at java.base/java.util.stream.ForEachOps$ForEachOp.evaluateSequential(ForEachOps.java:151) ~[na:na]
	at java.base/java.util.stream.ForEachOps$ForEachOp$OfRef.evaluateSequential(ForEachOps.java:174) ~[na:na]
	at java.base/java.util.stream.AbstractPipeline.evaluate(AbstractPipeline.java:234) ~[na:na]
	at java.base/java.util.stream.ReferencePipeline.forEach(ReferencePipeline.java:596) ~[na:na]
	at org.junit.platform.suite.engine.SuiteTestEngine.execute(SuiteTestEngine.java:73) ~[junit-platform-suite-engine-1.12.0.jar:1.12.0]
	at org.junit.platform.launcher.core.EngineExecutionOrchestrator.execute(EngineExecutionOrchestrator.java:201) ~[junit-platform-launcher-1.12.0.jar:1.12.0]
	at org.junit.platform.launcher.core.EngineExecutionOrchestrator.execute(EngineExecutionOrchestrator.java:170) ~[junit-platform-launcher-1.12.0.jar:1.12.0]
	at org.junit.platform.launcher.core.EngineExecutionOrchestrator.execute(EngineExecutionOrchestrator.java:94) ~[junit-platform-launcher-1.12.0.jar:1.12.0]
	at org.junit.platform.launcher.core.EngineExecutionOrchestrator.lambda$execute$0(EngineExecutionOrchestrator.java:59) ~[junit-platform-launcher-1.12.0.jar:1.12.0]
	at org.junit.platform.launcher.core.EngineExecutionOrchestrator.withInterceptedStreams(EngineExecutionOrchestrator.java:142) ~[junit-platform-launcher-1.12.0.jar:1.12.0]
	at org.junit.platform.launcher.core.EngineExecutionOrchestrator.execute(EngineExecutionOrchestrator.java:58) ~[junit-platform-launcher-1.12.0.jar:1.12.0]
	at org.junit.platform.launcher.core.DefaultLauncher.execute(DefaultLauncher.java:103) ~[junit-platform-launcher-1.12.0.jar:1.12.0]
	at org.junit.platform.launcher.core.DefaultLauncher.execute(DefaultLauncher.java:85) ~[junit-platform-launcher-1.12.0.jar:1.12.0]
	at org.junit.platform.launcher.core.DelegatingLauncher.execute(DelegatingLauncher.java:47) ~[junit-platform-launcher-1.12.0.jar:1.12.0]
	at org.junit.platform.launcher.core.InterceptingLauncher.lambda$execute$1(InterceptingLauncher.java:39) ~[junit-platform-launcher-1.12.0.jar:1.12.0]
	at org.junit.platform.launcher.core.ClasspathAlignmentCheckingLauncherInterceptor.intercept(ClasspathAlignmentCheckingLauncherInterceptor.java:25) ~[junit-platform-launcher-1.12.0.jar:1.12.0]
	at org.junit.platform.launcher.core.InterceptingLauncher.execute(InterceptingLauncher.java:38) ~[junit-platform-launcher-1.12.0.jar:1.12.0]
	at org.junit.platform.launcher.core.DelegatingLauncher.execute(DelegatingLauncher.java:47) ~[junit-platform-launcher-1.12.0.jar:1.12.0]
	at org.apache.maven.surefire.junitplatform.LazyLauncher.execute(LazyLauncher.java:56) ~[surefire-junit-platform-3.5.2.jar:3.5.2]
	at org.apache.maven.surefire.junitplatform.JUnitPlatformProvider.execute(JUnitPlatformProvider.java:184) ~[surefire-junit-platform-3.5.2.jar:3.5.2]
	at org.apache.maven.surefire.junitplatform.JUnitPlatformProvider.invokeAllTests(JUnitPlatformProvider.java:148) ~[surefire-junit-platform-3.5.2.jar:3.5.2]
	at org.apache.maven.surefire.junitplatform.JUnitPlatformProvider.invoke(JUnitPlatformProvider.java:122) ~[surefire-junit-platform-3.5.2.jar:3.5.2]
	at org.apache.maven.surefire.booter.ForkedBooter.runSuitesInProcess(ForkedBooter.java:385) ~[surefire-booter-3.5.2.jar:3.5.2]
	at org.apache.maven.surefire.booter.ForkedBooter.execute(ForkedBooter.java:162) ~[surefire-booter-3.5.2.jar:3.5.2]
	at org.apache.maven.surefire.booter.ForkedBooter.run(ForkedBooter.java:507) ~[surefire-booter-3.5.2.jar:3.5.2]
	at org.apache.maven.surefire.booter.ForkedBooter.main(ForkedBooter.java:495) ~[surefire-booter-3.5.2.jar:3.5.2]
Caused by: java.lang.ClassNotFoundException: com.sun.jna.platform.win32.Win32Exception
	at java.base/jdk.internal.loader.BuiltinClassLoader.loadClass(BuiltinClassLoader.java:641) ~[na:na]
	at java.base/jdk.internal.loader.ClassLoaders$AppClassLoader.loadClass(ClassLoaders.java:188) ~[na:na]
	at java.base/java.lang.ClassLoader.loadClass(ClassLoader.java:526) ~[na:na]
	... 84 common frames omitted

2025-04-09T18:09:17.599+01:00  WARN 86387 --- [HW1] [           main] io.cucumber.java.MethodScanner           : Failed to load methods of class 'net.bytebuddy.agent.VirtualMachine$ForHotSpot$Connection$ForJnaWindowsNamedPipe'.
By default Cucumber scans the entire classpath for step definitions.
You can restrict this by configuring the glue path.

Examples:
 - @CucumberOptions(glue = "com.example.application")
 - @ConfigurationParameter(key = GLUE_PROPERTY_NAME, value = "com.example.application") - src/test/resources/junit-platform.properties   cucumber.glue=com.example.application
 - src/test/resources/cucumber.properties         cucumber.glue=com.example.application


java.lang.NoClassDefFoundError: com/sun/jna/platform/win32/Win32Exception
	at java.base/java.lang.Class.getDeclaredMethods0(Native Method) ~[na:na]
	at java.base/java.lang.Class.privateGetDeclaredMethods(Class.java:3578) ~[na:na]
	at java.base/java.lang.Class.privateGetPublicMethods(Class.java:3603) ~[na:na]
	at java.base/java.lang.Class.getMethods(Class.java:2185) ~[na:na]
	at io.cucumber.java.MethodScanner.safelyGetMethods(MethodScanner.java:39) ~[cucumber-java-7.21.1.jar:7.21.1]
	at io.cucumber.java.MethodScanner.scan(MethodScanner.java:32) ~[cucumber-java-7.21.1.jar:7.21.1]
	at io.cucumber.java.JavaBackend.lambda$loadGlue$2(JavaBackend.java:41) ~[cucumber-java-7.21.1.jar:7.21.1]
	at java.base/java.util.stream.ForEachOps$ForEachOp$OfRef.accept(ForEachOps.java:184) ~[na:na]
	at java.base/java.util.stream.DistinctOps$1$2.accept(DistinctOps.java:174) ~[na:na]
	at java.base/java.util.ArrayList$ArrayListSpliterator.forEachRemaining(ArrayList.java:1708) ~[na:na]
	at java.base/java.util.stream.ReferencePipeline$Head.forEach(ReferencePipeline.java:762) ~[na:na]
	at java.base/java.util.stream.ReferencePipeline$7$1.accept(ReferencePipeline.java:276) ~[na:na]
	at java.base/java.util.stream.ReferencePipeline$3$1.accept(ReferencePipeline.java:197) ~[na:na]
	at java.base/java.util.stream.ReferencePipeline$3$1.accept(ReferencePipeline.java:197) ~[na:na]
	at java.base/java.util.stream.ReferencePipeline$2$1.accept(ReferencePipeline.java:179) ~[na:na]
	at java.base/java.util.ArrayList$ArrayListSpliterator.forEachRemaining(ArrayList.java:1708) ~[na:na]
	at java.base/java.util.stream.AbstractPipeline.copyInto(AbstractPipeline.java:509) ~[na:na]
	at java.base/java.util.stream.AbstractPipeline.wrapAndCopyInto(AbstractPipeline.java:499) ~[na:na]
	at java.base/java.util.stream.ForEachOps$ForEachOp.evaluateSequential(ForEachOps.java:151) ~[na:na]
	at java.base/java.util.stream.ForEachOps$ForEachOp$OfRef.evaluateSequential(ForEachOps.java:174) ~[na:na]
	at java.base/java.util.stream.AbstractPipeline.evaluate(AbstractPipeline.java:234) ~[na:na]
	at java.base/java.util.stream.ReferencePipeline.forEach(ReferencePipeline.java:596) ~[na:na]
	at io.cucumber.java.JavaBackend.loadGlue(JavaBackend.java:41) ~[cucumber-java-7.21.1.jar:7.21.1]
	at io.cucumber.core.runner.Runner.<init>(Runner.java:56) ~[cucumber-core-7.21.1.jar:7.21.1]
	at io.cucumber.core.runtime.SingletonRunnerSupplier.createRunner(SingletonRunnerSupplier.java:44) ~[cucumber-core-7.21.1.jar:7.21.1]
	at io.cucumber.core.runtime.SingletonRunnerSupplier.get(SingletonRunnerSupplier.java:35) ~[cucumber-core-7.21.1.jar:7.21.1]
	at io.cucumber.core.runtime.RethrowingThrowableCollector.executeAndThrow(RethrowingThrowableCollector.java:35) ~[cucumber-core-7.21.1.jar:7.21.1]
	at io.cucumber.core.runtime.CucumberExecutionContext.getRunner(CucumberExecutionContext.java:140) ~[cucumber-core-7.21.1.jar:7.21.1]
	at io.cucumber.core.runtime.CucumberExecutionContext.runBeforeAllHooks(CucumberExecutionContext.java:92) ~[cucumber-core-7.21.1.jar:7.21.1]
	at io.cucumber.junit.platform.engine.CucumberEngineExecutionContext.runBeforeAllHooks(CucumberEngineExecutionContext.java:103) ~[cucumber-junit-platform-engine-7.21.1.jar:na]
	at io.cucumber.junit.platform.engine.CucumberEngineDescriptor.ifChildren(CucumberEngineDescriptor.java:63) ~[cucumber-junit-platform-engine-7.21.1.jar:na]
	at io.cucumber.junit.platform.engine.CucumberEngineDescriptor.before(CucumberEngineDescriptor.java:38) ~[cucumber-junit-platform-engine-7.21.1.jar:na]
	at io.cucumber.junit.platform.engine.CucumberEngineDescriptor.before(CucumberEngineDescriptor.java:12) ~[cucumber-junit-platform-engine-7.21.1.jar:na]
	at org.junit.platform.engine.support.hierarchical.NodeTestTask.lambda$executeRecursively$6(NodeTestTask.java:153) ~[junit-platform-engine-1.12.0.jar:1.12.0]
	at org.junit.platform.engine.support.hierarchical.ThrowableCollector.execute(ThrowableCollector.java:73) ~[junit-platform-engine-1.12.0.jar:1.12.0]
	at org.junit.platform.engine.support.hierarchical.NodeTestTask.lambda$executeRecursively$8(NodeTestTask.java:146) ~[junit-platform-engine-1.12.0.jar:1.12.0]
	at org.junit.platform.engine.support.hierarchical.Node.around(Node.java:137) ~[junit-platform-engine-1.12.0.jar:1.12.0]
	at org.junit.platform.engine.support.hierarchical.NodeTestTask.lambda$executeRecursively$9(NodeTestTask.java:144) ~[junit-platform-engine-1.12.0.jar:1.12.0]
	at org.junit.platform.engine.support.hierarchical.ThrowableCollector.execute(ThrowableCollector.java:73) ~[junit-platform-engine-1.12.0.jar:1.12.0]
	at org.junit.platform.engine.support.hierarchical.NodeTestTask.executeRecursively(NodeTestTask.java:143) ~[junit-platform-engine-1.12.0.jar:1.12.0]
	at org.junit.platform.engine.support.hierarchical.NodeTestTask.execute(NodeTestTask.java:100) ~[junit-platform-engine-1.12.0.jar:1.12.0]
	at org.junit.platform.engine.support.hierarchical.SameThreadHierarchicalTestExecutorService.submit(SameThreadHierarchicalTestExecutorService.java:35) ~[junit-platform-engine-1.12.0.jar:1.12.0]
	at org.junit.platform.engine.support.hierarchical.HierarchicalTestExecutor.execute(HierarchicalTestExecutor.java:57) ~[junit-platform-engine-1.12.0.jar:1.12.0]
	at org.junit.platform.engine.support.hierarchical.HierarchicalTestEngine.execute(HierarchicalTestEngine.java:54) ~[junit-platform-engine-1.12.0.jar:1.12.0]
	at org.junit.platform.launcher.core.EngineExecutionOrchestrator.execute(EngineExecutionOrchestrator.java:201) ~[junit-platform-launcher-1.12.0.jar:1.12.0]
	at org.junit.platform.launcher.core.EngineExecutionOrchestrator.execute(EngineExecutionOrchestrator.java:170) ~[junit-platform-launcher-1.12.0.jar:1.12.0]
	at org.junit.platform.launcher.core.EngineExecutionOrchestrator.execute(EngineExecutionOrchestrator.java:94) ~[junit-platform-launcher-1.12.0.jar:1.12.0]
	at org.junit.platform.launcher.core.EngineExecutionOrchestrator.execute(EngineExecutionOrchestrator.java:77) ~[junit-platform-launcher-1.12.0.jar:1.12.0]
	at org.junit.platform.suite.engine.SuiteLauncher.execute(SuiteLauncher.java:63) ~[junit-platform-suite-engine-1.12.0.jar:1.12.0]
	at org.junit.platform.suite.engine.SuiteTestDescriptor.executeTests(SuiteTestDescriptor.java:173) ~[junit-platform-suite-engine-1.12.0.jar:1.12.0]
	at org.junit.platform.suite.engine.SuiteTestDescriptor.execute(SuiteTestDescriptor.java:142) ~[junit-platform-suite-engine-1.12.0.jar:1.12.0]
	at org.junit.platform.suite.engine.SuiteTestEngine.lambda$execute$0(SuiteTestEngine.java:73) ~[junit-platform-suite-engine-1.12.0.jar:1.12.0]
	at java.base/java.util.stream.ForEachOps$ForEachOp$OfRef.accept(ForEachOps.java:184) ~[na:na]
	at java.base/java.util.stream.ReferencePipeline$3$1.accept(ReferencePipeline.java:197) ~[na:na]
	at java.base/java.util.Iterator.forEachRemaining(Iterator.java:133) ~[na:na]
	at java.base/java.util.Spliterators$IteratorSpliterator.forEachRemaining(Spliterators.java:1939) ~[na:na]
	at java.base/java.util.stream.AbstractPipeline.copyInto(AbstractPipeline.java:509) ~[na:na]
	at java.base/java.util.stream.AbstractPipeline.wrapAndCopyInto(AbstractPipeline.java:499) ~[na:na]
	at java.base/java.util.stream.ForEachOps$ForEachOp.evaluateSequential(ForEachOps.java:151) ~[na:na]
	at java.base/java.util.stream.ForEachOps$ForEachOp$OfRef.evaluateSequential(ForEachOps.java:174) ~[na:na]
	at java.base/java.util.stream.AbstractPipeline.evaluate(AbstractPipeline.java:234) ~[na:na]
	at java.base/java.util.stream.ReferencePipeline.forEach(ReferencePipeline.java:596) ~[na:na]
	at org.junit.platform.suite.engine.SuiteTestEngine.execute(SuiteTestEngine.java:73) ~[junit-platform-suite-engine-1.12.0.jar:1.12.0]
	at org.junit.platform.launcher.core.EngineExecutionOrchestrator.execute(EngineExecutionOrchestrator.java:201) ~[junit-platform-launcher-1.12.0.jar:1.12.0]
	at org.junit.platform.launcher.core.EngineExecutionOrchestrator.execute(EngineExecutionOrchestrator.java:170) ~[junit-platform-launcher-1.12.0.jar:1.12.0]
	at org.junit.platform.launcher.core.EngineExecutionOrchestrator.execute(EngineExecutionOrchestrator.java:94) ~[junit-platform-launcher-1.12.0.jar:1.12.0]
	at org.junit.platform.launcher.core.EngineExecutionOrchestrator.lambda$execute$0(EngineExecutionOrchestrator.java:59) ~[junit-platform-launcher-1.12.0.jar:1.12.0]
	at org.junit.platform.launcher.core.EngineExecutionOrchestrator.withInterceptedStreams(EngineExecutionOrchestrator.java:142) ~[junit-platform-launcher-1.12.0.jar:1.12.0]
	at org.junit.platform.launcher.core.EngineExecutionOrchestrator.execute(EngineExecutionOrchestrator.java:58) ~[junit-platform-launcher-1.12.0.jar:1.12.0]
	at org.junit.platform.launcher.core.DefaultLauncher.execute(DefaultLauncher.java:103) ~[junit-platform-launcher-1.12.0.jar:1.12.0]
	at org.junit.platform.launcher.core.DefaultLauncher.execute(DefaultLauncher.java:85) ~[junit-platform-launcher-1.12.0.jar:1.12.0]
	at org.junit.platform.launcher.core.DelegatingLauncher.execute(DelegatingLauncher.java:47) ~[junit-platform-launcher-1.12.0.jar:1.12.0]
	at org.junit.platform.launcher.core.InterceptingLauncher.lambda$execute$1(InterceptingLauncher.java:39) ~[junit-platform-launcher-1.12.0.jar:1.12.0]
	at org.junit.platform.launcher.core.ClasspathAlignmentCheckingLauncherInterceptor.intercept(ClasspathAlignmentCheckingLauncherInterceptor.java:25) ~[junit-platform-launcher-1.12.0.jar:1.12.0]
	at org.junit.platform.launcher.core.InterceptingLauncher.execute(InterceptingLauncher.java:38) ~[junit-platform-launcher-1.12.0.jar:1.12.0]
	at org.junit.platform.launcher.core.DelegatingLauncher.execute(DelegatingLauncher.java:47) ~[junit-platform-launcher-1.12.0.jar:1.12.0]
	at org.apache.maven.surefire.junitplatform.LazyLauncher.execute(LazyLauncher.java:56) ~[surefire-junit-platform-3.5.2.jar:3.5.2]
	at org.apache.maven.surefire.junitplatform.JUnitPlatformProvider.execute(JUnitPlatformProvider.java:184) ~[surefire-junit-platform-3.5.2.jar:3.5.2]
	at org.apache.maven.surefire.junitplatform.JUnitPlatformProvider.invokeAllTests(JUnitPlatformProvider.java:148) ~[surefire-junit-platform-3.5.2.jar:3.5.2]
	at org.apache.maven.surefire.junitplatform.JUnitPlatformProvider.invoke(JUnitPlatformProvider.java:122) ~[surefire-junit-platform-3.5.2.jar:3.5.2]
	at org.apache.maven.surefire.booter.ForkedBooter.runSuitesInProcess(ForkedBooter.java:385) ~[surefire-booter-3.5.2.jar:3.5.2]
	at org.apache.maven.surefire.booter.ForkedBooter.execute(ForkedBooter.java:162) ~[surefire-booter-3.5.2.jar:3.5.2]
	at org.apache.maven.surefire.booter.ForkedBooter.run(ForkedBooter.java:507) ~[surefire-booter-3.5.2.jar:3.5.2]
	at org.apache.maven.surefire.booter.ForkedBooter.main(ForkedBooter.java:495) ~[surefire-booter-3.5.2.jar:3.5.2]
Caused by: java.lang.ClassNotFoundException: com.sun.jna.platform.win32.Win32Exception
	at java.base/jdk.internal.loader.BuiltinClassLoader.loadClass(BuiltinClassLoader.java:641) ~[na:na]
	at java.base/jdk.internal.loader.ClassLoaders$AppClassLoader.loadClass(ClassLoaders.java:188) ~[na:na]
	at java.base/java.lang.ClassLoader.loadClass(ClassLoader.java:526) ~[na:na]
	... 84 common frames omitted

2025-04-09T18:09:17.601+01:00  WARN 86387 --- [HW1] [           main] io.cucumber.java.MethodScanner           : Failed to load methods of class 'net.bytebuddy.agent.VirtualMachine$ForHotSpot$Connection$ForJnaWindowsNamedPipe$Factory'.
By default Cucumber scans the entire classpath for step definitions.
You can restrict this by configuring the glue path.

Examples:
 - @CucumberOptions(glue = "com.example.application")
 - @ConfigurationParameter(key = GLUE_PROPERTY_NAME, value = "com.example.application") - src/test/resources/junit-platform.properties   cucumber.glue=com.example.application
 - src/test/resources/cucumber.properties         cucumber.glue=com.example.application


java.lang.NoClassDefFoundError: com/sun/jna/platform/win32/Win32Exception
	at java.base/java.lang.Class.getDeclaredMethods0(Native Method) ~[na:na]
	at java.base/java.lang.Class.privateGetDeclaredMethods(Class.java:3578) ~[na:na]
	at java.base/java.lang.Class.privateGetPublicMethods(Class.java:3603) ~[na:na]
	at java.base/java.lang.Class.getMethods(Class.java:2185) ~[na:na]
	at io.cucumber.java.MethodScanner.safelyGetMethods(MethodScanner.java:39) ~[cucumber-java-7.21.1.jar:7.21.1]
	at io.cucumber.java.MethodScanner.scan(MethodScanner.java:32) ~[cucumber-java-7.21.1.jar:7.21.1]
	at io.cucumber.java.JavaBackend.lambda$loadGlue$2(JavaBackend.java:41) ~[cucumber-java-7.21.1.jar:7.21.1]
	at java.base/java.util.stream.ForEachOps$ForEachOp$OfRef.accept(ForEachOps.java:184) ~[na:na]
	at java.base/java.util.stream.DistinctOps$1$2.accept(DistinctOps.java:174) ~[na:na]
	at java.base/java.util.ArrayList$ArrayListSpliterator.forEachRemaining(ArrayList.java:1708) ~[na:na]
	at java.base/java.util.stream.ReferencePipeline$Head.forEach(ReferencePipeline.java:762) ~[na:na]
	at java.base/java.util.stream.ReferencePipeline$7$1.accept(ReferencePipeline.java:276) ~[na:na]
	at java.base/java.util.stream.ReferencePipeline$3$1.accept(ReferencePipeline.java:197) ~[na:na]
	at java.base/java.util.stream.ReferencePipeline$3$1.accept(ReferencePipeline.java:197) ~[na:na]
	at java.base/java.util.stream.ReferencePipeline$2$1.accept(ReferencePipeline.java:179) ~[na:na]
	at java.base/java.util.ArrayList$ArrayListSpliterator.forEachRemaining(ArrayList.java:1708) ~[na:na]
	at java.base/java.util.stream.AbstractPipeline.copyInto(AbstractPipeline.java:509) ~[na:na]
	at java.base/java.util.stream.AbstractPipeline.wrapAndCopyInto(AbstractPipeline.java:499) ~[na:na]
	at java.base/java.util.stream.ForEachOps$ForEachOp.evaluateSequential(ForEachOps.java:151) ~[na:na]
	at java.base/java.util.stream.ForEachOps$ForEachOp$OfRef.evaluateSequential(ForEachOps.java:174) ~[na:na]
	at java.base/java.util.stream.AbstractPipeline.evaluate(AbstractPipeline.java:234) ~[na:na]
	at java.base/java.util.stream.ReferencePipeline.forEach(ReferencePipeline.java:596) ~[na:na]
	at io.cucumber.java.JavaBackend.loadGlue(JavaBackend.java:41) ~[cucumber-java-7.21.1.jar:7.21.1]
	at io.cucumber.core.runner.Runner.<init>(Runner.java:56) ~[cucumber-core-7.21.1.jar:7.21.1]
	at io.cucumber.core.runtime.SingletonRunnerSupplier.createRunner(SingletonRunnerSupplier.java:44) ~[cucumber-core-7.21.1.jar:7.21.1]
	at io.cucumber.core.runtime.SingletonRunnerSupplier.get(SingletonRunnerSupplier.java:35) ~[cucumber-core-7.21.1.jar:7.21.1]
	at io.cucumber.core.runtime.RethrowingThrowableCollector.executeAndThrow(RethrowingThrowableCollector.java:35) ~[cucumber-core-7.21.1.jar:7.21.1]
	at io.cucumber.core.runtime.CucumberExecutionContext.getRunner(CucumberExecutionContext.java:140) ~[cucumber-core-7.21.1.jar:7.21.1]
	at io.cucumber.core.runtime.CucumberExecutionContext.runBeforeAllHooks(CucumberExecutionContext.java:92) ~[cucumber-core-7.21.1.jar:7.21.1]
	at io.cucumber.junit.platform.engine.CucumberEngineExecutionContext.runBeforeAllHooks(CucumberEngineExecutionContext.java:103) ~[cucumber-junit-platform-engine-7.21.1.jar:na]
	at io.cucumber.junit.platform.engine.CucumberEngineDescriptor.ifChildren(CucumberEngineDescriptor.java:63) ~[cucumber-junit-platform-engine-7.21.1.jar:na]
	at io.cucumber.junit.platform.engine.CucumberEngineDescriptor.before(CucumberEngineDescriptor.java:38) ~[cucumber-junit-platform-engine-7.21.1.jar:na]
	at io.cucumber.junit.platform.engine.CucumberEngineDescriptor.before(CucumberEngineDescriptor.java:12) ~[cucumber-junit-platform-engine-7.21.1.jar:na]
	at org.junit.platform.engine.support.hierarchical.NodeTestTask.lambda$executeRecursively$6(NodeTestTask.java:153) ~[junit-platform-engine-1.12.0.jar:1.12.0]
	at org.junit.platform.engine.support.hierarchical.ThrowableCollector.execute(ThrowableCollector.java:73) ~[junit-platform-engine-1.12.0.jar:1.12.0]
	at org.junit.platform.engine.support.hierarchical.NodeTestTask.lambda$executeRecursively$8(NodeTestTask.java:146) ~[junit-platform-engine-1.12.0.jar:1.12.0]
	at org.junit.platform.engine.support.hierarchical.Node.around(Node.java:137) ~[junit-platform-engine-1.12.0.jar:1.12.0]
	at org.junit.platform.engine.support.hierarchical.NodeTestTask.lambda$executeRecursively$9(NodeTestTask.java:144) ~[junit-platform-engine-1.12.0.jar:1.12.0]
	at org.junit.platform.engine.support.hierarchical.ThrowableCollector.execute(ThrowableCollector.java:73) ~[junit-platform-engine-1.12.0.jar:1.12.0]
	at org.junit.platform.engine.support.hierarchical.NodeTestTask.executeRecursively(NodeTestTask.java:143) ~[junit-platform-engine-1.12.0.jar:1.12.0]
	at org.junit.platform.engine.support.hierarchical.NodeTestTask.execute(NodeTestTask.java:100) ~[junit-platform-engine-1.12.0.jar:1.12.0]
	at org.junit.platform.engine.support.hierarchical.SameThreadHierarchicalTestExecutorService.submit(SameThreadHierarchicalTestExecutorService.java:35) ~[junit-platform-engine-1.12.0.jar:1.12.0]
	at org.junit.platform.engine.support.hierarchical.HierarchicalTestExecutor.execute(HierarchicalTestExecutor.java:57) ~[junit-platform-engine-1.12.0.jar:1.12.0]
	at org.junit.platform.engine.support.hierarchical.HierarchicalTestEngine.execute(HierarchicalTestEngine.java:54) ~[junit-platform-engine-1.12.0.jar:1.12.0]
	at org.junit.platform.launcher.core.EngineExecutionOrchestrator.execute(EngineExecutionOrchestrator.java:201) ~[junit-platform-launcher-1.12.0.jar:1.12.0]
	at org.junit.platform.launcher.core.EngineExecutionOrchestrator.execute(EngineExecutionOrchestrator.java:170) ~[junit-platform-launcher-1.12.0.jar:1.12.0]
	at org.junit.platform.launcher.core.EngineExecutionOrchestrator.execute(EngineExecutionOrchestrator.java:94) ~[junit-platform-launcher-1.12.0.jar:1.12.0]
	at org.junit.platform.launcher.core.EngineExecutionOrchestrator.execute(EngineExecutionOrchestrator.java:77) ~[junit-platform-launcher-1.12.0.jar:1.12.0]
	at org.junit.platform.suite.engine.SuiteLauncher.execute(SuiteLauncher.java:63) ~[junit-platform-suite-engine-1.12.0.jar:1.12.0]
	at org.junit.platform.suite.engine.SuiteTestDescriptor.executeTests(SuiteTestDescriptor.java:173) ~[junit-platform-suite-engine-1.12.0.jar:1.12.0]
	at org.junit.platform.suite.engine.SuiteTestDescriptor.execute(SuiteTestDescriptor.java:142) ~[junit-platform-suite-engine-1.12.0.jar:1.12.0]
	at org.junit.platform.suite.engine.SuiteTestEngine.lambda$execute$0(SuiteTestEngine.java:73) ~[junit-platform-suite-engine-1.12.0.jar:1.12.0]
	at java.base/java.util.stream.ForEachOps$ForEachOp$OfRef.accept(ForEachOps.java:184) ~[na:na]
	at java.base/java.util.stream.ReferencePipeline$3$1.accept(ReferencePipeline.java:197) ~[na:na]
	at java.base/java.util.Iterator.forEachRemaining(Iterator.java:133) ~[na:na]
	at java.base/java.util.Spliterators$IteratorSpliterator.forEachRemaining(Spliterators.java:1939) ~[na:na]
	at java.base/java.util.stream.AbstractPipeline.copyInto(AbstractPipeline.java:509) ~[na:na]
	at java.base/java.util.stream.AbstractPipeline.wrapAndCopyInto(AbstractPipeline.java:499) ~[na:na]
	at java.base/java.util.stream.ForEachOps$ForEachOp.evaluateSequential(ForEachOps.java:151) ~[na:na]
	at java.base/java.util.stream.ForEachOps$ForEachOp$OfRef.evaluateSequential(ForEachOps.java:174) ~[na:na]
	at java.base/java.util.stream.AbstractPipeline.evaluate(AbstractPipeline.java:234) ~[na:na]
	at java.base/java.util.stream.ReferencePipeline.forEach(ReferencePipeline.java:596) ~[na:na]
	at org.junit.platform.suite.engine.SuiteTestEngine.execute(SuiteTestEngine.java:73) ~[junit-platform-suite-engine-1.12.0.jar:1.12.0]
	at org.junit.platform.launcher.core.EngineExecutionOrchestrator.execute(EngineExecutionOrchestrator.java:201) ~[junit-platform-launcher-1.12.0.jar:1.12.0]
	at org.junit.platform.launcher.core.EngineExecutionOrchestrator.execute(EngineExecutionOrchestrator.java:170) ~[junit-platform-launcher-1.12.0.jar:1.12.0]
	at org.junit.platform.launcher.core.EngineExecutionOrchestrator.execute(EngineExecutionOrchestrator.java:94) ~[junit-platform-launcher-1.12.0.jar:1.12.0]
	at org.junit.platform.launcher.core.EngineExecutionOrchestrator.lambda$execute$0(EngineExecutionOrchestrator.java:59) ~[junit-platform-launcher-1.12.0.jar:1.12.0]
	at org.junit.platform.launcher.core.EngineExecutionOrchestrator.withInterceptedStreams(EngineExecutionOrchestrator.java:142) ~[junit-platform-launcher-1.12.0.jar:1.12.0]
	at org.junit.platform.launcher.core.EngineExecutionOrchestrator.execute(EngineExecutionOrchestrator.java:58) ~[junit-platform-launcher-1.12.0.jar:1.12.0]
	at org.junit.platform.launcher.core.DefaultLauncher.execute(DefaultLauncher.java:103) ~[junit-platform-launcher-1.12.0.jar:1.12.0]
	at org.junit.platform.launcher.core.DefaultLauncher.execute(DefaultLauncher.java:85) ~[junit-platform-launcher-1.12.0.jar:1.12.0]
	at org.junit.platform.launcher.core.DelegatingLauncher.execute(DelegatingLauncher.java:47) ~[junit-platform-launcher-1.12.0.jar:1.12.0]
	at org.junit.platform.launcher.core.InterceptingLauncher.lambda$execute$1(InterceptingLauncher.java:39) ~[junit-platform-launcher-1.12.0.jar:1.12.0]
	at org.junit.platform.launcher.core.ClasspathAlignmentCheckingLauncherInterceptor.intercept(ClasspathAlignmentCheckingLauncherInterceptor.java:25) ~[junit-platform-launcher-1.12.0.jar:1.12.0]
	at org.junit.platform.launcher.core.InterceptingLauncher.execute(InterceptingLauncher.java:38) ~[junit-platform-launcher-1.12.0.jar:1.12.0]
	at org.junit.platform.launcher.core.DelegatingLauncher.execute(DelegatingLauncher.java:47) ~[junit-platform-launcher-1.12.0.jar:1.12.0]
	at org.apache.maven.surefire.junitplatform.LazyLauncher.execute(LazyLauncher.java:56) ~[surefire-junit-platform-3.5.2.jar:3.5.2]
	at org.apache.maven.surefire.junitplatform.JUnitPlatformProvider.execute(JUnitPlatformProvider.java:184) ~[surefire-junit-platform-3.5.2.jar:3.5.2]
	at org.apache.maven.surefire.junitplatform.JUnitPlatformProvider.invokeAllTests(JUnitPlatformProvider.java:148) ~[surefire-junit-platform-3.5.2.jar:3.5.2]
	at org.apache.maven.surefire.junitplatform.JUnitPlatformProvider.invoke(JUnitPlatformProvider.java:122) ~[surefire-junit-platform-3.5.2.jar:3.5.2]
	at org.apache.maven.surefire.booter.ForkedBooter.runSuitesInProcess(ForkedBooter.java:385) ~[surefire-booter-3.5.2.jar:3.5.2]
	at org.apache.maven.surefire.booter.ForkedBooter.execute(ForkedBooter.java:162) ~[surefire-booter-3.5.2.jar:3.5.2]
	at org.apache.maven.surefire.booter.ForkedBooter.run(ForkedBooter.java:507) ~[surefire-booter-3.5.2.jar:3.5.2]
	at org.apache.maven.surefire.booter.ForkedBooter.main(ForkedBooter.java:495) ~[surefire-booter-3.5.2.jar:3.5.2]
Caused by: java.lang.ClassNotFoundException: com.sun.jna.platform.win32.Win32Exception
	at java.base/jdk.internal.loader.BuiltinClassLoader.loadClass(BuiltinClassLoader.java:641) ~[na:na]
	at java.base/jdk.internal.loader.ClassLoaders$AppClassLoader.loadClass(ClassLoaders.java:188) ~[na:na]
	at java.base/java.lang.ClassLoader.loadClass(ClassLoader.java:526) ~[na:na]
	... 84 common frames omitted

2025-04-09T18:09:17.807+01:00  INFO 86387 --- [HW1] [           main] tqs.hw1.seleniumTests.Hooks              : Initializing WebDriver...
2025-04-09T18:09:18.385+01:00  INFO 86387 --- [HW1] [           main] i.g.bonigarcia.wdm.WebDriverManager      : Using chromedriver 135.0.7049.84 (resolved driver for Chrome 135)
2025-04-09T18:09:18.430+01:00  INFO 86387 --- [HW1] [           main] i.g.bonigarcia.wdm.WebDriverManager      : Exporting webdriver.chrome.driver as /home/carolina/.cache/selenium/chromedriver/linux64/135.0.7049.84/chromedriver
2025-04-09T18:09:19.967+01:00  WARN 86387 --- [HW1] [           main] o.o.selenium.devtools.CdpVersionFinder   : Unable to find an exact match for CDP version 135, returning the closest version; found: 133; Please update to a Selenium version that supports CDP version 135
2025-04-09T18:09:19.983+01:00  INFO 86387 --- [HW1] [           main] tqs.hw1.seleniumTests.Hooks              : WebDriver initialized successfully.
2025-04-09T18:09:19.999+01:00  INFO 86387 --- [HW1] [           main] tqs.hw1.seleniumTests.StepDefinitions    : Navigating to homepage...
2025-04-09T18:09:20.864+01:00  INFO 86387 --- [HW1] [           main] tqs.hw1.seleniumTests.StepDefinitions    : Navigated to homepage: http://localhost:3000/home
2025-04-09T18:09:20.865+01:00  INFO 86387 --- [HW1] [           main] tqs.hw1.seleniumTests.StepDefinitions    : Selecting restaurant from dropdown...
2025-04-09T18:09:21.061+01:00  INFO 86387 --- [HW1] [           main] tqs.hw1.seleniumTests.StepDefinitions    : Restaurant 'Cantina de Santiago' selected from dropdown.
2025-04-09T18:09:21.062+01:00  INFO 86387 --- [HW1] [           main] tqs.hw1.seleniumTests.StepDefinitions    : Selecting date for the meals...
2025-04-09T18:09:21.229+01:00  INFO 86387 --- [HW1] [           main] tqs.hw1.seleniumTests.StepDefinitions    : Date '12/04/2025' selected for meals.
2025-04-09T18:09:21.230+01:00  INFO 86387 --- [HW1] [           main] tqs.hw1.seleniumTests.StepDefinitions    : Confirming selection...
2025-04-09T18:09:21.374+01:00  INFO 86387 --- [HW1] [           main] tqs.hw1.seleniumTests.StepDefinitions    : Selection confirmed by clicking the confirm button.
2025-04-09T18:09:21.375+01:00  INFO 86387 --- [HW1] [           main] tqs.hw1.seleniumTests.StepDefinitions    : Verifying meals are displayed...
2025-04-09T18:09:21.480+01:00  INFO 86387 --- [HW1] [           main] tqs.hw1.seleniumTests.StepDefinitions    : Number of meal cards found: 1
2025-04-09T18:09:21.565+01:00  INFO 86387 --- [HW1] [           main] tqs.hw1.seleniumTests.StepDefinitions    : Description: Arroz de Marisco
2025-04-09T18:09:21.565+01:00  INFO 86387 --- [HW1] [           main] tqs.hw1.seleniumTests.StepDefinitions    : Meals displayed and validated successfully.
2025-04-09T18:09:21.565+01:00  INFO 86387 --- [HW1] [           main] tqs.hw1.seleniumTests.StepDefinitions    : Verifying weather forecast for the selected city and date...
2025-04-09T18:09:21.753+01:00  INFO 86387 --- [HW1] [           main] tqs.hw1.seleniumTests.StepDefinitions    : City 'Aveiro' entered.
2025-04-09T18:09:21.916+01:00  INFO 86387 --- [HW1] [           main] tqs.hw1.seleniumTests.StepDefinitions    : Date '12-04-2025' entered.
2025-04-09T18:09:22.047+01:00  INFO 86387 --- [HW1] [           main] tqs.hw1.seleniumTests.StepDefinitions    : Clicked confirm button.
2025-04-09T18:09:22.142+01:00  INFO 86387 --- [HW1] [           main] tqs.hw1.seleniumTests.StepDefinitions    : Weather summary content: Resumo Diário
Temperatura média: 16.1°C
Condições gerais: Rain, Overcast
2025-04-09T18:09:22.142+01:00  INFO 86387 --- [HW1] [           main] tqs.hw1.seleniumTests.StepDefinitions    : Weather forecast displayed successfully for 'Aveiro' on '2025-04-12'.
2025-04-09T18:09:22.142+01:00  INFO 86387 --- [HW1] [           main] tqs.hw1.seleniumTests.Hooks              : Tearing down WebDriver...
2025-04-09T18:09:22.252+01:00  INFO 86387 --- [HW1] [           main] tqs.hw1.seleniumTests.Hooks              : WebDriver quit successfully.
]]></system-out>
  </testcase>
  <testcase name="User makes a reservation for a meal" classname="View meals and weather forecast for selected restaurant" time="3.659">
    <system-out><![CDATA[2025-04-09T18:09:22.271+01:00  INFO 86387 --- [HW1] [           main] tqs.hw1.seleniumTests.Hooks              : Initializing WebDriver...
2025-04-09T18:09:22.290+01:00  INFO 86387 --- [HW1] [           main] i.g.bonigarcia.wdm.WebDriverManager      : Using chromedriver 135.0.7049.84 (resolved driver for Chrome 135)
2025-04-09T18:09:22.301+01:00  INFO 86387 --- [HW1] [           main] i.g.bonigarcia.wdm.WebDriverManager      : Exporting webdriver.chrome.driver as /home/carolina/.cache/selenium/chromedriver/linux64/135.0.7049.84/chromedriver
2025-04-09T18:09:23.167+01:00  WARN 86387 --- [HW1] [           main] o.o.selenium.devtools.CdpVersionFinder   : Unable to find an exact match for CDP version 135, returning the closest version; found: 133; Please update to a Selenium version that supports CDP version 135
2025-04-09T18:09:23.168+01:00  INFO 86387 --- [HW1] [           main] tqs.hw1.seleniumTests.Hooks              : WebDriver initialized successfully.
2025-04-09T18:09:23.169+01:00  INFO 86387 --- [HW1] [           main] tqs.hw1.seleniumTests.StepDefinitions    : Navigating to homepage...
2025-04-09T18:09:23.851+01:00  INFO 86387 --- [HW1] [           main] tqs.hw1.seleniumTests.StepDefinitions    : Navigated to homepage: http://localhost:3000/home
2025-04-09T18:09:23.852+01:00  INFO 86387 --- [HW1] [           main] tqs.hw1.seleniumTests.StepDefinitions    : Selecting restaurant from dropdown...
2025-04-09T18:09:23.989+01:00  INFO 86387 --- [HW1] [           main] tqs.hw1.seleniumTests.StepDefinitions    : Restaurant 'Cantina de Santiago' selected from dropdown.
2025-04-09T18:09:23.989+01:00  INFO 86387 --- [HW1] [           main] tqs.hw1.seleniumTests.StepDefinitions    : Selecting date for the meals...
2025-04-09T18:09:24.154+01:00  INFO 86387 --- [HW1] [           main] tqs.hw1.seleniumTests.StepDefinitions    : Date '12/04/2025' selected for meals.
2025-04-09T18:09:24.154+01:00  INFO 86387 --- [HW1] [           main] tqs.hw1.seleniumTests.StepDefinitions    : Confirming selection...
2025-04-09T18:09:24.296+01:00  INFO 86387 --- [HW1] [           main] tqs.hw1.seleniumTests.StepDefinitions    : Selection confirmed by clicking the confirm button.
2025-04-09T18:09:24.297+01:00  INFO 86387 --- [HW1] [           main] stepdefinitions.ReservationSteps         : Attempting to click on a meal to start reservation...
2025-04-09T18:09:24.982+01:00  INFO 86387 --- [HW1] [           main] stepdefinitions.ReservationSteps         : Successfully clicked the reservation button.
2025-04-09T18:09:24.983+01:00  INFO 86387 --- [HW1] [           main] stepdefinitions.ReservationSteps         : Verifying if the confirmation modal is displayed...
2025-04-09T18:09:25.035+01:00  INFO 86387 --- [HW1] [           main] stepdefinitions.ReservationSteps         : Confirmation modal is visible.
2025-04-09T18:09:25.036+01:00  INFO 86387 --- [HW1] [           main] stepdefinitions.ReservationSteps         : Attempting to confirm the reservation...
2025-04-09T18:09:25.158+01:00  INFO 86387 --- [HW1] [           main] stepdefinitions.ReservationSteps         : Reservation confirmed successfully.
2025-04-09T18:09:25.158+01:00  INFO 86387 --- [HW1] [           main] stepdefinitions.ReservationSteps         : Checking if success modal is displayed with reservation code...
2025-04-09T18:09:25.779+01:00  INFO 86387 --- [HW1] [           main] stepdefinitions.ReservationSteps         : Success modal is visible.
2025-04-09T18:09:25.835+01:00  INFO 86387 --- [HW1] [           main] stepdefinitions.ReservationSteps         : Success modal message: Reserva realizada com sucesso! Código de reserva: 1fa64d61-eb5b-4541-a1fa-9b503409619b
2025-04-09T18:09:25.836+01:00  INFO 86387 --- [HW1] [           main] stepdefinitions.ReservationSteps         : Reservation code found in success modal.
2025-04-09T18:09:25.836+01:00  INFO 86387 --- [HW1] [           main] tqs.hw1.seleniumTests.Hooks              : Tearing down WebDriver...
2025-04-09T18:09:25.920+01:00  INFO 86387 --- [HW1] [           main] tqs.hw1.seleniumTests.Hooks              : WebDriver quit successfully.
]]></system-out>
  </testcase>
  <testcase name="Food services worker verifies a reservation" classname="View meals and weather forecast for selected restaurant" time="2.25">
    <system-out><![CDATA[2025-04-09T18:09:25.936+01:00  INFO 86387 --- [HW1] [           main] tqs.hw1.seleniumTests.Hooks              : Initializing WebDriver...
2025-04-09T18:09:25.952+01:00  INFO 86387 --- [HW1] [           main] i.g.bonigarcia.wdm.WebDriverManager      : Using chromedriver 135.0.7049.84 (resolved driver for Chrome 135)
2025-04-09T18:09:25.960+01:00  INFO 86387 --- [HW1] [           main] i.g.bonigarcia.wdm.WebDriverManager      : Exporting webdriver.chrome.driver as /home/carolina/.cache/selenium/chromedriver/linux64/135.0.7049.84/chromedriver
2025-04-09T18:09:26.625+01:00  WARN 86387 --- [HW1] [           main] o.o.selenium.devtools.CdpVersionFinder   : Unable to find an exact match for CDP version 135, returning the closest version; found: 133; Please update to a Selenium version that supports CDP version 135
2025-04-09T18:09:26.627+01:00  INFO 86387 --- [HW1] [           main] tqs.hw1.seleniumTests.Hooks              : WebDriver initialized successfully.
2025-04-09T18:09:27.237+01:00  INFO 86387 --- [HW1] [           main] stepdefinitions.AdminVerificationSteps   : Navigated to the Admin Page.
2025-04-09T18:09:27.303+01:00  INFO 86387 --- [HW1] [           main] stepdefinitions.AdminVerificationSteps   : Pending reservations found: 2
2025-04-09T18:09:27.451+01:00  INFO 86387 --- [HW1] [           main] stepdefinitions.AdminVerificationSteps   : Clicked to mark reservation as used.
2025-04-09T18:09:28.063+01:00  INFO 86387 --- [HW1] [           main] stepdefinitions.AdminVerificationSteps   : Reservation marked as used.
2025-04-09T18:09:28.088+01:00  INFO 86387 --- [HW1] [           main] stepdefinitions.AdminVerificationSteps   : Verify button hidden after marking as used.
2025-04-09T18:09:28.089+01:00  INFO 86387 --- [HW1] [           main] tqs.hw1.seleniumTests.Hooks              : Tearing down WebDriver...
2025-04-09T18:09:28.170+01:00  INFO 86387 --- [HW1] [           main] tqs.hw1.seleniumTests.Hooks              : WebDriver quit successfully.
]]></system-out>
  </testcase>
  <testcase name="The user checks the active reservation and cancels it" classname="View meals and weather forecast for selected restaurant" time="2.349">
    <system-out><![CDATA[2025-04-09T18:09:28.179+01:00  INFO 86387 --- [HW1] [           main] tqs.hw1.seleniumTests.Hooks              : Initializing WebDriver...
2025-04-09T18:09:28.198+01:00  INFO 86387 --- [HW1] [           main] i.g.bonigarcia.wdm.WebDriverManager      : Using chromedriver 135.0.7049.84 (resolved driver for Chrome 135)
2025-04-09T18:09:28.204+01:00  INFO 86387 --- [HW1] [           main] i.g.bonigarcia.wdm.WebDriverManager      : Exporting webdriver.chrome.driver as /home/carolina/.cache/selenium/chromedriver/linux64/135.0.7049.84/chromedriver
2025-04-09T18:09:28.864+01:00  WARN 86387 --- [HW1] [           main] o.o.selenium.devtools.CdpVersionFinder   : Unable to find an exact match for CDP version 135, returning the closest version; found: 133; Please update to a Selenium version that supports CDP version 135
2025-04-09T18:09:28.865+01:00  INFO 86387 --- [HW1] [           main] tqs.hw1.seleniumTests.Hooks              : WebDriver initialized successfully.
2025-04-09T18:09:29.512+01:00  INFO 86387 --- [HW1] [           main] stepdefinitions.DetailsCancelSteps       : Navigated to the 'My Reservations' page
2025-04-09T18:09:29.563+01:00  INFO 86387 --- [HW1] [           main] stepdefinitions.DetailsCancelSteps       : Active reservations found: 1
2025-04-09T18:09:29.712+01:00  INFO 86387 --- [HW1] [           main] stepdefinitions.DetailsCancelSteps       : Cancel button clicked.
2025-04-09T18:09:29.835+01:00  INFO 86387 --- [HW1] [           main] stepdefinitions.DetailsCancelSteps       : Cancellation confirmed.
2025-04-09T18:09:30.370+01:00  INFO 86387 --- [HW1] [           main] stepdefinitions.DetailsCancelSteps       : Reservation successfully removed from the list.
2025-04-09T18:09:30.427+01:00  INFO 86387 --- [HW1] [           main] stepdefinitions.DetailsCancelSteps       : Success message displayed.
2025-04-09T18:09:30.427+01:00  INFO 86387 --- [HW1] [           main] tqs.hw1.seleniumTests.Hooks              : Tearing down WebDriver...
2025-04-09T18:09:30.519+01:00  INFO 86387 --- [HW1] [           main] tqs.hw1.seleniumTests.Hooks              : WebDriver quit successfully.
]]></system-out>
  </testcase>
</testsuite>