<?xml version="1.0" encoding="UTF-8"?>
<testsuite xmlns:xsi="http://www.w3.org/2001/XMLSchema-instance" xsi:noNamespaceSchemaLocation="https://maven.apache.org/surefire/maven-surefire-plugin/xsd/surefire-test-report.xsd" version="3.0.2" name="tqs.hw1.controller.containers.ReservationControllerTest" time="15.823" tests="1" errors="0" skipped="0" failures="0">
  <properties>
[...]
</properties>
  <testcase name="whenBookMeal_thenReservationIsCreated" classname="tqs.hw1.controller.containers.ReservationControllerTest" time="2.702">
    <system-out><![CDATA[Standard Commons Logging discovery in action with spring-jcl: please remove commons-logging.jar from classpath in order to avoid potential conflicts
17:58:19.330 [main] INFO org.springframework.test.context.support.AnnotationConfigContextLoaderUtils -- Could not detect default configuration classes for test class [tqs.hw1.controller.containers.ReservationControllerTest]: ReservationControllerTest does not declare any static, non-private, non-final, nested classes annotated with @Configuration.
17:58:19.557 [main] INFO org.springframework.boot.test.context.SpringBootTestContextBootstrapper -- Found @SpringBootConfiguration tqs.hw1.Hw1Application for test class tqs.hw1.controller.containers.ReservationControllerTest
17:58:19.786 [main] INFO org.testcontainers.images.PullPolicy -- Image pull policy will be performed by: DefaultPullPolicy()
17:58:19.791 [main] INFO org.testcontainers.utility.ImageNameSubstitutor -- Image name substitution will be performed by: DefaultImageNameSubstitutor (composite of 'ConfigurationFileImageNameSubstitutor' and 'PrefixingImageNameSubstitutor')
17:58:19.846 [main] INFO org.testcontainers.DockerClientFactory -- Testcontainers version: 1.20.5
17:58:20.272 [main] WARN org.testcontainers.dockerclient.DockerClientProviderStrategy -- DOCKER_HOST unix:///var/run/docker.sock is not listening
java.net.BindException: Permissão negada
	at java.base/sun.nio.ch.UnixDomainSockets.connect0(Native Method)
	at java.base/sun.nio.ch.UnixDomainSockets.connect(UnixDomainSockets.java:154)
	at java.base/sun.nio.ch.UnixDomainSockets.connect(UnixDomainSockets.java:150)
	at java.base/sun.nio.ch.SocketChannelImpl.connect(SocketChannelImpl.java:878)
	at java.base/java.nio.channels.SocketChannel.open(SocketChannel.java:285)
	at com.github.dockerjava.transport.UnixSocket.<init>(UnixSocket.java:45)
	at com.github.dockerjava.transport.UnixSocket.get(UnixSocket.java:27)
	at org.testcontainers.dockerclient.DockerClientProviderStrategy.lambda$test$2(DockerClientProviderStrategy.java:194)
	at org.testcontainers.dockerclient.DockerClientProviderStrategy.test(DockerClientProviderStrategy.java:208)
	at org.testcontainers.dockerclient.DockerClientProviderStrategy.tryOutStrategy(DockerClientProviderStrategy.java:284)
	at org.testcontainers.dockerclient.DockerClientProviderStrategy.lambda$getFirstValidStrategy$5(DockerClientProviderStrategy.java:263)
	at java.base/java.util.stream.ReferencePipeline$2$1.accept(ReferencePipeline.java:178)
	at java.base/java.util.stream.ReferencePipeline$2$1.accept(ReferencePipeline.java:179)
	at java.base/java.util.stream.ReferencePipeline$2$1.accept(ReferencePipeline.java:179)
	at java.base/java.util.ArrayList$ArrayListSpliterator.tryAdvance(ArrayList.java:1685)
	at java.base/java.util.stream.ReferencePipeline.forEachWithCancel(ReferencePipeline.java:129)
	at java.base/java.util.stream.AbstractPipeline.copyIntoWithCancel(AbstractPipeline.java:527)
	at java.base/java.util.stream.AbstractPipeline.copyInto(AbstractPipeline.java:513)
	at java.base/java.util.stream.AbstractPipeline.wrapAndCopyInto(AbstractPipeline.java:499)
	at java.base/java.util.stream.FindOps$FindOp.evaluateSequential(FindOps.java:150)
	at java.base/java.util.stream.AbstractPipeline.evaluate(AbstractPipeline.java:234)
	at java.base/java.util.stream.ReferencePipeline.findFirst(ReferencePipeline.java:647)
	at org.testcontainers.dockerclient.DockerClientProviderStrategy.getFirstValidStrategy(DockerClientProviderStrategy.java:264)
	at org.testcontainers.DockerClientFactory.getOrInitializeStrategy(DockerClientFactory.java:154)
	at org.testcontainers.DockerClientFactory.client(DockerClientFactory.java:196)
	at org.testcontainers.DockerClientFactory$1.getDockerClient(DockerClientFactory.java:108)
	at com.github.dockerjava.api.DockerClientDelegate.authConfig(DockerClientDelegate.java:109)
	at org.testcontainers.containers.GenericContainer.start(GenericContainer.java:321)
	at org.testcontainers.junit.jupiter.TestcontainersExtension$StoreAdapter.start(TestcontainersExtension.java:276)
	at org.testcontainers.junit.jupiter.TestcontainersExtension$StoreAdapter.access$200(TestcontainersExtension.java:263)
	at org.testcontainers.junit.jupiter.TestcontainersExtension.lambda$startContainers$4(TestcontainersExtension.java:83)
	at org.junit.platform.engine.support.store.NamespacedHierarchicalStore.lambda$getOrComputeIfAbsent$5(NamespacedHierarchicalStore.java:182)
	at org.junit.platform.engine.support.store.NamespacedHierarchicalStore$MemoizingSupplier.computeValue(NamespacedHierarchicalStore.java:422)
	at org.junit.platform.engine.support.store.NamespacedHierarchicalStore$MemoizingSupplier.get(NamespacedHierarchicalStore.java:411)
	at org.junit.platform.engine.support.store.NamespacedHierarchicalStore$StoredValue.evaluate(NamespacedHierarchicalStore.java:358)
	at org.junit.platform.engine.support.store.NamespacedHierarchicalStore$StoredValue.access$200(NamespacedHierarchicalStore.java:337)
	at org.junit.platform.engine.support.store.NamespacedHierarchicalStore.getOrComputeIfAbsent(NamespacedHierarchicalStore.java:185)
	at org.junit.jupiter.engine.execution.NamespaceAwareStore.lambda$getOrComputeIfAbsent$2(NamespaceAwareStore.java:57)
	at org.junit.jupiter.engine.execution.NamespaceAwareStore.accessStore(NamespaceAwareStore.java:90)
	at org.junit.jupiter.engine.execution.NamespaceAwareStore.getOrComputeIfAbsent(NamespaceAwareStore.java:57)
	at org.testcontainers.junit.jupiter.TestcontainersExtension.lambda$startContainers$5(TestcontainersExtension.java:83)
	at java.base/java.util.ArrayList.forEach(ArrayList.java:1596)
	at org.testcontainers.junit.jupiter.TestcontainersExtension.startContainers(TestcontainersExtension.java:83)
	at org.testcontainers.junit.jupiter.TestcontainersExtension.beforeAll(TestcontainersExtension.java:57)
	at org.junit.jupiter.engine.descriptor.ClassBasedTestDescriptor.lambda$invokeBeforeAllCallbacks$13(ClassBasedTestDescriptor.java:396)
	at org.junit.platform.engine.support.hierarchical.ThrowableCollector.execute(ThrowableCollector.java:73)
	at org.junit.jupiter.engine.descriptor.ClassBasedTestDescriptor.invokeBeforeAllCallbacks(ClassBasedTestDescriptor.java:396)
	at org.junit.jupiter.engine.descriptor.ClassBasedTestDescriptor.before(ClassBasedTestDescriptor.java:212)
	at org.junit.jupiter.engine.descriptor.ClassBasedTestDescriptor.before(ClassBasedTestDescriptor.java:85)
	at org.junit.platform.engine.support.hierarchical.NodeTestTask.lambda$executeRecursively$6(NodeTestTask.java:153)
	at org.junit.platform.engine.support.hierarchical.ThrowableCollector.execute(ThrowableCollector.java:73)
	at org.junit.platform.engine.support.hierarchical.NodeTestTask.lambda$executeRecursively$8(NodeTestTask.java:146)
	at org.junit.platform.engine.support.hierarchical.Node.around(Node.java:137)
	at org.junit.platform.engine.support.hierarchical.NodeTestTask.lambda$executeRecursively$9(NodeTestTask.java:144)
	at org.junit.platform.engine.support.hierarchical.ThrowableCollector.execute(ThrowableCollector.java:73)
	at org.junit.platform.engine.support.hierarchical.NodeTestTask.executeRecursively(NodeTestTask.java:143)
	at org.junit.platform.engine.support.hierarchical.NodeTestTask.execute(NodeTestTask.java:100)
	at java.base/java.util.ArrayList.forEach(ArrayList.java:1596)
	at org.junit.platform.engine.support.hierarchical.SameThreadHierarchicalTestExecutorService.invokeAll(SameThreadHierarchicalTestExecutorService.java:41)
	at org.junit.platform.engine.support.hierarchical.NodeTestTask.lambda$executeRecursively$6(NodeTestTask.java:160)
	at org.junit.platform.engine.support.hierarchical.ThrowableCollector.execute(ThrowableCollector.java:73)
	at org.junit.platform.engine.support.hierarchical.NodeTestTask.lambda$executeRecursively$8(NodeTestTask.java:146)
	at org.junit.platform.engine.support.hierarchical.Node.around(Node.java:137)
	at org.junit.platform.engine.support.hierarchical.NodeTestTask.lambda$executeRecursively$9(NodeTestTask.java:144)
	at org.junit.platform.engine.support.hierarchical.ThrowableCollector.execute(ThrowableCollector.java:73)
	at org.junit.platform.engine.support.hierarchical.NodeTestTask.executeRecursively(NodeTestTask.java:143)
	at org.junit.platform.engine.support.hierarchical.NodeTestTask.execute(NodeTestTask.java:100)
	at org.junit.platform.engine.support.hierarchical.SameThreadHierarchicalTestExecutorService.submit(SameThreadHierarchicalTestExecutorService.java:35)
	at org.junit.platform.engine.support.hierarchical.HierarchicalTestExecutor.execute(HierarchicalTestExecutor.java:57)
	at org.junit.platform.engine.support.hierarchical.HierarchicalTestEngine.execute(HierarchicalTestEngine.java:54)
	at org.junit.platform.launcher.core.EngineExecutionOrchestrator.execute(EngineExecutionOrchestrator.java:198)
	at org.junit.platform.launcher.core.EngineExecutionOrchestrator.execute(EngineExecutionOrchestrator.java:169)
	at org.junit.platform.launcher.core.EngineExecutionOrchestrator.execute(EngineExecutionOrchestrator.java:93)
	at org.junit.platform.launcher.core.EngineExecutionOrchestrator.lambda$execute$0(EngineExecutionOrchestrator.java:58)
	at org.junit.platform.launcher.core.EngineExecutionOrchestrator.withInterceptedStreams(EngineExecutionOrchestrator.java:141)
	at org.junit.platform.launcher.core.EngineExecutionOrchestrator.execute(EngineExecutionOrchestrator.java:57)
	at org.junit.platform.launcher.core.DefaultLauncher.execute(DefaultLauncher.java:103)
	at org.junit.platform.launcher.core.DefaultLauncher.execute(DefaultLauncher.java:85)
	at org.junit.platform.launcher.core.DelegatingLauncher.execute(DelegatingLauncher.java:47)
	at org.apache.maven.surefire.junitplatform.LazyLauncher.execute(LazyLauncher.java:56)
	at org.apache.maven.surefire.junitplatform.JUnitPlatformProvider.execute(JUnitPlatformProvider.java:184)
	at org.apache.maven.surefire.junitplatform.JUnitPlatformProvider.invokeAllTests(JUnitPlatformProvider.java:148)
	at org.apache.maven.surefire.junitplatform.JUnitPlatformProvider.invoke(JUnitPlatformProvider.java:122)
	at org.apache.maven.surefire.booter.ForkedBooter.runSuitesInProcess(ForkedBooter.java:385)
	at org.apache.maven.surefire.booter.ForkedBooter.execute(ForkedBooter.java:162)
	at org.apache.maven.surefire.booter.ForkedBooter.run(ForkedBooter.java:507)
	at org.apache.maven.surefire.booter.ForkedBooter.main(ForkedBooter.java:495)
17:58:20.801 [main] INFO org.testcontainers.dockerclient.DockerClientProviderStrategy -- Found Docker environment with Docker accessed via Unix socket (/home/carolina/.docker/desktop/docker.sock)
17:58:20.803 [main] INFO org.testcontainers.DockerClientFactory -- Docker host IP address is localhost
17:58:20.847 [main] INFO org.testcontainers.DockerClientFactory -- Connected to docker: 
  Server Version: 27.1.1
  API Version: 1.46
  Operating System: Docker Desktop
  Total Memory: 2378 MB
  Labels: 
    com.docker.desktop.address=unix:///home/carolina/.docker/desktop/docker-cli.sock
17:58:20.998 [main] INFO tc.testcontainers/ryuk:0.11.0 -- Creating container for image: testcontainers/ryuk:0.11.0
17:58:21.034 [main] INFO org.testcontainers.utility.RegistryAuthLocator -- Credential helper/store (docker-credential-desktop) does not have credentials for https://index.docker.io/v1/
17:58:21.266 [main] INFO tc.testcontainers/ryuk:0.11.0 -- Container testcontainers/ryuk:0.11.0 is starting: ec0279c27689ce28331692f713617c0b196adbe90ed13c9f22697b49aba536a6
17:58:22.396 [main] INFO tc.testcontainers/ryuk:0.11.0 -- Container testcontainers/ryuk:0.11.0 started in PT1.397328907S
17:58:22.405 [main] INFO org.testcontainers.utility.RyukResourceReaper -- Ryuk started - will monitor and terminate Testcontainers containers on JVM exit
17:58:22.406 [main] INFO org.testcontainers.DockerClientFactory -- Checking the system...
17:58:22.407 [main] INFO org.testcontainers.DockerClientFactory -- ✔︎ Docker server version should be at least 1.6.0
17:58:22.408 [main] INFO tc.postgres:15.2 -- Creating container for image: postgres:15.2
17:58:22.517 [main] INFO tc.postgres:15.2 -- Container postgres:15.2 is starting: 1d8a26304865196e9be32937e4fc118aef491e46bdabf74b1c2081d4185e9218
17:58:25.212 [main] INFO tc.postgres:15.2 -- Container postgres:15.2 started in PT2.8042508S
17:58:25.213 [main] INFO tc.postgres:15.2 -- Container is started (JDBC URL: jdbc:postgresql://localhost:33399/test?loggerLevel=OFF)
17:58:25.298 [main] INFO org.springframework.boot.devtools.restart.RestartApplicationListener -- Restart disabled due to context in which it is running

  .   ____          _            __ _ _
 /\\ / ___'_ __ _ _(_)_ __  __ _ \ \ \ \
( ( )\___ | '_ | '_| | '_ \/ _` | \ \ \ \
 \\/  ___)| |_)| | | | | || (_| |  ) ) ) )
  '  |____| .__|_| |_|_| |_\__, | / / / /
 =========|_|==============|___/=/_/_/_/

 :: Spring Boot ::                (v3.4.3)

2025-03-25T17:58:25.710Z  INFO 63451 --- [HW1] [           main] t.h.c.c.ReservationControllerTest        : Starting ReservationControllerTest using Java 21.0.6 with PID 63451 (started by carolina in /home/carolina/UA/3ANO/2SEMESTRE/TQS/Labs/TQS/HW1/backend)
2025-03-25T17:58:25.712Z  INFO 63451 --- [HW1] [           main] t.h.c.c.ReservationControllerTest        : No active profile set, falling back to 1 default profile: "default"
2025-03-25T17:58:26.862Z  INFO 63451 --- [HW1] [           main] .s.d.r.c.RepositoryConfigurationDelegate : Bootstrapping Spring Data JPA repositories in DEFAULT mode.
2025-03-25T17:58:26.965Z  INFO 63451 --- [HW1] [           main] .s.d.r.c.RepositoryConfigurationDelegate : Finished Spring Data repository scanning in 88 ms. Found 3 JPA repository interfaces.
2025-03-25T17:58:27.833Z  INFO 63451 --- [HW1] [           main] o.s.b.w.embedded.tomcat.TomcatWebServer  : Tomcat initialized with port 0 (http)
2025-03-25T17:58:27.859Z  INFO 63451 --- [HW1] [           main] o.apache.catalina.core.StandardService   : Starting service [Tomcat]
2025-03-25T17:58:27.860Z  INFO 63451 --- [HW1] [           main] o.apache.catalina.core.StandardEngine    : Starting Servlet engine: [Apache Tomcat/10.1.36]
2025-03-25T17:58:27.932Z  INFO 63451 --- [HW1] [           main] o.a.c.c.C.[Tomcat].[localhost].[/]       : Initializing Spring embedded WebApplicationContext
2025-03-25T17:58:27.934Z  INFO 63451 --- [HW1] [           main] w.s.c.ServletWebServerApplicationContext : Root WebApplicationContext: initialization completed in 1921 ms
Standard Commons Logging discovery in action with spring-jcl: please remove commons-logging.jar from classpath in order to avoid potential conflicts
2025-03-25T17:58:28.305Z  INFO 63451 --- [HW1] [           main] com.zaxxer.hikari.HikariDataSource       : HikariPool-1 - Starting...
2025-03-25T17:58:28.544Z  INFO 63451 --- [HW1] [           main] com.zaxxer.hikari.pool.HikariPool        : HikariPool-1 - Added connection conn0: url=jdbc:h2:mem:testdb user=SA
2025-03-25T17:58:28.546Z  INFO 63451 --- [HW1] [           main] com.zaxxer.hikari.HikariDataSource       : HikariPool-1 - Start completed.
2025-03-25T17:58:28.620Z  INFO 63451 --- [HW1] [           main] org.flywaydb.core.FlywayExecutor         : Database: jdbc:h2:mem:testdb (H2 2.3)
2025-03-25T17:58:28.628Z  WARN 63451 --- [HW1] [           main] o.f.c.internal.database.base.Database    : Flyway upgrade recommended: H2 2.3.232 is newer than this version of Flyway and support has not been tested. The latest supported version of H2 is 2.2.224.
2025-03-25T17:58:28.659Z  INFO 63451 --- [HW1] [           main] o.f.c.i.s.JdbcTableSchemaHistory         : Schema history table "PUBLIC"."flyway_schema_history" does not exist yet
2025-03-25T17:58:28.662Z  INFO 63451 --- [HW1] [           main] o.f.core.internal.command.DbValidate     : Successfully validated 1 migration (execution time 00:00.019s)
2025-03-25T17:58:28.675Z  INFO 63451 --- [HW1] [           main] o.f.c.i.s.JdbcTableSchemaHistory         : Creating Schema History table "PUBLIC"."flyway_schema_history" ...
2025-03-25T17:58:28.749Z  INFO 63451 --- [HW1] [           main] o.f.core.internal.command.DbMigrate      : Current version of schema "PUBLIC": << Empty Schema >>
2025-03-25T17:58:28.763Z  INFO 63451 --- [HW1] [           main] o.f.core.internal.command.DbMigrate      : Migrating schema "PUBLIC" to version "1 - init"
2025-03-25T17:58:28.825Z  INFO 63451 --- [HW1] [           main] o.f.core.internal.command.DbMigrate      : Successfully applied 1 migration to schema "PUBLIC", now at version v1 (execution time 00:00.031s)
2025-03-25T17:58:28.983Z  INFO 63451 --- [HW1] [           main] o.hibernate.jpa.internal.util.LogHelper  : HHH000204: Processing PersistenceUnitInfo [name: default]
2025-03-25T17:58:29.058Z  INFO 63451 --- [HW1] [           main] org.hibernate.Version                    : HHH000412: Hibernate ORM core version 6.6.8.Final
2025-03-25T17:58:29.109Z  INFO 63451 --- [HW1] [           main] o.h.c.internal.RegionFactoryInitiator    : HHH000026: Second-level cache disabled
2025-03-25T17:58:29.501Z  INFO 63451 --- [HW1] [           main] o.s.o.j.p.SpringPersistenceUnitInfo      : No LoadTimeWeaver setup: ignoring JPA class transformer
2025-03-25T17:58:29.604Z  INFO 63451 --- [HW1] [           main] org.hibernate.orm.connections.pooling    : HHH10001005: Database info:
	Database JDBC URL [Connecting through datasource 'HikariDataSource (HikariPool-1)']
	Database driver: undefined/unknown
	Database version: 2.3.232
	Autocommit mode: undefined/unknown
	Isolation level: undefined/unknown
	Minimum pool size: undefined/unknown
	Maximum pool size: undefined/unknown
2025-03-25T17:58:30.585Z  INFO 63451 --- [HW1] [           main] o.h.e.t.j.p.i.JtaPlatformInitiator       : HHH000489: No JTA platform available (set 'hibernate.transaction.jta.platform' to enable JTA platform integration)
Hibernate: drop table if exists meal cascade 
Hibernate: drop table if exists reservation cascade 
Hibernate: drop table if exists restaurant cascade 
Hibernate: create table meal (date date, id bigint generated by default as identity, restaurant_id bigint, description varchar(255), primary key (id))
Hibernate: create table reservation (used boolean not null, id bigint generated by default as identity, meal_id bigint, reservation_date timestamp(6), code varchar(255), primary key (id))
Hibernate: create table restaurant (id bigint generated by default as identity, external_menu_url varchar(255), location varchar(255), name varchar(255), primary key (id))
Hibernate: alter table if exists meal add constraint FKcd9jk7bc83ep499vvqepldy9g foreign key (restaurant_id) references restaurant
Hibernate: alter table if exists reservation add constraint FKcbopybh7ci4xynox3e2tg48l7 foreign key (meal_id) references meal
2025-03-25T17:58:30.622Z  INFO 63451 --- [HW1] [           main] j.LocalContainerEntityManagerFactoryBean : Initialized JPA EntityManagerFactory for persistence unit 'default'
2025-03-25T17:58:31.074Z  WARN 63451 --- [HW1] [           main] JpaBaseConfiguration$JpaWebConfiguration : spring.jpa.open-in-view is enabled by default. Therefore, database queries may be performed during view rendering. Explicitly configure spring.jpa.open-in-view to disable this warning
2025-03-25T17:58:31.777Z  INFO 63451 --- [HW1] [           main] o.s.b.w.embedded.tomcat.TomcatWebServer  : Tomcat started on port 40583 (http) with context path '/'
2025-03-25T17:58:31.792Z  INFO 63451 --- [HW1] [           main] t.h.c.c.ReservationControllerTest        : Started ReservationControllerTest in 6.512 seconds (process running for 13.719)
2025-03-25T17:58:33.819Z  INFO 63451 --- [HW1] [o-auto-1-exec-1] o.a.c.c.C.[Tomcat].[localhost].[/]       : Initializing Spring DispatcherServlet 'dispatcherServlet'
2025-03-25T17:58:33.819Z  INFO 63451 --- [HW1] [o-auto-1-exec-1] o.s.web.servlet.DispatcherServlet        : Initializing Servlet 'dispatcherServlet'
2025-03-25T17:58:33.821Z  INFO 63451 --- [HW1] [o-auto-1-exec-1] o.s.web.servlet.DispatcherServlet        : Completed initialization in 2 ms
Hibernate: insert into restaurant (external_menu_url,location,name,id) values (?,?,?,default)
Hibernate: select m1_0.id,m1_0.date,m1_0.description,m1_0.restaurant_id from meal m1_0
]]></system-out>
    <system-err><![CDATA[Mockito is currently self-attaching to enable the inline-mock-maker. This will no longer work in future releases of the JDK. Please add Mockito as an agent to your build what is described in Mockito's documentation: https://javadoc.io/doc/org.mockito/mockito-core/latest/org/mockito/Mockito.html#0.3
WARNING: A Java agent has been loaded dynamically (/home/carolina/.m2/repository/net/bytebuddy/byte-buddy-agent/1.15.11/byte-buddy-agent-1.15.11.jar)
WARNING: If a serviceability tool is in use, please run with -XX:+EnableDynamicAgentLoading to hide this warning
WARNING: If a serviceability tool is not in use, please run with -Djdk.instrument.traceUsage for more information
WARNING: Dynamic loading of agents will be disallowed by default in a future release
]]></system-err>
  </testcase>
</testsuite>