<?xml version="1.0" encoding="UTF-8"?>
<testsuite xmlns:xsi="http://www.w3.org/2001/XMLSchema-instance" xsi:noNamespaceSchemaLocation="https://maven.apache.org/surefire/maven-surefire-plugin/xsd/surefire-test-report.xsd" version="3.0.2" name="tqs.hw1.service.MealServiceTest" time="0.175" tests="5" errors="0" skipped="0" failures="0">
  <properties>
[...]
</properties>
  <testcase name="testSaveMeal" classname="tqs.hw1.service.MealServiceTest" time="0.155"/>
  <testcase name="testGetAllMeals" classname="tqs.hw1.service.MealServiceTest" time="0.004"/>
  <testcase name="testExistsById" classname="tqs.hw1.service.MealServiceTest" time="0.003"/>
  <testcase name="testGetMealById" classname="tqs.hw1.service.MealServiceTest" time="0.004"/>
  <testcase name="testDeleteMeal" classname="tqs.hw1.service.MealServiceTest" time="0.005"/>
</testsuite>