-------------------------------------------------------------------------------
Test set: tqs.hw1.controller.containers.WeatherControllerTest
-------------------------------------------------------------------------------
Tests run: 1, Failures: 1, Errors: 0, Skipped: 0, Time elapsed: 6.611 s <<< FAILURE! -- in tqs.hw1.controller.containers.WeatherControllerTest
tqs.hw1.controller.containers.WeatherControllerTest.whenGetWeatherForCityAndDate_thenReturnWeather -- Time elapsed: 2.458 s <<< FAILURE!
java.lang.AssertionError: 
1 expectation failed.
Response body doesn't match expectation.
Expected: "Sunny"
  Actual: {"queryCost":1,"latitude":38.7264,"longitude":-9.14949,"resolvedAddress":"Lisboa, Portugal","address":"Lisbon","timezone":"Europe/Lisbon","tzoffset":0.0,"days":[{"datetime":"2025-03-25","datetimeEpoch":1742860800,"tempmax":19.1,"tempmin":10.7,"temp":14.5,"feelslikemax":19.1,"feelslikemin":10.7,"feelslike":14.5,"dew":9.0,"humidity":70.9,"precip":0.0,"precipprob":0.0,"precipcover":0.0,"preciptype":null,"snow":0.0,"snowdepth":0.0,"windgust":21.2,"windspeed":19.4,"winddir":344.8,"pressure":1022.6,"cloudcover":16.4,"visibility":17.1,"solarradiation":256.7,"solarenergy":22.2,"uvindex":8.0,"severerisk":10.0,"sunrise":"06:32:02","sunriseEpoch":1742884322,"sunset":"18:53:39","sunsetEpoch":1742928819,"moonphase":0.87,"conditions":"Clear","description":"Clear conditions throughout the day.","icon":"clear-day","stations":["LPST","LPAR","LPMT","LPPT"],"source":"comb","hours":[{"datetime":"00:00:00","datetimeEpoch":1742860800,"temp":11.0,"feelslike":11.0,"humidity":87.47,"dew":9.0,"precip":0.0,"precipprob":0.0,"snow":0.0,"snowdepth":0.0,"preciptype":null,"windgust":15.1,"windspeed":13.6,"winddir":320.0,"pressure":1023.0,"visibility":10.0,"cloudcover":25.0,"solarradiation":0.0,"solarenergy":0.0,"uvindex":0.0,"severerisk":10.0,"conditions":"Partially cloudy","icon":"partly-cloudy-night","stations":["LPMT","LPPT"],"source":"obs"},{"datetime":"01:00:00","datetimeEpoch":1742864400,"temp":11.0,"feelslike":11.0,"humidity":87.47,"dew":9.0,"precip":0.0,"precipprob":0.0,"snow":0.0,"snowdepth":0.0,"preciptype":null,"windgust":15.1,"windspeed":12.2,"winddir":330.0,"pressure":1022.0,"visibility":10.0,"cloudcover":25.0,"solarradiation":0.0,"solarenergy":0.0,"uvindex":0.0,"severerisk":10.0,"conditions":"Partially cloudy","icon":"partly-cloudy-night","stations":["LPMT","LPPT"],"source":"obs"},{"datetime":"02:00:00","datetimeEpoch":1742868000,"temp":11.2,"feelslike":11.2,"humidity":86.2,"dew":9.0,"precip":0.0,"precipprob":0.0,"snow":0.0,"snowdepth":0.0,"preciptype":null,"windgust":14.8,"windspeed":14.0,"winddir":320.0,"pressure":1022.0,"visibility":10.0,"cloudcover":25.0,"solarradiation":0.0,"solarenergy":0.0,"uvindex":0.0,"severerisk":10.0,"conditions":"Partially cloudy","icon":"partly-cloudy-night","stations":["LPMT","LPPT"],"source":"obs"},{"datetime":"03:00:00","datetimeEpoch":1742871600,"temp":11.0,"feelslike":11.0,"humidity":87.47,"dew":9.0,"precip":0.0,"precipprob":0.0,"snow":0.0,"snowdepth":0.0,"preciptype":null,"windgust":13.3,"windspeed":10.4,"winddir":320.0,"pressure":1021.8,"visibility":10.0,"cloudcover":39.8,"solarradiation":0.0,"solarenergy":0.0,"uvindex":0.0,"severerisk":10.0,"conditions":"Partially cloudy","icon":"partly-cloudy-night","stations":["LPMT","LPPT"],"source":"obs"},{"datetime":"04:00:00","datetimeEpoch":1742875200,"temp":10.7,"feelslike":10.7,"humidity":87.45,"dew":8.7,"precip":0.0,"precipprob":0.0,"snow":0.0,"snowdepth":0.0,"preciptype":null,"windgust":11.9,"windspeed":19.4,"winddir":328.0,"pressure":1021.0,"visibility":10.0,"cloudcover":36.3,"solarradiation":0.0,"solarenergy":0.0,"uvindex":0.0,"severerisk":10.0,"conditions":"Partially cloudy","icon":"partly-cloudy-night","stations":["LPMT","LPPT"],"source":"obs"},{"datetime":"05:00:00","datetimeEpoch":1742878800,"temp":11.0,"feelslike":11.0,"humidity":87.47,"dew":9.0,"precip":0.0,"precipprob":0.0,"snow":0.0,"snowdepth":0.0,"preciptype":null,"windgust":13.3,"windspeed":19.4,"winddir":322.0,"pressure":1021.0,"visibility":10.0,"cloudcover":35.8,"solarradiation":0.0,"solarenergy":0.0,"uvindex":0.0,"severerisk":10.0,"conditions":"Partially cloudy","icon":"partly-cloudy-night","stations":["LPMT","LPPT"],"source":"obs"},{"datetime":"06:00:00","datetimeEpoch":1742882400,"temp":11.7,"feelslike":11.7,"humidity":83.08,"dew":9.0,"precip":0.0,"precipprob":0.0,"snow":0.0,"snowdepth":0.0,"preciptype":null,"windgust":13.3,"windspeed":16.4,"winddir":337.0,"pressure":1021.8,"visibility":10.0,"cloudcover":25.0,"solarradiation":0.0,"solarenergy":0.0,"uvindex":0.0,"severerisk":10.0,"conditions":"Partially cloudy","icon":"partly-cloudy-night","stations":["LPMT","LPPT"],"source":"obs"},{"datetime":"07:00:00","datetimeEpoch":1742886000,"temp":11.7,"feelslike":11.7,"humidity":83.08,"dew":9.0,"precip":0.0,"precipprob":0.0,"snow":0.0,"snowdepth":0.0,"preciptype":null,"windgust":11.5,"windspeed":11.9,"winddir":320.0,"pressure":1022.0,"visibility":10.0,"cloudcover":25.0,"solarradiation":6.0,"solarenergy":0.0,"uvindex":0.0,"severerisk":10.0,"conditions":"Partially cloudy","icon":"partly-cloudy-day","stations":["LPMT","LPPT"],"source":"obs"},{"datetime":"08:00:00","datetimeEpoch":1742889600,"temp":12.0,"feelslike":12.0,"humidity":88.77,"dew":10.2,"precip":0.0,"precipprob":0.0,"snow":0.0,"snowdepth":0.0,"preciptype":null,"windgust":9.0,"windspeed":12.3,"winddir":331.0,"pressure":1022.8,"visibility":10.0,"cloudcover":26.9,"solarradiation":128.0,"solarenergy":0.5,"uvindex":1.0,"severerisk":10.0,"conditions":"Partially cloudy","icon":"partly-cloudy-day","stations":["LPST","LPMT","LPPT"],"source":"obs"},{"datetime":"09:00:00","datetimeEpoch":1742893200,"temp":13.9,"feelslike":13.9,"humidity":80.42,"dew":10.6,"precip":0.0,"precipprob":0.0,"snow":0.0,"snowdepth":0.0,"preciptype":null,"windgust":12.2,"windspeed":17.6,"winddir":352.0,"pressure":1023.0,"visibility":10.0,"cloudcover":26.8,"solarradiation":333.0,"solarenergy":1.2,"uvindex":3.0,"severerisk":10.0,"conditions":"Partially cloudy","icon":"partly-cloudy-day","stations":["LPST","LPAR","LPMT","LPPT"],"source":"obs"},{"datetime":"10:00:00","datetimeEpoch":1742896800,"temp":15.0,"feelslike":15.0,"humidity":76.37,"dew":10.9,"precip":0.0,"precipprob":0.0,"snow":0.0,"snowdepth":0.0,"preciptype":null,"windgust":14.0,"windspeed":15.1,"winddir":359.0,"pressure":1023.7,"visibility":10.0,"cloudcover":26.8,"solarradiation":528.0,"solarenergy":1.9,"uvindex":5.0,"severerisk":10.0,"conditions":"Partially cloudy","icon":"partly-cloudy-day","stations":["LPST","LPAR","LPMT","LPPT"],"source":"obs"},{"datetime":"11:00:00","datetimeEpoch":1742900400,"temp":16.0,"feelslike":16.0,"humidity":68.26,"dew":10.2,"precip":0.0,"precipprob":0.0,"snow":0.0,"snowdepth":0.0,"preciptype":null,"windgust":13.7,"windspeed":14.3,"winddir":19.0,"pressure":1023.1,"visibility":10.0,"cloudcover":43.7,"solarradiation":688.0,"solarenergy":2.5,"uvindex":7.0,"severerisk":10.0,"conditions":"Partially cloudy","icon":"partly-cloudy-day","stations":["LPST","LPAR","LPMT","LPPT"],"source":"obs"},{"datetime":"12:00:00","datetimeEpoch":1742904000,"temp":16.7,"feelslike":16.7,"humidity":61.64,"dew":9.3,"precip":0.0,"precipprob":0.0,"snow":0.0,"snowdepth":0.0,"preciptype":null,"windgust":14.0,"windspeed":7.6,"winddir":45.7,"pressure":1023.0,"visibility":24.1,"cloudcover":0.0,"solarradiation":795.0,"solarenergy":2.9,"uvindex":8.0,"severerisk":10.0,"conditions":"Clear","icon":"clear-day","stations":null,"source":"fcst"},{"datetime":"13:00:00","datetimeEpoch":1742907600,"temp":17.7,"feelslike":17.7,"humidity":54.82,"dew":8.5,"precip":0.0,"precipprob":0.0,"snow":0.0,"snowdepth":0.0,"preciptype":null,"windgust":15.1,"windspeed":8.3,"winddir":45.7,"pressure":1023.0,"visibility":24.1,"cloudcover":0.0,"solarradiation":842.0,"solarenergy":3.0,"uvindex":8.0,"severerisk":10.0,"conditions":"Clear","icon":"clear-day","stations":null,"source":"fcst"},{"datetime":"14:00:00","datetimeEpoch":1742911200,"temp":18.3,"feelslike":18.3,"humidity":50.68,"dew":7.9,"precip":0.0,"precipprob":0.0,"snow":0.0,"snowdepth":0.0,"preciptype":null,"windgust":15.5,"windspeed":8.3,"winddir":48.1,"pressure":1023.0,"visibility":24.1,"cloudcover":21.7,"solarradiation":825.0,"solarenergy":3.0,"uvindex":8.0,"severerisk":10.0,"conditions":"Partially cloudy","icon":"partly-cloudy-day","stations":null,"source":"fcst"},{"datetime":"15:00:00","datetimeEpoch":1742914800,"temp":18.8,"feelslike":18.8,"humidity":48.79,"dew":7.8,"precip":0.0,"precipprob":0.0,"snow":0.0,"snowdepth":0.0,"preciptype":null,"windgust":15.1,"windspeed":8.6,"winddir":49.9,"pressure":1023.0,"visibility":24.1,"cloudcover":0.0,"solarradiation":742.0,"solarenergy":2.7,"uvindex":7.0,"severerisk":10.0,"conditions":"Clear","icon":"clear-day","stations":null,"source":"fcst"},{"datetime":"16:00:00","datetimeEpoch":1742918400,"temp":19.0,"feelslike":19.0,"humidity":48.18,"dew":7.8,"precip":0.0,"precipprob":0.0,"snow":0.0,"snowdepth":0.0,"preciptype":null,"windgust":15.1,"windspeed":8.3,"winddir":53.0,"pressure":1022.0,"visibility":24.1,"cloudcover":11.0,"solarradiation":596.0,"solarenergy":2.1,"uvindex":6.0,"severerisk":10.0,"conditions":"Clear","icon":"clear-day","stations":null,"source":"fcst"},{"datetime":"17:00:00","datetimeEpoch":1742922000,"temp":19.1,"feelslike":19.1,"humidity":48.21,"dew":7.9,"precip":0.0,"precipprob":0.0,"snow":0.0,"snowdepth":0.0,"preciptype":null,"windgust":14.8,"windspeed":5.0,"winddir":51.8,"pressure":1022.0,"visibility":24.1,"cloudcover":0.0,"solarradiation":419.0,"solarenergy":1.5,"uvindex":4.0,"severerisk":10.0,"conditions":"Clear","icon":"clear-day","stations":null,"source":"fcst"},{"datetime":"18:00:00","datetimeEpoch":1742925600,"temp":18.7,"feelslike":18.7,"humidity":52.54,"dew":8.8,"precip":0.0,"precipprob":0.0,"snow":0.0,"snowdepth":0.0,"preciptype":null,"windgust":9.4,"windspeed":4.0,"winddir":322.4,"pressure":1022.0,"visibility":24.1,"cloudcover":0.0,"solarradiation":219.0,"solarenergy":0.8,"uvindex":2.0,"severerisk":10.0,"conditions":"Clear","icon":"clear-day","stations":null,"source":"fcst"},{"datetime":"19:00:00","datetimeEpoch":1742929200,"temp":16.5,"feelslike":16.5,"humidity":66.32,"dew":10.2,"precip":0.0,"precipprob":0.0,"snow":0.0,"snowdepth":0.0,"preciptype":null,"windgust":21.2,"windspeed":11.9,"winddir":328.9,"pressure":1023.0,"visibility":24.1,"cloudcover":0.0,"solarradiation":39.0,"solarenergy":0.1,"uvindex":0.0,"severerisk":10.0,"conditions":"Clear","icon":"clear-night","stations":null,"source":"fcst"},{"datetime":"20:00:00","datetimeEpoch":1742932800,"temp":15.3,"feelslike":15.3,"humidity":66.96,"dew":9.2,"precip":0.0,"precipprob":0.0,"snow":0.0,"snowdepth":0.0,"preciptype":null,"windgust":20.2,"windspeed":7.6,"winddir":323.9,"pressure":1023.0,"visibility":24.1,"cloudcover":0.0,"solarradiation":0.0,"solarenergy":0.0,"uvindex":0.0,"severerisk":10.0,"conditions":"Clear","icon":"clear-night","stations":null,"source":"fcst"},{"datetime":"21:00:00","datetimeEpoch":1742936400,"temp":14.7,"feelslike":14.7,"humidity":64.6,"dew":8.1,"precip":0.0,"precipprob":0.0,"snow":0.0,"snowdepth":0.0,"preciptype":null,"windgust":13.3,"windspeed":5.8,"winddir":323.4,"pressure":1024.0,"visibility":24.1,"cloudcover":0.0,"solarradiation":0.0,"solarenergy":0.0,"uvindex":0.0,"severerisk":10.0,"conditions":"Clear","icon":"clear-night","stations":null,"source":"fcst"},{"datetime":"22:00:00","datetimeEpoch":1742940000,"temp":14.2,"feelslike":14.2,"humidity":66.72,"dew":8.1,"precip":0.0,"precipprob":0.0,"snow":0.0,"snowdepth":0.0,"preciptype":null,"windgust":10.8,"windspeed":4.7,"winddir":329.9,"pressure":1024.0,"visibility":24.1,"cloudcover":0.0,"solarradiation":0.0,"solarenergy":0.0,"uvindex":0.0,"severerisk":10.0,"conditions":"Clear","icon":"clear-night","stations":null,"source":"fcst"},{"datetime":"23:00:00","datetimeEpoch":1742943600,"temp":13.9,"feelslike":13.9,"humidity":68.03,"dew":8.1,"precip":0.0,"precipprob":0.0,"snow":0.0,"snowdepth":0.0,"preciptype":null,"windgust":8.6,"windspeed":4.0,"winddir":308.9,"pressure":1024.0,"visibility":24.1,"cloudcover":0.0,"solarradiation":0.0,"solarenergy":0.0,"uvindex":0.0,"severerisk":10.0,"conditions":"Clear","icon":"clear-night","stations":null,"source":"fcst"}]},{"datetime":"2025-03-26","datetimeEpoch":1742947200,"tempmax":20.3,"tempmin":12.2,"temp":15.1,"feelslikemax":20.3,"feelslikemin":12.2,"feelslike":15.1,"dew":8.4,"humidity":65.4,"precip":0.0,"precipprob":0.0,"precipcover":0.0,"preciptype":null,"snow":0.0,"snowdepth":0.0,"windgust":23.8,"windspeed":14.0,"winddir":325.3,"pressure":1022.8,"cloudcover":12.1,"visibility":24.1,"solarradiation":262.6,"solarenergy":22.7,"uvindex":9.0,"severerisk":10.0,"sunrise":"06:30:28","sunriseEpoch":1742970628,"sunset":"18:54:36","sunsetEpoch":1743015276,"moonphase":0.9,"conditions":"Clear","description":"Clear conditions throughout the day.","icon":"clear-day","stations":null,"source":"fcst","hours":[{"datetime":"00:00:00","datetimeEpoch":1742947200,"temp":13.7,"feelslike":13.7,"humidity":67.99,"dew":7.9,"precip":0.0,"precipprob":0.0,"snow":0.0,"snowdepth":0.0,"preciptype":null,"windgust":7.2,"windspeed":2.5,"winddir":304.1,"pressure":1024.0,"visibility":24.1,"cloudcover":0.0,"solarradiation":0.0,"solarenergy":0.0,"uvindex":0.0,"severerisk":10.0,"conditions":"Clear","icon":"clear-night","stations":null,"source":"fcst"},{"datetime":"01:00:00","datetimeEpoch":1742950800,"temp":13.5,"feelslike":13.5,"humidity":67.95,"dew":7.7,"precip":0.0,"precipprob":0.0,"snow":0.0,"snowdepth":0.0,"preciptype":null,"windgust":4.3,"windspeed":2.2,"winddir":311.3,"pressure":1024.0,"visibility":24.1,"cloudcover":0.0,"solarradiation":0.0,"solarenergy":0.0,"uvindex":0.0,"severerisk":10.0,"conditions":"Clear","icon":"clear-night","stations":null,"source":"fcst"},{"datetime":"02:00:00","datetimeEpoch":1742954400,"temp":13.1,"feelslike":13.1,"humidity":69.27,"dew":7.6,"precip":0.0,"precipprob":0.0,"snow":0.0,"snowdepth":0.0,"preciptype":null,"windgust":4.7,"windspeed":2.9,"winddir":311.4,"pressure":1024.0,"visibility":24.1,"cloudcover":0.0,"solarradiation":0.0,"solarenergy":0.0,"uvindex":0.0,"severerisk":10.0,"conditions":"Clear","icon":"clear-night","stations":null,"source":"fcst"},{"datetime":"03:00:00","datetimeEpoch":1742958000,"temp":12.9,"feelslike":12.9,"humidity":70.18,"dew":7.6,"precip":0.0,"precipprob":0.0,"snow":0.0,"snowdepth":0.0,"preciptype":null,"windgust":4.7,"windspeed":2.2,"winddir":311.4,"pressure":1023.0,"visibility":24.1,"cloudcover":0.0,"solarradiation":0.0,"solarenergy":0.0,"uvindex":0.0,"severerisk":10.0,"conditions":"Clear","icon":"clear-night","stations":null,"source":"fcst"},{"datetime":"04:00:00","datetimeEpoch":1742961600,"temp":12.7,"feelslike":12.7,"humidity":70.14,"dew":7.4,"precip":0.0,"precipprob":0.0,"snow":0.0,"snowdepth":0.0,"preciptype":null,"windgust":3.2,"windspeed":1.1,"winddir":262.7,"pressure":1023.0,"visibility":24.1,"cloudcover":0.2,"solarradiation":0.0,"solarenergy":0.0,"uvindex":0.0,"severerisk":10.0,"conditions":"Clear","icon":"clear-night","stations":null,"source":"fcst"},{"datetime":"05:00:00","datetimeEpoch":1742965200,"temp":12.5,"feelslike":12.5,"humidity":71.07,"dew":7.4,"precip":0.0,"precipprob":0.0,"snow":0.0,"snowdepth":0.0,"preciptype":null,"windgust":2.2,"windspeed":0.4,"winddir":256.3,"pressure":1023.0,"visibility":24.1,"cloudcover":0.1,"solarradiation":0.0,"solarenergy":0.0,"uvindex":0.0,"severerisk":10.0,"conditions":"Clear","icon":"clear-night","stations":null,"source":"fcst"},{"datetime":"06:00:00","datetimeEpoch":1742968800,"temp":12.4,"feelslike":12.4,"humidity":72.03,"dew":7.5,"precip":0.0,"precipprob":0.0,"snow":0.0,"snowdepth":0.0,"preciptype":null,"windgust":1.8,"windspeed":1.1,"winddir":17.9,"pressure":1023.0,"visibility":24.1,"cloudcover":0.8,"solarradiation":0.0,"solarenergy":0.0,"uvindex":0.0,"severerisk":10.0,"conditions":"Clear","icon":"clear-night","stations":null,"source":"fcst"},{"datetime":"07:00:00","datetimeEpoch":1742972400,"temp":12.3,"feelslike":12.3,"humidity":73.0,"dew":7.6,"precip":0.0,"precipprob":0.0,"snow":0.0,"snowdepth":0.0,"preciptype":null,"windgust":2.5,"windspeed":2.2,"winddir":292.1,"pressure":1023.0,"visibility":24.1,"cloudcover":7.5,"solarradiation":8.0,"solarenergy":0.0,"uvindex":0.0,"severerisk":10.0,"conditions":"Clear","icon":"clear-day","stations":null,"source":"fcst"},{"datetime":"08:00:00","datetimeEpoch":1742976000,"temp":12.2,"feelslike":12.2,"humidity":75.51,"dew":8.0,"precip":0.0,"precipprob":0.0,"snow":0.0,"snowdepth":0.0,"preciptype":null,"windgust":4.0,"windspeed":2.5,"winddir":253.2,"pressure":1023.0,"visibility":24.1,"cloudcover":0.0,"solarradiation":140.0,"solarenergy":0.5,"uvindex":1.0,"severerisk":10.0,"conditions":"Clear","icon":"clear-day","stations":null,"source":"fcst"},{"datetime":"09:00:00","datetimeEpoch":1742979600,"temp":14.2,"feelslike":14.2,"humidity":69.02,"dew":8.6,"precip":0.0,"precipprob":0.0,"snow":0.0,"snowdepth":0.0,"preciptype":null,"windgust":3.6,"windspeed":1.4,"winddir":222.4,"pressure":1024.0,"visibility":24.1,"cloudcover":0.0,"solarradiation":345.0,"solarenergy":1.2,"uvindex":3.0,"severerisk":10.0,"conditions":"Clear","icon":"clear-day","stations":null,"source":"fcst"},{"datetime":"10:00:00","datetimeEpoch":1742983200,"temp":16.1,"feelslike":16.1,"humidity":55.92,"dew":7.3,"precip":0.0,"precipprob":0.0,"snow":0.0,"snowdepth":0.0,"preciptype":null,"windgust":4.0,"windspeed":1.1,"winddir":292.6,"pressure":1024.0,"visibility":24.1,"cloudcover":0.0,"solarradiation":544.0,"solarenergy":2.0,"uvindex":5.0,"severerisk":10.0,"conditions":"Clear","icon":"clear-day","stations":null,"source":"fcst"},{"datetime":"11:00:00","datetimeEpoch":1742986800,"temp":17.6,"feelslike":17.6,"humidity":52.25,"dew":7.7,"precip":0.0,"precipprob":0.0,"snow":0.0,"snowdepth":0.0,"preciptype":null,"windgust":6.8,"windspeed":3.2,"winddir":354.5,"pressure":1024.0,"visibility":24.1,"cloudcover":0.0,"solarradiation":702.0,"solarenergy":2.5,"uvindex":7.0,"severerisk":10.0,"conditions":"Clear","icon":"clear-day","stations":null,"source":"fcst"},{"datetime":"12:00:00","datetimeEpoch":1742990400,"temp":18.7,"feelslike":18.7,"humidity":52.54,"dew":8.8,"precip":0.0,"precipprob":0.0,"snow":0.0,"snowdepth":0.0,"preciptype":null,"windgust":7.9,"windspeed":3.6,"winddir":10.1,"pressure":1023.0,"visibility":24.1,"cloudcover":0.0,"solarradiation":808.0,"solarenergy":2.9,"uvindex":8.0,"severerisk":10.0,"conditions":"Clear","icon":"clear-day","stations":null,"source":"fcst"},{"datetime":"13:00:00","datetimeEpoch":1742994000,"temp":19.7,"feelslike":19.7,"humidity":46.44,"dew":7.9,"precip":0.0,"precipprob":0.0,"snow":0.0,"snowdepth":0.0,"preciptype":null,"windgust":7.9,"windspeed":1.8,"winddir":9.1,"pressure":1023.0,"visibility":24.1,"cloudcover":63.7,"solarradiation":852.0,"solarenergy":3.1,"uvindex":9.0,"severerisk":10.0,"conditions":"Partially cloudy","icon":"partly-cloudy-day","stations":null,"source":"fcst"},{"datetime":"14:00:00","datetimeEpoch":1742997600,"temp":20.3,"feelslike":20.3,"humidity":44.45,"dew":7.8,"precip":0.0,"precipprob":0.0,"snow":0.0,"snowdepth":0.0,"preciptype":null,"windgust":11.5,"windspeed":6.1,"winddir":297.2,"pressure":1022.0,"visibility":24.1,"cloudcover":84.4,"solarradiation":831.0,"solarenergy":3.0,"uvindex":8.0,"severerisk":10.0,"conditions":"Partially cloudy","icon":"partly-cloudy-day","stations":null,"source":"fcst"},{"datetime":"15:00:00","datetimeEpoch":1743001200,"temp":19.7,"feelslike":19.7,"humidity":49.03,"dew":8.7,"precip":0.0,"precipprob":0.0,"snow":0.0,"snowdepth":0.0,"preciptype":null,"windgust":22.0,"windspeed":12.6,"winddir":312.0,"pressure":1021.0,"visibility":24.1,"cloudcover":57.9,"solarradiation":749.0,"solarenergy":2.7,"uvindex":7.0,"severerisk":10.0,"conditions":"Partially cloudy","icon":"partly-cloudy-day","stations":null,"source":"fcst"},{"datetime":"16:00:00","datetimeEpoch":1743004800,"temp":19.4,"feelslike":19.4,"humidity":47.0,"dew":7.8,"precip":0.0,"precipprob":0.0,"snow":0.0,"snowdepth":0.0,"preciptype":null,"windgust":22.7,"windspeed":13.0,"winddir":322.2,"pressure":1021.0,"visibility":24.1,"cloudcover":6.2,"solarradiation":614.0,"solarenergy":2.2,"uvindex":6.0,"severerisk":10.0,"conditions":"Clear","icon":"clear-day","stations":null,"source":"fcst"},{"datetime":"17:00:00","datetimeEpoch":1743008400,"temp":18.2,"feelslike":18.2,"humidity":53.48,"dew":8.6,"precip":0.0,"precipprob":0.0,"snow":0.0,"snowdepth":0.0,"preciptype":null,"windgust":23.8,"windspeed":14.0,"winddir":328.0,"pressure":1021.0,"visibility":24.1,"cloudcover":0.0,"solarradiation":436.0,"solarenergy":1.6,"uvindex":4.0,"severerisk":10.0,"conditions":"Clear","icon":"clear-day","stations":null,"source":"fcst"},{"datetime":"18:00:00","datetimeEpoch":1743012000,"temp":16.7,"feelslike":16.7,"humidity":62.06,"dew":9.4,"precip":0.0,"precipprob":0.0,"snow":0.0,"snowdepth":0.0,"preciptype":null,"windgust":23.8,"windspeed":13.7,"winddir":332.7,"pressure":1022.0,"visibility":24.1,"cloudcover":0.0,"solarradiation":230.0,"solarenergy":0.8,"uvindex":2.0,"severerisk":10.0,"conditions":"Clear","icon":"clear-day","stations":null,"source":"fcst"},{"datetime":"19:00:00","datetimeEpoch":1743015600,"temp":14.9,"feelslike":14.9,"humidity":70.57,"dew":9.6,"precip":0.0,"precipprob":0.0,"snow":0.0,"snowdepth":0.0,"preciptype":null,"windgust":23.0,"windspeed":12.6,"winddir":333.6,"pressure":1022.0,"visibility":24.1,"cloudcover":0.0,"solarradiation":43.0,"solarenergy":0.2,"uvindex":0.0,"severerisk":10.0,"conditions":"Clear","icon":"clear-night","stations":null,"source":"fcst"},{"datetime":"20:00:00","datetimeEpoch":1743019200,"temp":13.5,"feelslike":13.5,"humidity":79.9,"dew":10.1,"precip":0.0,"precipprob":0.0,"snow":0.0,"snowdepth":0.0,"preciptype":null,"windgust":22.0,"windspeed":12.2,"winddir":336.8,"pressure":1023.0,"visibility":24.1,"cloudcover":5.2,"solarradiation":0.0,"solarenergy":0.0,"uvindex":0.0,"severerisk":10.0,"conditions":"Clear","icon":"clear-night","stations":null,"source":"fcst"},{"datetime":"21:00:00","datetimeEpoch":1743022800,"temp":12.9,"feelslike":12.9,"humidity":82.54,"dew":10.0,"precip":0.0,"precipprob":0.0,"snow":0.0,"snowdepth":0.0,"preciptype":null,"windgust":20.5,"windspeed":9.7,"winddir":332.3,"pressure":1023.0,"visibility":24.1,"cloudcover":21.7,"solarradiation":0.0,"solarenergy":0.0,"uvindex":0.0,"severerisk":10.0,"conditions":"Partially cloudy","icon":"partly-cloudy-night","stations":null,"source":"fcst"},{"datetime":"22:00:00","datetimeEpoch":1743026400,"temp":12.5,"feelslike":12.5,"humidity":84.17,"dew":9.9,"precip":0.0,"precipprob":0.0,"snow":0.0,"snowdepth":0.0,"preciptype":null,"windgust":16.6,"windspeed":7.6,"winddir":332.0,"pressure":1023.0,"visibility":24.1,"cloudcover":21.0,"solarradiation":0.0,"solarenergy":0.0,"uvindex":0.0,"severerisk":10.0,"conditions":"Partially cloudy","icon":"partly-cloudy-night","stations":null,"source":"fcst"},{"datetime":"23:00:00","datetimeEpoch":1743030000,"temp":12.2,"feelslike":12.2,"humidity":83.57,"dew":9.5,"precip":0.0,"precipprob":0.0,"snow":0.0,"snowdepth":0.0,"preciptype":null,"windgust":13.0,"windspeed":6.5,"winddir":334.2,"pressure":1022.0,"visibility":24.1,"cloudcover":22.5,"solarradiation":0.0,"solarenergy":0.0,"uvindex":0.0,"severerisk":10.0,"conditions":"Partially cloudy","icon":"partly-cloudy-night","stations":null,"source":"fcst"}]},{"datetime":"2025-03-27","datetimeEpoch":1743033600,"tempmax":18.4,"tempmin":11.2,"temp":14.2,"feelslikemax":18.4,"feelslikemin":11.2,"feelslike":14.2,"dew":9.0,"humidity":72.4,"precip":0.0,"precipprob":6.5,"precipcover":0.0,"preciptype":null,"snow":0.0,"snowdepth":0.0,"windgust":25.6,"windspeed":15.1,"winddir":337.9,"pressure":1020.4,"cloudcover":32.3,"visibility":24.1,"solarradiation":264.8,"solarenergy":22.9,"uvindex":9.0,"severerisk":10.0,"sunrise":"06:28:54","sunriseEpoch":1743056934,"sunset":"18:55:34","sunsetEpoch":1743101734,"moonphase":0.94,"conditions":"Partially cloudy","description":"Partly cloudy throughout the day.","icon":"partly-cloudy-day","stations":null,"source":"fcst","hours":[{"datetime":"00:00:00","datetimeEpoch":1743033600,"temp":12.0,"feelslike":12.0,"humidity":84.68,"dew":9.5,"precip":0.0,"precipprob":0.0,"snow":0.0,"snowdepth":0.0,"preciptype":null,"windgust":11.5,"windspeed":5.4,"winddir":335.5,"pressure":1022.0,"visibility":24.1,"cloudcover":33.3,"solarradiation":0.0,"solarenergy":0.0,"uvindex":0.0,"severerisk":10.0,"conditions":"Partially cloudy","icon":"partly-cloudy-night","stations":null,"source":"fcst"},{"datetime":"01:00:00","datetimeEpoch":1743037200,"temp":11.8,"feelslike":11.8,"humidity":85.8,"dew":9.5,"precip":0.0,"precipprob":0.0,"snow":0.0,"snowdepth":0.0,"preciptype":null,"windgust":9.4,"windspeed":5.0,"winddir":330.1,"pressure":1022.0,"visibility":24.1,"cloudcover":32.8,"solarradiation":0.0,"solarenergy":0.0,"uvindex":0.0,"severerisk":10.0,"conditions":"Partially cloudy","icon":"partly-cloudy-night","stations":null,"source":"fcst"},{"datetime":"02:00:00","datetimeEpoch":1743040800,"temp":11.6,"feelslike":11.6,"humidity":85.78,"dew":9.3,"precip":0.0,"precipprob":0.0,"snow":0.0,"snowdepth":0.0,"preciptype":null,"windgust":10.1,"windspeed":5.4,"winddir":328.0,"pressure":1021.0,"visibility":24.1,"cloudcover":27.4,"solarradiation":0.0,"solarenergy":0.0,"uvindex":0.0,"severerisk":10.0,"conditions":"Partially cloudy","icon":"partly-cloudy-night","stations":null,"source":"fcst"},{"datetime":"03:00:00","datetimeEpoch":1743044400,"temp":11.4,"feelslike":11.4,"humidity":86.34,"dew":9.2,"precip":0.0,"precipprob":0.0,"snow":0.0,"snowdepth":0.0,"preciptype":null,"windgust":10.1,"windspeed":5.4,"winddir":310.7,"pressure":1021.0,"visibility":24.1,"cloudcover":25.1,"solarradiation":0.0,"solarenergy":0.0,"uvindex":0.0,"severerisk":10.0,"conditions":"Partially cloudy","icon":"partly-cloudy-night","stations":null,"source":"fcst"},{"datetime":"04:00:00","datetimeEpoch":1743048000,"temp":11.3,"feelslike":11.3,"humidity":86.91,"dew":9.2,"precip":0.0,"precipprob":0.0,"snow":0.0,"snowdepth":0.0,"preciptype":null,"windgust":9.7,"windspeed":4.7,"winddir":302.0,"pressure":1021.0,"visibility":24.1,"cloudcover":32.4,"solarradiation":0.0,"solarenergy":0.0,"uvindex":0.0,"severerisk":10.0,"conditions":"Partially cloudy","icon":"partly-cloudy-night","stations":null,"source":"fcst"},{"datetime":"05:00:00","datetimeEpoch":1743051600,"temp":11.3,"feelslike":11.3,"humidity":86.91,"dew":9.2,"precip":0.0,"precipprob":0.0,"snow":0.0,"snowdepth":0.0,"preciptype":null,"windgust":8.6,"windspeed":4.3,"winddir":305.0,"pressure":1021.0,"visibility":24.1,"cloudcover":42.5,"solarradiation":0.0,"solarenergy":0.0,"uvindex":0.0,"severerisk":10.0,"conditions":"Partially cloudy","icon":"partly-cloudy-night","stations":null,"source":"fcst"},{"datetime":"06:00:00","datetimeEpoch":1743055200,"temp":11.2,"feelslike":11.2,"humidity":88.08,"dew":9.3,"precip":0.0,"precipprob":0.0,"snow":0.0,"snowdepth":0.0,"preciptype":null,"windgust":8.6,"windspeed":4.7,"winddir":318.8,"pressure":1020.0,"visibility":24.1,"cloudcover":32.5,"solarradiation":0.0,"solarenergy":0.0,"uvindex":0.0,"severerisk":10.0,"conditions":"Partially cloudy","icon":"partly-cloudy-night","stations":null,"source":"fcst"},{"datetime":"07:00:00","datetimeEpoch":1743058800,"temp":11.2,"feelslike":11.2,"humidity":86.9,"dew":9.1,"precip":0.0,"precipprob":0.0,"snow":0.0,"snowdepth":0.0,"preciptype":null,"windgust":8.3,"windspeed":4.3,"winddir":312.7,"pressure":1021.0,"visibility":24.1,"cloudcover":17.6,"solarradiation":9.0,"solarenergy":0.0,"uvindex":0.0,"severerisk":10.0,"conditions":"Clear","icon":"clear-day","stations":null,"source":"fcst"},{"datetime":"08:00:00","datetimeEpoch":1743062400,"temp":11.9,"feelslike":11.9,"humidity":84.1,"dew":9.3,"precip":0.0,"precipprob":0.0,"snow":0.0,"snowdepth":0.0,"preciptype":null,"windgust":8.6,"windspeed":5.0,"winddir":290.5,"pressure":1021.0,"visibility":24.1,"cloudcover":48.9,"solarradiation":143.0,"solarenergy":0.5,"uvindex":1.0,"severerisk":10.0,"conditions":"Partially cloudy","icon":"partly-cloudy-day","stations":null,"source":"fcst"},{"datetime":"09:00:00","datetimeEpoch":1743066000,"temp":13.4,"feelslike":13.4,"humidity":76.74,"dew":9.4,"precip":0.0,"precipprob":0.0,"snow":0.0,"snowdepth":0.0,"preciptype":null,"windgust":10.1,"windspeed":5.4,"winddir":311.7,"pressure":1021.0,"visibility":24.1,"cloudcover":51.0,"solarradiation":353.0,"solarenergy":1.3,"uvindex":4.0,"severerisk":10.0,"conditions":"Partially cloudy","icon":"partly-cloudy-day","stations":null,"source":"fcst"},{"datetime":"10:00:00","datetimeEpoch":1743069600,"temp":15.2,"feelslike":15.2,"humidity":64.71,"dew":8.6,"precip":0.0,"precipprob":0.0,"snow":0.0,"snowdepth":0.0,"preciptype":null,"windgust":16.2,"windspeed":9.4,"winddir":345.4,"pressure":1021.0,"visibility":24.1,"cloudcover":38.2,"solarradiation":550.0,"solarenergy":2.0,"uvindex":6.0,"severerisk":10.0,"conditions":"Partially cloudy","icon":"partly-cloudy-day","stations":null,"source":"fcst"},{"datetime":"11:00:00","datetimeEpoch":1743073200,"temp":16.4,"feelslike":16.4,"humidity":57.15,"dew":7.9,"precip":0.0,"precipprob":0.0,"snow":0.0,"snowdepth":0.0,"preciptype":null,"windgust":19.4,"windspeed":11.2,"winddir":349.3,"pressure":1021.0,"visibility":24.1,"cloudcover":61.5,"solarradiation":711.0,"solarenergy":2.6,"uvindex":7.0,"severerisk":10.0,"conditions":"Partially cloudy","icon":"partly-cloudy-day","stations":null,"source":"fcst"},{"datetime":"12:00:00","datetimeEpoch":1743076800,"temp":17.3,"feelslike":17.3,"humidity":54.72,"dew":8.1,"precip":0.0,"precipprob":0.0,"snow":0.0,"snowdepth":0.0,"preciptype":null,"windgust":19.4,"windspeed":10.1,"winddir":354.2,"pressure":1020.0,"visibility":24.1,"cloudcover":59.9,"solarradiation":817.0,"solarenergy":2.9,"uvindex":8.0,"severerisk":10.0,"conditions":"Partially cloudy","icon":"partly-cloudy-day","stations":null,"source":"fcst"},{"datetime":"13:00:00","datetimeEpoch":1743080400,"temp":18.1,"feelslike":18.1,"humidity":51.32,"dew":7.9,"precip":0.0,"precipprob":6.5,"snow":0.0,"snowdepth":0.0,"preciptype":null,"windgust":19.1,"windspeed":10.4,"winddir":355.1,"pressure":1020.0,"visibility":24.1,"cloudcover":71.4,"solarradiation":861.0,"solarenergy":3.1,"uvindex":9.0,"severerisk":10.0,"conditions":"Partially cloudy","icon":"partly-cloudy-day","stations":null,"source":"fcst"},{"datetime":"14:00:00","datetimeEpoch":1743084000,"temp":18.4,"feelslike":18.4,"humidity":51.06,"dew":8.1,"precip":0.0,"precipprob":6.5,"snow":0.0,"snowdepth":0.0,"preciptype":null,"windgust":20.9,"windspeed":11.9,"winddir":353.8,"pressure":1019.0,"visibility":24.1,"cloudcover":90.8,"solarradiation":840.0,"solarenergy":3.0,"uvindex":8.0,"severerisk":10.0,"conditions":"Overcast","icon":"cloudy","stations":null,"source":"fcst"},{"datetime":"15:00:00","datetimeEpoch":1743087600,"temp":18.4,"feelslike":18.4,"humidity":52.82,"dew":8.6,"precip":0.0,"precipprob":6.5,"snow":0.0,"snowdepth":0.0,"preciptype":null,"windgust":22.7,"windspeed":13.0,"winddir":350.2,"pressure":1019.0,"visibility":24.1,"cloudcover":56.9,"solarradiation":756.0,"solarenergy":2.7,"uvindex":8.0,"severerisk":10.0,"conditions":"Partially cloudy","icon":"partly-cloudy-day","stations":null,"source":"fcst"},{"datetime":"16:00:00","datetimeEpoch":1743091200,"temp":17.8,"feelslike":17.8,"humidity":57.5,"dew":9.3,"precip":0.0,"precipprob":6.5,"snow":0.0,"snowdepth":0.0,"preciptype":null,"windgust":24.5,"windspeed":14.4,"winddir":343.2,"pressure":1019.0,"visibility":24.1,"cloudcover":30.3,"solarradiation":616.0,"solarenergy":2.2,"uvindex":6.0,"severerisk":10.0,"conditions":"Partially cloudy","icon":"partly-cloudy-day","stations":null,"source":"fcst"},{"datetime":"17:00:00","datetimeEpoch":1743094800,"temp":17.1,"feelslike":17.1,"humidity":60.1,"dew":9.3,"precip":0.0,"precipprob":6.5,"snow":0.0,"snowdepth":0.0,"preciptype":null,"windgust":25.6,"windspeed":15.1,"winddir":339.2,"pressure":1019.0,"visibility":24.1,"cloudcover":21.5,"solarradiation":432.0,"solarenergy":1.6,"uvindex":4.0,"severerisk":10.0,"conditions":"Partially cloudy","icon":"partly-cloudy-day","stations":null,"source":"fcst"},{"datetime":"18:00:00","datetimeEpoch":1743098400,"temp":16.1,"feelslike":16.1,"humidity":61.92,"dew":8.8,"precip":0.0,"precipprob":6.5,"snow":0.0,"snowdepth":0.0,"preciptype":null,"windgust":25.6,"windspeed":13.7,"winddir":337.7,"pressure":1019.0,"visibility":24.1,"cloudcover":0.0,"solarradiation":226.0,"solarenergy":0.8,"uvindex":2.0,"severerisk":10.0,"conditions":"Clear","icon":"clear-day","stations":null,"source":"fcst"},{"datetime":"19:00:00","datetimeEpoch":1743102000,"temp":15.0,"feelslike":15.0,"humidity":68.26,"dew":9.2,"precip":0.0,"precipprob":0.0,"snow":0.0,"snowdepth":0.0,"preciptype":null,"windgust":23.4,"windspeed":10.4,"winddir":336.4,"pressure":1019.0,"visibility":24.1,"cloudcover":0.0,"solarradiation":42.0,"solarenergy":0.2,"uvindex":0.0,"severerisk":10.0,"conditions":"Clear","icon":"clear-night","stations":null,"source":"fcst"},{"datetime":"20:00:00","datetimeEpoch":1743105600,"temp":14.0,"feelslike":14.0,"humidity":73.8,"dew":9.4,"precip":0.0,"precipprob":0.0,"snow":0.0,"snowdepth":0.0,"preciptype":null,"windgust":18.7,"windspeed":11.5,"winddir":340.9,"pressure":1020.0,"visibility":24.1,"cloudcover":0.0,"solarradiation":0.0,"solarenergy":0.0,"uvindex":0.0,"severerisk":10.0,"conditions":"Clear","icon":"clear-night","stations":null,"source":"fcst"},{"datetime":"21:00:00","datetimeEpoch":1743109200,"temp":13.3,"feelslike":13.3,"humidity":77.76,"dew":9.5,"precip":0.0,"precipprob":0.0,"snow":0.0,"snowdepth":0.0,"preciptype":null,"windgust":19.4,"windspeed":6.5,"winddir":350.8,"pressure":1021.0,"visibility":24.1,"cloudcover":0.0,"solarradiation":0.0,"solarenergy":0.0,"uvindex":0.0,"severerisk":10.0,"conditions":"Clear","icon":"clear-night","stations":null,"source":"fcst"},{"datetime":"22:00:00","datetimeEpoch":1743112800,"temp":12.9,"feelslike":12.9,"humidity":76.66,"dew":8.9,"precip":0.0,"precipprob":0.0,"snow":0.0,"snowdepth":0.0,"preciptype":null,"windgust":11.2,"windspeed":5.4,"winddir":340.3,"pressure":1021.0,"visibility":24.1,"cloudcover":0.0,"solarradiation":0.0,"solarenergy":0.0,"uvindex":0.0,"severerisk":10.0,"conditions":"Clear","icon":"clear-night","stations":null,"source":"fcst"},{"datetime":"23:00:00","datetimeEpoch":1743116400,"temp":12.5,"feelslike":12.5,"humidity":78.69,"dew":8.9,"precip":0.0,"precipprob":0.0,"snow":0.0,"snowdepth":0.0,"preciptype":null,"windgust":9.4,"windspeed":4.3,"winddir":335.9,"pressure":1021.0,"visibility":24.1,"cloudcover":0.0,"solarradiation":0.0,"solarenergy":0.0,"uvindex":0.0,"severerisk":10.0,"conditions":"Clear","icon":"clear-night","stations":null,"source":"fcst"}]},{"datetime":"2025-03-28","datetimeEpoch":1743120000,"tempmax":20.5,"tempmin":11.5,"temp":14.9,"feelslikemax":20.5,"feelslikemin":11.5,"feelslike":14.9,"dew":9.9,"humidity":72.9,"precip":0.0,"precipprob":0.0,"precipcover":0.0,"preciptype":null,"snow":0.0,"snowdepth":0.0,"windgust":33.5,"windspeed":17.3,"winddir":350.0,"pressure":1021.9,"cloudcover":13.4,"visibility":24.1,"solarradiation":269.4,"solarenergy":23.3,"uvindex":9.0,"severerisk":10.0,"sunrise":"06:27:20","sunriseEpoch":1743143240,"sunset":"18:56:32","sunsetEpoch":1743188192,"moonphase":0.97,"conditions":"Clear","description":"Clear conditions throughout the day.","icon":"clear-day","stations":null,"source":"fcst","hours":[{"datetime":"00:00:00","datetimeEpoch":1743120000,"temp":12.2,"feelslike":12.2,"humidity":79.72,"dew":8.8,"precip":0.0,"precipprob":0.0,"snow":0.0,"snowdepth":0.0,"preciptype":null,"windgust":7.9,"windspeed":4.3,"winddir":331.1,"pressure":1021.0,"visibility":24.1,"cloudcover":0.0,"solarradiation":0.0,"solarenergy":0.0,"uvindex":0.0,"severerisk":10.0,"conditions":"Clear","icon":"clear-night","stations":null,"source":"fcst"},{"datetime":"01:00:00","datetimeEpoch":1743123600,"temp":12.0,"feelslike":12.0,"humidity":80.23,"dew":8.7,"precip":0.0,"precipprob":0.0,"snow":0.0,"snowdepth":0.0,"preciptype":null,"windgust":7.9,"windspeed":4.3,"winddir":337.0,"pressure":1021.0,"visibility":24.1,"cloudcover":0.0,"solarradiation":0.0,"solarenergy":0.0,"uvindex":0.0,"severerisk":10.0,"conditions":"Clear","icon":"clear-night","stations":null,"source":"fcst"},{"datetime":"02:00:00","datetimeEpoch":1743127200,"temp":11.8,"feelslike":11.8,"humidity":80.75,"dew":8.6,"precip":0.0,"precipprob":0.0,"snow":0.0,"snowdepth":0.0,"preciptype":null,"windgust":7.6,"windspeed":3.2,"winddir":334.1,"pressure":1020.0,"visibility":24.1,"cloudcover":0.0,"solarradiation":0.0,"solarenergy":0.0,"uvindex":0.0,"severerisk":10.0,"conditions":"Clear","icon":"clear-night","stations":null,"source":"fcst"},{"datetime":"03:00:00","datetimeEpoch":1743130800,"temp":11.5,"feelslike":11.5,"humidity":82.36,"dew":8.6,"precip":0.0,"precipprob":0.0,"snow":0.0,"snowdepth":0.0,"preciptype":null,"windgust":8.6,"windspeed":4.7,"winddir":308.9,"pressure":1020.0,"visibility":24.1,"cloudcover":0.0,"solarradiation":0.0,"solarenergy":0.0,"uvindex":0.0,"severerisk":10.0,"conditions":"Clear","icon":"clear-night","stations":null,"source":"fcst"},{"datetime":"04:00:00","datetimeEpoch":1743134400,"temp":11.5,"feelslike":11.5,"humidity":82.92,"dew":8.7,"precip":0.0,"precipprob":0.0,"snow":0.0,"snowdepth":0.0,"preciptype":null,"windgust":8.6,"windspeed":3.6,"winddir":322.6,"pressure":1020.0,"visibility":24.1,"cloudcover":0.0,"solarradiation":0.0,"solarenergy":0.0,"uvindex":0.0,"severerisk":10.0,"conditions":"Clear","icon":"clear-night","stations":null,"source":"fcst"},{"datetime":"05:00:00","datetimeEpoch":1743138000,"temp":11.7,"feelslike":11.7,"humidity":84.07,"dew":9.1,"precip":0.0,"precipprob":0.0,"snow":0.0,"snowdepth":0.0,"preciptype":null,"windgust":6.8,"windspeed":3.6,"winddir":344.4,"pressure":1020.0,"visibility":24.1,"cloudcover":0.0,"solarradiation":0.0,"solarenergy":0.0,"uvindex":0.0,"severerisk":10.0,"conditions":"Clear","icon":"clear-night","stations":null,"source":"fcst"},{"datetime":"06:00:00","datetimeEpoch":1743141600,"temp":11.9,"feelslike":11.9,"humidity":83.53,"dew":9.2,"precip":0.0,"precipprob":0.0,"snow":0.0,"snowdepth":0.0,"preciptype":null,"windgust":6.1,"windspeed":3.6,"winddir":353.3,"pressure":1021.0,"visibility":24.1,"cloudcover":0.0,"solarradiation":0.0,"solarenergy":0.0,"uvindex":0.0,"severerisk":10.0,"conditions":"Clear","icon":"clear-night","stations":null,"source":"fcst"},{"datetime":"07:00:00","datetimeEpoch":1743145200,"temp":12.5,"feelslike":12.5,"humidity":81.4,"dew":9.4,"precip":0.0,"precipprob":0.0,"snow":0.0,"snowdepth":0.0,"preciptype":null,"windgust":5.9,"windspeed":3.4,"winddir":237.7,"pressure":1021.7,"visibility":24.1,"cloudcover":0.0,"solarradiation":10.0,"solarenergy":0.0,"uvindex":0.0,"severerisk":10.0,"conditions":"Clear","icon":"clear-day","stations":null,"source":"fcst"},{"datetime":"08:00:00","datetimeEpoch":1743148800,"temp":13.2,"feelslike":13.2,"humidity":79.33,"dew":9.7,"precip":0.0,"precipprob":0.0,"snow":0.0,"snowdepth":0.0,"preciptype":null,"windgust":5.6,"windspeed":3.1,"winddir":122.0,"pressure":1022.3,"visibility":24.1,"cloudcover":0.0,"solarradiation":152.0,"solarenergy":0.5,"uvindex":2.0,"severerisk":10.0,"conditions":"Clear","icon":"clear-day","stations":null,"source":"fcst"},{"datetime":"09:00:00","datetimeEpoch":1743152400,"temp":13.9,"feelslike":13.9,"humidity":77.33,"dew":10.0,"precip":0.0,"precipprob":0.0,"snow":0.0,"snowdepth":0.0,"preciptype":null,"windgust":5.4,"windspeed":2.9,"winddir":6.4,"pressure":1023.0,"visibility":24.1,"cloudcover":0.0,"solarradiation":364.0,"solarenergy":1.3,"uvindex":4.0,"severerisk":10.0,"conditions":"Clear","icon":"clear-day","stations":null,"source":"fcst"},{"datetime":"10:00:00","datetimeEpoch":1743156000,"temp":15.7,"feelslike":15.7,"humidity":71.36,"dew":10.5,"precip":0.0,"precipprob":0.0,"snow":0.0,"snowdepth":0.0,"preciptype":null,"windgust":8.4,"windspeed":4.6,"winddir":5.7,"pressure":1023.0,"visibility":24.1,"cloudcover":12.6,"solarradiation":560.0,"solarenergy":2.0,"uvindex":6.0,"severerisk":10.0,"conditions":"Clear","icon":"clear-day","stations":null,"source":"fcst"},{"datetime":"11:00:00","datetimeEpoch":1743159600,"temp":17.5,"feelslike":17.5,"humidity":65.96,"dew":11.1,"precip":0.0,"precipprob":0.0,"snow":0.0,"snowdepth":0.0,"preciptype":null,"windgust":11.4,"windspeed":6.2,"winddir":5.0,"pressure":1023.0,"visibility":24.1,"cloudcover":25.1,"solarradiation":720.0,"solarenergy":2.6,"uvindex":7.0,"severerisk":10.0,"conditions":"Partially cloudy","icon":"partly-cloudy-day","stations":null,"source":"fcst"},{"datetime":"12:00:00","datetimeEpoch":1743163200,"temp":19.4,"feelslike":19.4,"humidity":61.05,"dew":11.7,"precip":0.0,"precipprob":0.0,"snow":0.0,"snowdepth":0.0,"preciptype":null,"windgust":14.4,"windspeed":7.9,"winddir":4.3,"pressure":1023.0,"visibility":24.1,"cloudcover":37.7,"solarradiation":827.0,"solarenergy":3.0,"uvindex":8.0,"severerisk":10.0,"conditions":"Partially cloudy","icon":"partly-cloudy-day","stations":null,"source":"fcst"},{"datetime":"13:00:00","datetimeEpoch":1743166800,"temp":19.7,"feelslike":19.7,"humidity":57.86,"dew":11.2,"precip":0.0,"precipprob":0.0,"snow":0.0,"snowdepth":0.0,"preciptype":null,"windgust":17.2,"windspeed":9.6,"winddir":120.0,"pressure":1022.3,"visibility":24.1,"cloudcover":28.2,"solarradiation":872.0,"solarenergy":3.1,"uvindex":9.0,"severerisk":10.0,"conditions":"Partially cloudy","icon":"partly-cloudy-day","stations":null,"source":"fcst"},{"datetime":"14:00:00","datetimeEpoch":1743170400,"temp":20.1,"feelslike":20.1,"humidity":54.83,"dew":10.7,"precip":0.0,"precipprob":0.0,"snow":0.0,"snowdepth":0.0,"preciptype":null,"windgust":19.9,"windspeed":11.3,"winddir":235.7,"pressure":1021.7,"visibility":24.1,"cloudcover":18.7,"solarradiation":851.0,"solarenergy":3.1,"uvindex":9.0,"severerisk":10.0,"conditions":"Clear","icon":"clear-day","stations":null,"source":"fcst"},{"datetime":"15:00:00","datetimeEpoch":1743174000,"temp":20.5,"feelslike":20.5,"humidity":51.96,"dew":10.3,"precip":0.0,"precipprob":0.0,"snow":0.0,"snowdepth":0.0,"preciptype":null,"windgust":22.7,"windspeed":13.0,"winddir":351.4,"pressure":1021.0,"visibility":24.1,"cloudcover":9.2,"solarradiation":766.0,"solarenergy":2.8,"uvindex":8.0,"severerisk":10.0,"conditions":"Clear","icon":"clear-day","stations":null,"source":"fcst"},{"datetime":"16:00:00","datetimeEpoch":1743177600,"temp":19.2,"feelslike":19.2,"humidity":56.45,"dew":10.3,"precip":0.0,"precipprob":0.0,"snow":0.0,"snowdepth":0.0,"preciptype":null,"windgust":26.3,"windspeed":14.4,"winddir":351.3,"pressure":1021.3,"visibility":24.1,"cloudcover":10.1,"solarradiation":625.0,"solarenergy":2.3,"uvindex":6.0,"severerisk":10.0,"conditions":"Clear","icon":"clear-day","stations":null,"source":"fcst"},{"datetime":"17:00:00","datetimeEpoch":1743181200,"temp":17.9,"feelslike":17.9,"humidity":61.37,"dew":10.3,"precip":0.0,"precipprob":0.0,"snow":0.0,"snowdepth":0.0,"preciptype":null,"windgust":29.9,"windspeed":15.8,"winddir":351.3,"pressure":1021.7,"visibility":24.1,"cloudcover":11.0,"solarradiation":441.0,"solarenergy":1.6,"uvindex":4.0,"severerisk":10.0,"conditions":"Clear","icon":"clear-day","stations":null,"source":"fcst"},{"datetime":"18:00:00","datetimeEpoch":1743184800,"temp":16.6,"feelslike":16.6,"humidity":66.78,"dew":10.4,"precip":0.0,"precipprob":0.0,"snow":0.0,"snowdepth":0.0,"preciptype":null,"windgust":33.5,"windspeed":17.3,"winddir":351.2,"pressure":1022.0,"visibility":24.1,"cloudcover":11.9,"solarradiation":233.0,"solarenergy":0.8,"uvindex":2.0,"severerisk":10.0,"conditions":"Clear","icon":"clear-day","stations":null,"source":"fcst"},{"datetime":"19:00:00","datetimeEpoch":1743188400,"temp":15.4,"feelslike":15.4,"humidity":71.48,"dew":10.3,"precip":0.0,"precipprob":0.0,"snow":0.0,"snowdepth":0.0,"preciptype":null,"windgust":30.1,"windspeed":15.8,"winddir":353.4,"pressure":1022.7,"visibility":24.1,"cloudcover":20.1,"solarradiation":45.0,"solarenergy":0.2,"uvindex":0.0,"severerisk":10.0,"conditions":"Partially cloudy","icon":"partly-cloudy-night","stations":null,"source":"fcst"},{"datetime":"20:00:00","datetimeEpoch":1743192000,"temp":14.4,"feelslike":14.4,"humidity":76.55,"dew":10.3,"precip":0.0,"precipprob":0.0,"snow":0.0,"snowdepth":0.0,"preciptype":null,"windgust":26.8,"windspeed":14.4,"winddir":355.5,"pressure":1023.3,"visibility":24.1,"cloudcover":28.2,"solarradiation":0.0,"solarenergy":0.0,"uvindex":0.0,"severerisk":10.0,"conditions":"Partially cloudy","icon":"partly-cloudy-night","stations":null,"source":"fcst"},{"datetime":"21:00:00","datetimeEpoch":1743195600,"temp":13.3,"feelslike":13.3,"humidity":82.04,"dew":10.3,"precip":0.0,"precipprob":0.0,"snow":0.0,"snowdepth":0.0,"preciptype":null,"windgust":23.4,"windspeed":13.0,"winddir":357.7,"pressure":1024.0,"visibility":24.1,"cloudcover":36.4,"solarradiation":0.0,"solarenergy":0.0,"uvindex":0.0,"severerisk":10.0,"conditions":"Partially cloudy","icon":"partly-cloudy-night","stations":null,"source":"fcst"},{"datetime":"22:00:00","datetimeEpoch":1743199200,"temp":13.2,"feelslike":13.2,"humidity":81.13,"dew":10.1,"precip":0.0,"precipprob":0.0,"snow":0.0,"snowdepth":0.0,"preciptype":null,"windgust":24.5,"windspeed":12.6,"winddir":353.8,"pressure":1023.7,"visibility":24.1,"cloudcover":36.3,"solarradiation":0.0,"solarenergy":0.0,"uvindex":0.0,"severerisk":10.0,"conditions":"Partially cloudy","icon":"partly-cloudy-night","stations":null,"source":"fcst"},{"datetime":"23:00:00","datetimeEpoch":1743202800,"temp":13.2,"feelslike":13.2,"humidity":80.22,"dew":9.9,"precip":0.0,"precipprob":0.0,"snow":0.0,"snowdepth":0.0,"preciptype":null,"windgust":25.6,"windspeed":12.2,"winddir":350.0,"pressure":1023.3,"visibility":24.1,"cloudcover":36.3,"solarradiation":0.0,"solarenergy":0.0,"uvindex":0.0,"severerisk":10.0,"conditions":"Partially cloudy","icon":"partly-cloudy-night","stations":null,"source":"fcst"}]},{"datetime":"2025-03-29","datetimeEpoch":1743206400,"tempmax":18.9,"tempmin":12.3,"temp":15.3,"feelslikemax":18.9,"feelslikemin":12.3,"feelslike":15.3,"dew":9.4,"humidity":69.0,"precip":0.0,"precipprob":0.0,"precipcover":0.0,"preciptype":null,"snow":0.0,"snowdepth":0.0,"windgust":40.3,"windspeed":20.5,"winddir":351.1,"pressure":1021.6,"cloudcover":22.6,"visibility":24.1,"solarradiation":265.5,"solarenergy":22.7,"uvindex":9.0,"severerisk":10.0,"sunrise":"06:25:47","sunriseEpoch":1743229547,"sunset":"18:57:29","sunsetEpoch":1743274649,"moonphase":0.0,"conditions":"Partially cloudy","description":"Partly cloudy throughout the day.","icon":"partly-cloudy-day","stations":null,"source":"fcst","hours":[{"datetime":"00:00:00","datetimeEpoch":1743206400,"temp":13.2,"feelslike":13.2,"humidity":79.33,"dew":9.7,"precip":0.0,"precipprob":0.0,"snow":0.0,"snowdepth":0.0,"preciptype":null,"windgust":26.6,"windspeed":11.9,"winddir":346.1,"pressure":1023.0,"visibility":24.1,"cloudcover":36.2,"solarradiation":0.0,"solarenergy":0.0,"uvindex":0.0,"severerisk":10.0,"conditions":"Partially cloudy","icon":"partly-cloudy-night","stations":null,"source":"fcst"},{"datetime":"01:00:00","datetimeEpoch":1743210000,"temp":13.0,"feelslike":13.0,"humidity":80.91,"dew":9.8,"precip":0.0,"precipprob":0.0,"snow":0.0,"snowdepth":0.0,"preciptype":null,"windgust":23.3,"windspeed":11.3,"winddir":341.2,"pressure":1022.7,"visibility":24.1,"cloudcover":51.3,"solarradiation":0.0,"solarenergy":0.0,"uvindex":0.0,"severerisk":10.0,"conditions":"Partially cloudy","icon":"partly-cloudy-night","stations":null,"source":"fcst"},{"datetime":"02:00:00","datetimeEpoch":1743213600,"temp":12.8,"feelslike":12.8,"humidity":82.53,"dew":9.9,"precip":0.0,"precipprob":0.0,"snow":0.0,"snowdepth":0.0,"preciptype":null,"windgust":19.9,"windspeed":10.7,"winddir":336.4,"pressure":1022.3,"visibility":24.1,"cloudcover":66.3,"solarradiation":0.0,"solarenergy":0.0,"uvindex":0.0,"severerisk":10.0,"conditions":"Partially cloudy","icon":"partly-cloudy-night","stations":null,"source":"fcst"},{"datetime":"03:00:00","datetimeEpoch":1743217200,"temp":12.6,"feelslike":12.6,"humidity":84.18,"dew":10.0,"precip":0.0,"precipprob":0.0,"snow":0.0,"snowdepth":0.0,"preciptype":null,"windgust":16.6,"windspeed":10.1,"winddir":331.5,"pressure":1022.0,"visibility":24.1,"cloudcover":81.4,"solarradiation":0.0,"solarenergy":0.0,"uvindex":0.0,"severerisk":10.0,"conditions":"Partially cloudy","icon":"partly-cloudy-night","stations":null,"source":"fcst"},{"datetime":"04:00:00","datetimeEpoch":1743220800,"temp":12.4,"feelslike":12.4,"humidity":82.49,"dew":9.6,"precip":0.0,"precipprob":0.0,"snow":0.0,"snowdepth":0.0,"preciptype":null,"windgust":17.9,"windspeed":10.7,"winddir":339.8,"pressure":1022.0,"visibility":24.1,"cloudcover":62.4,"solarradiation":0.0,"solarenergy":0.0,"uvindex":0.0,"severerisk":10.0,"conditions":"Partially cloudy","icon":"partly-cloudy-night","stations":null,"source":"fcst"},{"datetime":"05:00:00","datetimeEpoch":1743224400,"temp":12.4,"feelslike":12.4,"humidity":80.83,"dew":9.2,"precip":0.0,"precipprob":0.0,"snow":0.0,"snowdepth":0.0,"preciptype":null,"windgust":19.2,"windspeed":11.3,"winddir":348.0,"pressure":1022.0,"visibility":24.1,"cloudcover":43.3,"solarradiation":0.0,"solarenergy":0.0,"uvindex":0.0,"severerisk":10.0,"conditions":"Partially cloudy","icon":"partly-cloudy-night","stations":null,"source":"fcst"},{"datetime":"06:00:00","datetimeEpoch":1743228000,"temp":12.3,"feelslike":12.3,"humidity":79.2,"dew":8.8,"precip":0.0,"precipprob":0.0,"snow":0.0,"snowdepth":0.0,"preciptype":null,"windgust":20.5,"windspeed":11.9,"winddir":356.3,"pressure":1022.0,"visibility":24.1,"cloudcover":24.3,"solarradiation":0.0,"solarenergy":0.0,"uvindex":0.0,"severerisk":10.0,"conditions":"Partially cloudy","icon":"partly-cloudy-night","stations":null,"source":"fcst"},{"datetime":"07:00:00","datetimeEpoch":1743231600,"temp":13.0,"feelslike":13.0,"humidity":75.65,"dew":8.8,"precip":0.0,"precipprob":0.0,"snow":0.0,"snowdepth":0.0,"preciptype":null,"windgust":21.8,"windspeed":12.7,"winddir":237.6,"pressure":1022.3,"visibility":24.1,"cloudcover":19.7,"solarradiation":12.0,"solarenergy":0.0,"uvindex":0.0,"severerisk":10.0,"conditions":"Clear","icon":"clear-day","stations":null,"source":"fcst"},{"datetime":"08:00:00","datetimeEpoch":1743235200,"temp":13.7,"feelslike":13.7,"humidity":72.28,"dew":8.8,"precip":0.0,"precipprob":0.0,"snow":0.0,"snowdepth":0.0,"preciptype":null,"windgust":23.2,"windspeed":13.6,"winddir":118.8,"pressure":1022.7,"visibility":24.1,"cloudcover":15.0,"solarradiation":157.0,"solarenergy":0.6,"uvindex":2.0,"severerisk":10.0,"conditions":"Clear","icon":"clear-day","stations":null,"source":"fcst"},{"datetime":"09:00:00","datetimeEpoch":1743238800,"temp":14.5,"feelslike":14.5,"humidity":69.08,"dew":8.9,"precip":0.0,"precipprob":0.0,"snow":0.0,"snowdepth":0.0,"preciptype":null,"windgust":24.5,"windspeed":14.4,"winddir":0.1,"pressure":1023.0,"visibility":24.1,"cloudcover":10.4,"solarradiation":367.0,"solarenergy":1.3,"uvindex":4.0,"severerisk":10.0,"conditions":"Clear","icon":"clear-day","stations":null,"source":"fcst"},{"datetime":"10:00:00","datetimeEpoch":1743242400,"temp":15.7,"feelslike":15.7,"humidity":62.39,"dew":8.5,"precip":0.0,"precipprob":0.0,"snow":0.0,"snowdepth":0.0,"preciptype":null,"windgust":26.6,"windspeed":15.7,"winddir":118.1,"pressure":1023.0,"visibility":24.1,"cloudcover":6.9,"solarradiation":564.0,"solarenergy":2.0,"uvindex":6.0,"severerisk":10.0,"conditions":"Clear","icon":"clear-day","stations":null,"source":"fcst"},{"datetime":"11:00:00","datetimeEpoch":1743246000,"temp":16.9,"feelslike":16.9,"humidity":56.39,"dew":8.2,"precip":0.0,"precipprob":0.0,"snow":0.0,"snowdepth":0.0,"preciptype":null,"windgust":28.8,"windspeed":17.0,"winddir":236.1,"pressure":1023.0,"visibility":24.1,"cloudcover":3.5,"solarradiation":722.0,"solarenergy":2.6,"uvindex":7.0,"severerisk":10.0,"conditions":"Clear","icon":"clear-day","stations":null,"source":"fcst"},{"datetime":"12:00:00","datetimeEpoch":1743249600,"temp":18.2,"feelslike":18.2,"humidity":51.0,"dew":7.9,"precip":0.0,"precipprob":0.0,"snow":0.0,"snowdepth":0.0,"preciptype":null,"windgust":31.0,"windspeed":18.4,"winddir":354.1,"pressure":1023.0,"visibility":24.1,"cloudcover":0.0,"solarradiation":828.0,"solarenergy":3.0,"uvindex":8.0,"severerisk":10.0,"conditions":"Clear","icon":"clear-day","stations":null,"source":"fcst"},{"datetime":"13:00:00","datetimeEpoch":1743253200,"temp":18.4,"feelslike":18.4,"humidity":52.35,"dew":8.5,"precip":0.0,"precipprob":0.0,"snow":0.0,"snowdepth":0.0,"preciptype":null,"windgust":32.2,"windspeed":19.1,"winddir":352.2,"pressure":1022.3,"visibility":24.1,"cloudcover":0.0,"solarradiation":871.0,"solarenergy":3.1,"uvindex":9.0,"severerisk":10.0,"conditions":"Clear","icon":"clear-day","stations":null,"source":"fcst"},{"datetime":"14:00:00","datetimeEpoch":1743256800,"temp":18.6,"feelslike":18.6,"humidity":53.73,"dew":9.1,"precip":0.0,"precipprob":0.0,"snow":0.0,"snowdepth":0.0,"preciptype":null,"windgust":33.4,"windspeed":19.8,"winddir":350.3,"pressure":1021.7,"visibility":24.1,"cloudcover":0.0,"solarradiation":847.0,"solarenergy":3.0,"uvindex":8.0,"severerisk":10.0,"conditions":"Clear","icon":"clear-day","stations":null,"source":"fcst"},{"datetime":"15:00:00","datetimeEpoch":1743260400,"temp":18.9,"feelslike":18.9,"humidity":55.13,"dew":9.7,"precip":0.0,"precipprob":0.0,"snow":0.0,"snowdepth":0.0,"preciptype":null,"windgust":34.6,"windspeed":20.5,"winddir":348.4,"pressure":1021.0,"visibility":24.1,"cloudcover":0.0,"solarradiation":762.0,"solarenergy":2.7,"uvindex":8.0,"severerisk":10.0,"conditions":"Clear","icon":"clear-day","stations":null,"source":"fcst"},{"datetime":"16:00:00","datetimeEpoch":1743264000,"temp":18.1,"feelslike":18.1,"humidity":58.62,"dew":9.9,"precip":0.0,"precipprob":0.0,"snow":0.0,"snowdepth":0.0,"preciptype":null,"windgust":34.6,"windspeed":19.9,"winddir":350.2,"pressure":1020.7,"visibility":24.1,"cloudcover":0.0,"solarradiation":621.0,"solarenergy":2.2,"uvindex":6.0,"severerisk":10.0,"conditions":"Clear","icon":"clear-day","stations":null,"source":"fcst"},{"datetime":"17:00:00","datetimeEpoch":1743267600,"temp":17.3,"feelslike":17.3,"humidity":62.35,"dew":10.1,"precip":0.0,"precipprob":0.0,"snow":0.0,"snowdepth":0.0,"preciptype":null,"windgust":34.6,"windspeed":19.3,"winddir":351.9,"pressure":1020.3,"visibility":24.1,"cloudcover":0.0,"solarradiation":414.0,"solarenergy":1.5,"uvindex":4.0,"severerisk":10.0,"conditions":"Clear","icon":"clear-day","stations":null,"source":"fcst"},{"datetime":"18:00:00","datetimeEpoch":1743271200,"temp":16.6,"feelslike":16.6,"humidity":66.34,"dew":10.3,"precip":0.0,"precipprob":0.0,"snow":0.0,"snowdepth":0.0,"preciptype":null,"windgust":34.6,"windspeed":18.7,"winddir":353.7,"pressure":1020.0,"visibility":24.1,"cloudcover":0.0,"solarradiation":170.0,"solarenergy":0.6,"uvindex":2.0,"severerisk":10.0,"conditions":"Clear","icon":"clear-day","stations":null,"source":"fcst"},{"datetime":"19:00:00","datetimeEpoch":1743274800,"temp":15.8,"feelslike":15.8,"humidity":70.6,"dew":10.5,"precip":0.0,"precipprob":0.0,"snow":0.0,"snowdepth":0.0,"preciptype":null,"windgust":31.2,"windspeed":16.1,"winddir":236.8,"pressure":1020.3,"visibility":24.1,"cloudcover":0.0,"solarradiation":37.0,"solarenergy":0.1,"uvindex":0.0,"severerisk":10.0,"conditions":"Clear","icon":"clear-night","stations":null,"source":"fcst"},{"datetime":"20:00:00","datetimeEpoch":1743278400,"temp":15.1,"feelslike":15.1,"humidity":75.16,"dew":10.7,"precip":0.0,"precipprob":0.0,"snow":0.0,"snowdepth":0.0,"preciptype":null,"windgust":27.8,"windspeed":13.4,"winddir":119.9,"pressure":1020.7,"visibility":24.1,"cloudcover":0.0,"solarradiation":0.0,"solarenergy":0.0,"uvindex":0.0,"severerisk":10.0,"conditions":"Clear","icon":"clear-night","stations":null,"source":"fcst"},{"datetime":"21:00:00","datetimeEpoch":1743282000,"temp":14.4,"feelslike":14.4,"humidity":80.03,"dew":11.0,"precip":0.0,"precipprob":0.0,"snow":0.0,"snowdepth":0.0,"preciptype":null,"windgust":24.5,"windspeed":10.8,"winddir":3.0,"pressure":1021.0,"visibility":24.1,"cloudcover":0.0,"solarradiation":0.0,"solarenergy":0.0,"uvindex":0.0,"severerisk":10.0,"conditions":"Clear","icon":"clear-night","stations":null,"source":"fcst"},{"datetime":"22:00:00","datetimeEpoch":1743285600,"temp":16.6,"feelslike":16.6,"humidity":63.3,"dew":9.6,"precip":0.0,"precipprob":0.0,"snow":0.0,"snowdepth":0.0,"preciptype":null,"windgust":20.5,"windspeed":8.6,"winddir":44.0,"pressure":1019.0,"visibility":24.1,"cloudcover":51.0,"solarradiation":0.0,"solarenergy":0.0,"uvindex":0.0,"severerisk":10.0,"conditions":"Partially cloudy","icon":"partly-cloudy-night","stations":null,"source":"fcst"},{"datetime":"23:00:00","datetimeEpoch":1743289200,"temp":16.3,"feelslike":16.3,"humidity":62.81,"dew":9.2,"precip":0.0,"precipprob":0.0,"snow":0.0,"snowdepth":0.0,"preciptype":null,"windgust":40.3,"windspeed":8.3,"winddir":43.4,"pressure":1019.0,"visibility":24.1,"cloudcover":71.2,"solarradiation":0.0,"solarenergy":0.0,"uvindex":0.0,"severerisk":10.0,"conditions":"Partially cloudy","icon":"partly-cloudy-night","stations":null,"source":"fcst"}]},{"datetime":"2025-03-30","datetimeEpoch":1743292800,"tempmax":22.7,"tempmin":13.3,"temp":17.5,"feelslikemax":22.7,"feelslikemin":13.3,"feelslike":17.5,"dew":8.2,"humidity":54.9,"precip":0.0,"precipprob":0.0,"precipcover":0.0,"preciptype":null,"snow":0.0,"snowdepth":0.0,"windgust":49.0,"windspeed":20.9,"winddir":78.3,"pressure":1017.8,"cloudcover":18.1,"visibility":24.1,"solarradiation":276.7,"solarenergy":23.0,"uvindex":8.0,"severerisk":10.0,"sunrise":"07:24:14","sunriseEpoch":1743315854,"sunset":"19:58:27","sunsetEpoch":1743361107,"moonphase":0.04,"conditions":"Clear","description":"Clear conditions throughout the day.","icon":"clear-day","stations":null,"source":"fcst","hours":[{"datetime":"00:00:00","datetimeEpoch":1743292800,"temp":16.8,"feelslike":16.8,"humidity":54.96,"dew":7.7,"precip":0.0,"precipprob":0.0,"snow":0.0,"snowdepth":0.0,"preciptype":null,"windgust":46.8,"windspeed":12.2,"winddir":61.7,"pressure":1019.0,"visibility":24.1,"cloudcover":80.8,"solarradiation":0.0,"solarenergy":0.0,"uvindex":0.0,"severerisk":10.0,"conditions":"Partially cloudy","icon":"partly-cloudy-night","stations":null,"source":"fcst"},{"datetime":"02:00:00","datetimeEpoch":1743296400,"tzoffset":1.0,"temp":16.2,"feelslike":16.2,"humidity":56.22,"dew":7.5,"precip":0.0,"precipprob":0.0,"snow":0.0,"snowdepth":0.0,"preciptype":null,"windgust":47.5,"windspeed":13.6,"winddir":60.6,"pressure":1018.7,"visibility":24.1,"cloudcover":78.9,"solarradiation":0.0,"solarenergy":0.0,"uvindex":0.0,"severerisk":10.0,"conditions":"Partially cloudy","icon":"partly-cloudy-night","stations":null,"source":"fcst"},{"datetime":"03:00:00","datetimeEpoch":1743300000,"tzoffset":1.0,"temp":15.7,"feelslike":15.7,"humidity":57.5,"dew":7.3,"precip":0.0,"precipprob":0.0,"snow":0.0,"snowdepth":0.0,"preciptype":null,"windgust":48.2,"windspeed":14.9,"winddir":59.4,"pressure":1018.3,"visibility":24.1,"cloudcover":76.9,"solarradiation":0.0,"solarenergy":0.0,"uvindex":0.0,"severerisk":10.0,"conditions":"Partially cloudy","icon":"partly-cloudy-night","stations":null,"source":"fcst"},{"datetime":"04:00:00","datetimeEpoch":1743303600,"tzoffset":1.0,"temp":15.2,"feelslike":15.2,"humidity":58.83,"dew":7.2,"precip":0.0,"precipprob":0.0,"snow":0.0,"snowdepth":0.0,"preciptype":null,"windgust":49.0,"windspeed":16.2,"winddir":58.3,"pressure":1018.0,"visibility":24.1,"cloudcover":75.0,"solarradiation":0.0,"solarenergy":0.0,"uvindex":0.0,"severerisk":10.0,"conditions":"Partially cloudy","icon":"partly-cloudy-night","stations":null,"source":"fcst"},{"datetime":"05:00:00","datetimeEpoch":1743307200,"tzoffset":1.0,"temp":14.5,"feelslike":14.5,"humidity":60.17,"dew":6.9,"precip":0.0,"precipprob":0.0,"snow":0.0,"snowdepth":0.0,"preciptype":null,"windgust":46.0,"windspeed":15.8,"winddir":62.7,"pressure":1018.0,"visibility":24.1,"cloudcover":51.7,"solarradiation":0.0,"solarenergy":0.0,"uvindex":0.0,"severerisk":10.0,"conditions":"Partially cloudy","icon":"partly-cloudy-night","stations":null,"source":"fcst"},{"datetime":"06:00:00","datetimeEpoch":1743310800,"tzoffset":1.0,"temp":13.9,"feelslike":13.9,"humidity":61.55,"dew":6.6,"precip":0.0,"precipprob":0.0,"snow":0.0,"snowdepth":0.0,"preciptype":null,"windgust":43.0,"windspeed":15.5,"winddir":67.1,"pressure":1018.0,"visibility":24.1,"cloudcover":28.3,"solarradiation":0.0,"solarenergy":0.0,"uvindex":0.0,"severerisk":10.0,"conditions":"Partially cloudy","icon":"partly-cloudy-night","stations":null,"source":"fcst"},{"datetime":"07:00:00","datetimeEpoch":1743314400,"tzoffset":1.0,"temp":13.3,"feelslike":13.3,"humidity":62.98,"dew":6.4,"precip":0.0,"precipprob":0.0,"snow":0.0,"snowdepth":0.0,"preciptype":null,"windgust":40.0,"windspeed":15.1,"winddir":71.5,"pressure":1018.0,"visibility":24.1,"cloudcover":5.0,"solarradiation":0.0,"solarenergy":0.0,"uvindex":0.0,"severerisk":10.0,"conditions":"Clear","icon":"clear-night","stations":null,"source":"fcst"},{"datetime":"08:00:00","datetimeEpoch":1743318000,"tzoffset":1.0,"temp":13.9,"feelslike":13.9,"humidity":61.84,"dew":6.7,"precip":0.0,"precipprob":0.0,"snow":0.0,"snowdepth":0.0,"preciptype":null,"windgust":39.5,"windspeed":17.0,"winddir":75.0,"pressure":1018.3,"visibility":24.1,"cloudcover":5.0,"solarradiation":59.0,"solarenergy":0.3,"uvindex":1.0,"severerisk":10.0,"conditions":"Clear","icon":"clear-day","stations":null,"source":"fcst"},{"datetime":"09:00:00","datetimeEpoch":1743321600,"tzoffset":1.0,"temp":14.6,"feelslike":14.6,"humidity":60.74,"dew":7.1,"precip":0.0,"precipprob":0.0,"snow":0.0,"snowdepth":0.0,"preciptype":null,"windgust":39.0,"windspeed":19.0,"winddir":78.6,"pressure":1018.7,"visibility":24.1,"cloudcover":5.0,"solarradiation":118.0,"solarenergy":0.5,"uvindex":1.0,"severerisk":10.0,"conditions":"Clear","icon":"clear-day","stations":null,"source":"fcst"},{"datetime":"10:00:00","datetimeEpoch":1743325200,"tzoffset":1.0,"temp":15.3,"feelslike":15.3,"humidity":59.67,"dew":7.5,"precip":0.0,"precipprob":0.0,"snow":0.0,"snowdepth":0.0,"preciptype":null,"windgust":38.5,"windspeed":20.9,"winddir":82.1,"pressure":1019.0,"visibility":24.1,"cloudcover":5.0,"solarradiation":177.0,"solarenergy":0.6,"uvindex":2.0,"severerisk":10.0,"conditions":"Clear","icon":"clear-day","stations":null,"source":"fcst"},{"datetime":"11:00:00","datetimeEpoch":1743328800,"tzoffset":1.0,"temp":16.8,"feelslike":16.8,"humidity":55.47,"dew":7.8,"precip":0.0,"precipprob":0.0,"snow":0.0,"snowdepth":0.0,"preciptype":null,"windgust":34.4,"windspeed":20.4,"winddir":81.6,"pressure":1018.7,"visibility":24.1,"cloudcover":3.3,"solarradiation":349.7,"solarenergy":1.2,"uvindex":3.0,"severerisk":10.0,"conditions":"Clear","icon":"clear-day","stations":null,"source":"fcst"},{"datetime":"12:00:00","datetimeEpoch":1743332400,"tzoffset":1.0,"temp":18.3,"feelslike":18.3,"humidity":51.63,"dew":8.2,"precip":0.0,"precipprob":0.0,"snow":0.0,"snowdepth":0.0,"preciptype":null,"windgust":30.4,"windspeed":19.9,"winddir":81.2,"pressure":1018.3,"visibility":24.1,"cloudcover":1.7,"solarradiation":522.3,"solarenergy":1.9,"uvindex":5.0,"severerisk":10.0,"conditions":"Clear","icon":"clear-day","stations":null,"source":"fcst"},{"datetime":"13:00:00","datetimeEpoch":1743336000,"tzoffset":1.0,"temp":19.9,"feelslike":19.9,"humidity":48.1,"dew":8.6,"precip":0.0,"precipprob":0.0,"snow":0.0,"snowdepth":0.0,"preciptype":null,"windgust":26.3,"windspeed":19.4,"winddir":80.7,"pressure":1018.0,"visibility":24.1,"cloudcover":0.0,"solarradiation":695.0,"solarenergy":2.5,"uvindex":7.0,"severerisk":10.0,"conditions":"Clear","icon":"clear-day","stations":null,"source":"fcst"},{"datetime":"14:00:00","datetimeEpoch":1743339600,"tzoffset":1.0,"temp":20.8,"feelslike":20.8,"humidity":45.82,"dew":8.7,"precip":0.0,"precipprob":0.0,"snow":0.0,"snowdepth":0.0,"preciptype":null,"windgust":24.2,"windspeed":18.6,"winddir":87.2,"pressure":1017.7,"visibility":24.1,"cloudcover":0.0,"solarradiation":735.7,"solarenergy":2.6,"uvindex":7.0,"severerisk":10.0,"conditions":"Clear","icon":"clear-day","stations":null,"source":"fcst"},{"datetime":"15:00:00","datetimeEpoch":1743343200,"tzoffset":1.0,"temp":21.7,"feelslike":21.7,"humidity":43.66,"dew":8.8,"precip":0.0,"precipprob":0.0,"snow":0.0,"snowdepth":0.0,"preciptype":null,"windgust":22.2,"windspeed":17.8,"winddir":93.8,"pressure":1017.3,"visibility":24.1,"cloudcover":0.0,"solarradiation":776.3,"solarenergy":2.8,"uvindex":8.0,"severerisk":10.0,"conditions":"Clear","icon":"clear-day","stations":null,"source":"fcst"},{"datetime":"16:00:00","datetimeEpoch":1743346800,"tzoffset":1.0,"temp":22.7,"feelslike":22.7,"humidity":41.62,"dew":9.0,"precip":0.0,"precipprob":0.0,"snow":0.0,"snowdepth":0.0,"preciptype":null,"windgust":20.2,"windspeed":16.9,"winddir":100.3,"pressure":1017.0,"visibility":24.1,"cloudcover":0.0,"solarradiation":817.0,"solarenergy":2.9,"uvindex":8.0,"severerisk":10.0,"conditions":"Clear","icon":"clear-day","stations":null,"source":"fcst"},{"datetime":"17:00:00","datetimeEpoch":1743350400,"tzoffset":1.0,"temp":21.9,"feelslike":21.9,"humidity":44.7,"dew":9.3,"precip":0.0,"precipprob":0.0,"snow":0.0,"snowdepth":0.0,"preciptype":null,"windgust":20.8,"windspeed":16.0,"winddir":94.4,"pressure":1017.0,"visibility":24.1,"cloudcover":0.0,"solarradiation":688.7,"solarenergy":2.5,"uvindex":7.0,"severerisk":10.0,"conditions":"Clear","icon":"clear-day","stations":null,"source":"fcst"},{"datetime":"18:00:00","datetimeEpoch":1743354000,"tzoffset":1.0,"temp":21.1,"feelslike":21.1,"humidity":48.02,"dew":9.7,"precip":0.0,"precipprob":0.0,"snow":0.0,"snowdepth":0.0,"preciptype":null,"windgust":21.4,"windspeed":15.0,"winddir":88.6,"pressure":1017.0,"visibility":24.1,"cloudcover":0.0,"solarradiation":560.3,"solarenergy":2.0,"uvindex":6.0,"severerisk":10.0,"conditions":"Clear","icon":"clear-day","stations":null,"source":"fcst"},{"datetime":"19:00:00","datetimeEpoch":1743357600,"tzoffset":1.0,"temp":20.4,"feelslike":20.4,"humidity":51.59,"dew":10.1,"precip":0.0,"precipprob":0.0,"snow":0.0,"snowdepth":0.0,"preciptype":null,"windgust":22.0,"windspeed":14.0,"winddir":82.7,"pressure":1017.0,"visibility":24.1,"cloudcover":0.0,"solarradiation":432.0,"solarenergy":1.6,"uvindex":4.0,"severerisk":10.0,"conditions":"Clear","icon":"clear-day","stations":null,"source":"fcst"},{"datetime":"20:00:00","datetimeEpoch":1743361200,"tzoffset":1.0,"temp":19.2,"feelslike":19.2,"humidity":54.6,"dew":9.8,"precip":0.0,"precipprob":0.0,"snow":0.0,"snowdepth":0.0,"preciptype":null,"windgust":27.0,"windspeed":13.4,"winddir":81.3,"pressure":1017.0,"visibility":24.1,"cloudcover":0.0,"solarradiation":288.0,"solarenergy":1.1,"uvindex":0.0,"severerisk":10.0,"conditions":"Clear","icon":"clear-night","stations":null,"source":"fcst"},{"datetime":"21:00:00","datetimeEpoch":1743364800,"tzoffset":1.0,"temp":18.0,"feelslike":18.0,"humidity":57.82,"dew":9.6,"precip":0.0,"precipprob":0.0,"snow":0.0,"snowdepth":0.0,"preciptype":null,"windgust":32.0,"windspeed":12.8,"winddir":79.8,"pressure":1017.0,"visibility":24.1,"cloudcover":0.0,"solarradiation":144.0,"solarenergy":0.5,"uvindex":0.0,"severerisk":10.0,"conditions":"Clear","icon":"clear-night","stations":null,"source":"fcst"},{"datetime":"22:00:00","datetimeEpoch":1743368400,"tzoffset":1.0,"temp":16.9,"feelslike":16.9,"humidity":61.28,"dew":9.4,"precip":0.0,"precipprob":0.0,"snow":0.0,"snowdepth":0.0,"preciptype":null,"windgust":37.1,"windspeed":12.2,"winddir":78.4,"pressure":1017.0,"visibility":24.1,"cloudcover":0.0,"solarradiation":0.0,"solarenergy":0.0,"uvindex":0.0,"severerisk":10.0,"conditions":"Clear","icon":"clear-night","stations":null,"source":"fcst"},{"datetime":"23:00:00","datetimeEpoch":1743372000,"tzoffset":1.0,"temp":16.1,"feelslike":16.1,"humidity":63.76,"dew":9.2,"precip":0.0,"precipprob":0.0,"snow":0.0,"snowdepth":0.0,"preciptype":null,"windgust":36.0,"windspeed":11.6,"winddir":81.2,"pressure":1017.0,"visibility":24.1,"cloudcover":0.0,"solarradiation":0.0,"solarenergy":0.0,"uvindex":0.0,"severerisk":10.0,"conditions":"Clear","icon":"clear-night","stations":null,"source":"fcst"}]},{"datetime":"2025-03-31","datetimeEpoch":1743375600,"tzoffset":1.0,"tempmax":21.2,"tempmin":11.6,"temp":15.9,"feelslikemax":21.2,"feelslikemin":11.6,"feelslike":15.9,"dew":7.6,"humidity":59.2,"precip":0.0,"precipprob":0.0,"precipcover":0.0,"preciptype":null,"snow":0.0,"snowdepth":0.0,"windgust":36.7,"windspeed":22.0,"winddir":112.3,"pressure":1016.3,"cloudcover":54.5,"visibility":24.1,"solarradiation":234.9,"solarenergy":20.6,"uvindex":7.0,"severerisk":10.0,"sunrise":"07:22:40","sunriseEpoch":1743402160,"sunset":"19:59:24","sunsetEpoch":1743447564,"moonphase":0.07,"conditions":"Partially cloudy","description":"Partly cloudy throughout the day.","icon":"partly-cloudy-day","stations":null,"source":"fcst","hours":[{"datetime":"00:00:00","datetimeEpoch":1743375600,"tzoffset":1.0,"temp":15.3,"feelslike":15.3,"humidity":66.37,"dew":9.1,"precip":0.0,"precipprob":0.0,"snow":0.0,"snowdepth":0.0,"preciptype":null,"windgust":34.9,"windspeed":11.0,"winddir":84.0,"pressure":1017.0,"visibility":24.1,"cloudcover":0.0,"solarradiation":0.0,"solarenergy":0.0,"uvindex":0.0,"severerisk":10.0,"conditions":"Clear","icon":"clear-night","stations":null,"source":"fcst"},{"datetime":"01:00:00","datetimeEpoch":1743379200,"tzoffset":1.0,"temp":14.6,"feelslike":14.6,"humidity":69.1,"dew":9.0,"precip":0.0,"precipprob":0.0,"snow":0.0,"snowdepth":0.0,"preciptype":null,"windgust":33.8,"windspeed":10.4,"winddir":86.8,"pressure":1017.0,"visibility":24.1,"cloudcover":0.0,"solarradiation":0.0,"solarenergy":0.0,"uvindex":0.0,"severerisk":10.0,"conditions":"Clear","icon":"clear-night","stations":null,"source":"fcst"},{"datetime":"02:00:00","datetimeEpoch":1743382800,"tzoffset":1.0,"temp":13.9,"feelslike":13.9,"humidity":70.55,"dew":8.7,"precip":0.0,"precipprob":0.0,"snow":0.0,"snowdepth":0.0,"preciptype":null,"windgust":30.4,"windspeed":10.2,"winddir":84.6,"pressure":1016.7,"visibility":24.1,"cloudcover":0.0,"solarradiation":0.0,"solarenergy":0.0,"uvindex":0.0,"severerisk":10.0,"conditions":"Clear","icon":"clear-night","stations":null,"source":"fcst"},{"datetime":"03:00:00","datetimeEpoch":1743386400,"tzoffset":1.0,"temp":13.3,"feelslike":13.3,"humidity":72.04,"dew":8.4,"precip":0.0,"precipprob":0.0,"snow":0.0,"snowdepth":0.0,"preciptype":null,"windgust":26.9,"windspeed":10.0,"winddir":82.3,"pressure":1016.3,"visibility":24.1,"cloudcover":0.0,"solarradiation":0.0,"solarenergy":0.0,"uvindex":0.0,"severerisk":10.0,"conditions":"Clear","icon":"clear-night","stations":null,"source":"fcst"},{"datetime":"04:00:00","datetimeEpoch":1743390000,"tzoffset":1.0,"temp":12.7,"feelslike":12.7,"humidity":73.57,"dew":8.1,"precip":0.0,"precipprob":0.0,"snow":0.0,"snowdepth":0.0,"preciptype":null,"windgust":23.4,"windspeed":9.7,"winddir":80.1,"pressure":1016.0,"visibility":24.1,"cloudcover":0.0,"solarradiation":0.0,"solarenergy":0.0,"uvindex":0.0,"severerisk":10.0,"conditions":"Clear","icon":"clear-night","stations":null,"source":"fcst"},{"datetime":"05:00:00","datetimeEpoch":1743393600,"tzoffset":1.0,"temp":12.3,"feelslike":12.3,"humidity":73.34,"dew":7.7,"precip":0.0,"precipprob":0.0,"snow":0.0,"snowdepth":0.0,"preciptype":null,"windgust":25.2,"windspeed":10.3,"winddir":81.3,"pressure":1016.0,"visibility":24.1,"cloudcover":33.3,"solarradiation":0.0,"solarenergy":0.0,"uvindex":0.0,"severerisk":10.0,"conditions":"Partially cloudy","icon":"partly-cloudy-night","stations":null,"source":"fcst"},{"datetime":"06:00:00","datetimeEpoch":1743397200,"tzoffset":1.0,"temp":11.9,"feelslike":11.9,"humidity":73.11,"dew":7.3,"precip":0.0,"precipprob":0.0,"snow":0.0,"snowdepth":0.0,"preciptype":null,"windgust":27.0,"windspeed":10.9,"winddir":82.5,"pressure":1016.0,"visibility":24.1,"cloudcover":66.7,"solarradiation":0.0,"solarenergy":0.0,"uvindex":0.0,"severerisk":10.0,"conditions":"Partially cloudy","icon":"partly-cloudy-night","stations":null,"source":"fcst"},{"datetime":"07:00:00","datetimeEpoch":1743400800,"tzoffset":1.0,"temp":11.6,"feelslike":11.6,"humidity":72.87,"dew":6.9,"precip":0.0,"precipprob":0.0,"snow":0.0,"snowdepth":0.0,"preciptype":null,"windgust":28.8,"windspeed":11.5,"winddir":83.7,"pressure":1016.0,"visibility":24.1,"cloudcover":100.0,"solarradiation":0.0,"solarenergy":0.0,"uvindex":0.0,"severerisk":10.0,"conditions":"Overcast","icon":"cloudy","stations":null,"source":"fcst"},{"datetime":"08:00:00","datetimeEpoch":1743404400,"tzoffset":1.0,"temp":12.4,"feelslike":12.4,"humidity":67.43,"dew":6.6,"precip":0.0,"precipprob":0.0,"snow":0.0,"snowdepth":0.0,"preciptype":null,"windgust":31.4,"windspeed":13.8,"winddir":90.7,"pressure":1016.3,"visibility":24.1,"cloudcover":100.0,"solarradiation":52.3,"solarenergy":0.3,"uvindex":1.0,"severerisk":10.0,"conditions":"Overcast","icon":"cloudy","stations":null,"source":"fcst"},{"datetime":"09:00:00","datetimeEpoch":1743408000,"tzoffset":1.0,"temp":13.4,"feelslike":13.4,"humidity":62.42,"dew":6.3,"precip":0.0,"precipprob":0.0,"snow":0.0,"snowdepth":0.0,"preciptype":null,"windgust":34.1,"windspeed":16.1,"winddir":97.8,"pressure":1016.7,"visibility":24.1,"cloudcover":100.0,"solarradiation":104.7,"solarenergy":0.5,"uvindex":1.0,"severerisk":10.0,"conditions":"Overcast","icon":"cloudy","stations":null,"source":"fcst"},{"datetime":"10:00:00","datetimeEpoch":1743411600,"tzoffset":1.0,"temp":14.3,"feelslike":14.3,"humidity":57.81,"dew":6.1,"precip":0.0,"precipprob":0.0,"snow":0.0,"snowdepth":0.0,"preciptype":null,"windgust":36.7,"windspeed":18.4,"winddir":104.8,"pressure":1017.0,"visibility":24.1,"cloudcover":100.0,"solarradiation":157.0,"solarenergy":0.6,"uvindex":2.0,"severerisk":10.0,"conditions":"Overcast","icon":"cloudy","stations":null,"source":"fcst"},{"datetime":"11:00:00","datetimeEpoch":1743415200,"tzoffset":1.0,"temp":15.8,"feelslike":15.8,"humidity":50.96,"dew":5.7,"precip":0.0,"precipprob":0.0,"snow":0.0,"snowdepth":0.0,"preciptype":null,"windgust":34.4,"windspeed":19.6,"winddir":111.6,"pressure":1016.7,"visibility":24.1,"cloudcover":100.0,"solarradiation":308.0,"solarenergy":1.1,"uvindex":3.0,"severerisk":10.0,"conditions":"Overcast","icon":"cloudy","stations":null,"source":"fcst"},{"datetime":"12:00:00","datetimeEpoch":1743418800,"tzoffset":1.0,"temp":17.4,"feelslike":17.4,"humidity":44.97,"dew":5.3,"precip":0.0,"precipprob":0.0,"snow":0.0,"snowdepth":0.0,"preciptype":null,"windgust":32.2,"windspeed":20.8,"winddir":118.5,"pressure":1016.3,"visibility":24.1,"cloudcover":100.0,"solarradiation":459.0,"solarenergy":1.7,"uvindex":5.0,"severerisk":10.0,"conditions":"Overcast","icon":"cloudy","stations":null,"source":"fcst"},{"datetime":"13:00:00","datetimeEpoch":1743422400,"tzoffset":1.0,"temp":19.0,"feelslike":19.0,"humidity":39.73,"dew":5.0,"precip":0.0,"precipprob":0.0,"snow":0.0,"snowdepth":0.0,"preciptype":null,"windgust":29.9,"windspeed":22.0,"winddir":125.3,"pressure":1016.0,"visibility":24.1,"cloudcover":100.0,"solarradiation":610.0,"solarenergy":2.2,"uvindex":6.0,"severerisk":10.0,"conditions":"Overcast","icon":"cloudy","stations":null,"source":"fcst"},{"datetime":"14:00:00","datetimeEpoch":1743426000,"tzoffset":1.0,"temp":19.7,"feelslike":19.7,"humidity":40.03,"dew":5.7,"precip":0.0,"precipprob":0.0,"snow":0.0,"snowdepth":0.0,"preciptype":null,"windgust":27.5,"windspeed":20.6,"winddir":127.2,"pressure":1015.7,"visibility":24.1,"cloudcover":68.5,"solarradiation":646.0,"solarenergy":2.3,"uvindex":6.0,"severerisk":10.0,"conditions":"Partially cloudy","icon":"partly-cloudy-day","stations":null,"source":"fcst"},{"datetime":"15:00:00","datetimeEpoch":1743429600,"tzoffset":1.0,"temp":20.4,"feelslike":20.4,"humidity":40.34,"dew":6.5,"precip":0.0,"precipprob":0.0,"snow":0.0,"snowdepth":0.0,"preciptype":null,"windgust":25.1,"windspeed":19.3,"winddir":129.0,"pressure":1015.3,"visibility":24.1,"cloudcover":36.9,"solarradiation":682.0,"solarenergy":2.5,"uvindex":7.0,"severerisk":10.0,"conditions":"Partially cloudy","icon":"partly-cloudy-day","stations":null,"source":"fcst"},{"datetime":"16:00:00","datetimeEpoch":1743433200,"tzoffset":1.0,"temp":21.2,"feelslike":21.2,"humidity":40.64,"dew":7.3,"precip":0.0,"precipprob":0.0,"snow":0.0,"snowdepth":0.0,"preciptype":null,"windgust":22.7,"windspeed":18.0,"winddir":130.9,"pressure":1015.0,"visibility":24.1,"cloudcover":5.4,"solarradiation":718.0,"solarenergy":2.6,"uvindex":7.0,"severerisk":10.0,"conditions":"Clear","icon":"clear-day","stations":null,"source":"fcst"},{"datetime":"17:00:00","datetimeEpoch":1743436800,"tzoffset":1.0,"temp":20.4,"feelslike":20.4,"humidity":44.49,"dew":7.9,"precip":0.0,"precipprob":0.0,"snow":0.0,"snowdepth":0.0,"preciptype":null,"windgust":23.2,"windspeed":14.9,"winddir":136.4,"pressure":1015.3,"visibility":24.1,"cloudcover":36.9,"solarradiation":610.0,"solarenergy":2.2,"uvindex":6.0,"severerisk":10.0,"conditions":"Partially cloudy","icon":"partly-cloudy-day","stations":null,"source":"fcst"},{"datetime":"18:00:00","datetimeEpoch":1743440400,"tzoffset":1.0,"temp":19.7,"feelslike":19.7,"humidity":48.71,"dew":8.6,"precip":0.0,"precipprob":0.0,"snow":0.0,"snowdepth":0.0,"preciptype":null,"windgust":23.6,"windspeed":11.8,"winddir":141.9,"pressure":1015.7,"visibility":24.1,"cloudcover":68.5,"solarradiation":502.0,"solarenergy":1.8,"uvindex":5.0,"severerisk":10.0,"conditions":"Partially cloudy","icon":"partly-cloudy-day","stations":null,"source":"fcst"},{"datetime":"19:00:00","datetimeEpoch":1743444000,"tzoffset":1.0,"temp":19.0,"feelslike":19.0,"humidity":53.33,"dew":9.3,"precip":0.0,"precipprob":0.0,"snow":0.0,"snowdepth":0.0,"preciptype":null,"windgust":24.1,"windspeed":8.6,"winddir":147.4,"pressure":1016.0,"visibility":24.1,"cloudcover":100.0,"solarradiation":394.0,"solarenergy":1.4,"uvindex":4.0,"severerisk":10.0,"conditions":"Overcast","icon":"cloudy","stations":null,"source":"fcst"},{"datetime":"20:00:00","datetimeEpoch":1743447600,"tzoffset":1.0,"temp":17.7,"feelslike":17.7,"humidity":58.01,"dew":9.4,"precip":0.0,"precipprob":0.0,"snow":0.0,"snowdepth":0.0,"preciptype":null,"windgust":16.9,"windspeed":6.5,"winddir":152.4,"pressure":1016.3,"visibility":24.1,"cloudcover":75.2,"solarradiation":262.7,"solarenergy":0.9,"uvindex":0.0,"severerisk":10.0,"conditions":"Partially cloudy","icon":"partly-cloudy-night","stations":null,"source":"fcst"},{"datetime":"21:00:00","datetimeEpoch":1743451200,"tzoffset":1.0,"temp":16.5,"feelslike":16.5,"humidity":63.14,"dew":9.4,"precip":0.0,"precipprob":0.0,"snow":0.0,"snowdepth":0.0,"preciptype":null,"windgust":9.7,"windspeed":4.3,"winddir":157.3,"pressure":1016.7,"visibility":24.1,"cloudcover":50.3,"solarradiation":131.3,"solarenergy":0.5,"uvindex":0.0,"severerisk":10.0,"conditions":"Partially cloudy","icon":"partly-cloudy-night","stations":null,"source":"fcst"},{"datetime":"22:00:00","datetimeEpoch":1743454800,"tzoffset":1.0,"temp":15.3,"feelslike":15.3,"humidity":68.78,"dew":9.6,"precip":0.0,"precipprob":0.0,"snow":0.0,"snowdepth":0.0,"preciptype":null,"windgust":2.5,"windspeed":2.2,"winddir":162.3,"pressure":1017.0,"visibility":24.1,"cloudcover":25.5,"solarradiation":0.0,"solarenergy":0.0,"uvindex":0.0,"severerisk":10.0,"conditions":"Partially cloudy","icon":"partly-cloudy-night","stations":null,"source":"fcst"},{"datetime":"23:00:00","datetimeEpoch":1743458400,"tzoffset":1.0,"temp":14.8,"feelslike":14.8,"humidity":69.46,"dew":9.3,"precip":0.0,"precipprob":0.0,"snow":0.0,"snowdepth":0.0,"preciptype":null,"windgust":8.3,"windspeed":4.1,"winddir":156.1,"pressure":1017.0,"visibility":24.1,"cloudcover":41.3,"solarradiation":0.0,"solarenergy":0.0,"uvindex":0.0,"severerisk":10.0,"conditions":"Partially cloudy","icon":"partly-cloudy-night","stations":null,"source":"fcst"}]},{"datetime":"2025-04-01","datetimeEpoch":1743462000,"tzoffset":1.0,"tempmax":19.2,"tempmin":11.4,"temp":15.3,"feelslikemax":19.2,"feelslikemin":11.4,"feelslike":15.3,"dew":9.9,"humidity":70.2,"precip":0.0,"precipprob":16.1,"precipcover":0.0,"preciptype":null,"snow":0.0,"snowdepth":0.0,"windgust":19.8,"windspeed":11.2,"winddir":191.0,"pressure":1016.5,"cloudcover":54.6,"visibility":24.1,"solarradiation":257.8,"solarenergy":22.5,"uvindex":8.0,"severerisk":10.0,"sunrise":"07:21:08","sunriseEpoch":1743488468,"sunset":"20:00:21","sunsetEpoch":174353402
[...]
nditions":"Clear","icon":"clear-day","stations":null,"source":"fcst"},{"datetime":"14:00:00","datetimeEpoch":1744030800,"tzoffset":1.0,"temp":19.6,"feelslike":19.6,"humidity":38.03,"dew":4.9,"precip":0.0,"precipprob":35.5,"snow":0.0,"snowdepth":0.0,"preciptype":null,"windgust":13.0,"windspeed":11.5,"winddir":49.1,"pressure":1013.7,"visibility":24.1,"cloudcover":4.5,"solarradiation":781.3,"solarenergy":2.8,"uvindex":8.0,"severerisk":10.0,"conditions":"Clear","icon":"clear-day","stations":null,"source":"fcst"},{"datetime":"15:00:00","datetimeEpoch":1744034400,"tzoffset":1.0,"temp":20.3,"feelslike":20.3,"humidity":36.41,"dew":4.9,"precip":0.0,"precipprob":35.5,"snow":0.0,"snowdepth":0.0,"preciptype":null,"windgust":11.2,"windspeed":9.4,"winddir":27.8,"pressure":1013.3,"visibility":24.1,"cloudcover":6.6,"solarradiation":820.7,"solarenergy":3.0,"uvindex":8.0,"severerisk":10.0,"conditions":"Clear","icon":"clear-day","stations":null,"source":"fcst"},{"datetime":"16:00:00","datetimeEpoch":1744038000,"tzoffset":1.0,"temp":21.0,"feelslike":21.0,"humidity":34.86,"dew":4.9,"precip":0.0,"precipprob":35.5,"snow":0.0,"snowdepth":0.0,"preciptype":null,"windgust":9.4,"windspeed":7.2,"winddir":6.6,"pressure":1013.0,"visibility":24.1,"cloudcover":8.8,"solarradiation":860.0,"solarenergy":3.1,"uvindex":9.0,"severerisk":10.0,"conditions":"Clear","icon":"clear-day","stations":null,"source":"fcst"},{"datetime":"17:00:00","datetimeEpoch":1744041600,"tzoffset":1.0,"temp":19.9,"feelslike":19.9,"humidity":39.09,"dew":5.6,"precip":0.0,"precipprob":35.5,"snow":0.0,"snowdepth":0.0,"preciptype":null,"windgust":13.0,"windspeed":10.4,"winddir":121.0,"pressure":1013.0,"visibility":24.1,"cloudcover":24.0,"solarradiation":720.7,"solarenergy":2.6,"uvindex":7.0,"severerisk":10.0,"conditions":"Partially cloudy","icon":"partly-cloudy-day","stations":null,"source":"fcst"},{"datetime":"18:00:00","datetimeEpoch":1744045200,"tzoffset":1.0,"temp":18.8,"feelslike":18.8,"humidity":43.84,"dew":6.3,"precip":0.0,"precipprob":35.5,"snow":0.0,"snowdepth":0.0,"preciptype":null,"windgust":16.6,"windspeed":13.7,"winddir":235.3,"pressure":1013.0,"visibility":24.1,"cloudcover":39.3,"solarradiation":581.3,"solarenergy":2.1,"uvindex":6.0,"severerisk":10.0,"conditions":"Partially cloudy","icon":"partly-cloudy-day","stations":null,"source":"fcst"},{"datetime":"19:00:00","datetimeEpoch":1744048800,"tzoffset":1.0,"temp":17.8,"feelslike":17.8,"humidity":49.18,"dew":7.0,"precip":0.0,"precipprob":35.5,"snow":0.0,"snowdepth":0.0,"preciptype":null,"windgust":20.2,"windspeed":16.9,"winddir":349.7,"pressure":1013.0,"visibility":24.1,"cloudcover":54.5,"solarradiation":442.0,"solarenergy":1.6,"uvindex":4.0,"severerisk":10.0,"conditions":"Partially cloudy","icon":"partly-cloudy-day","stations":null,"source":"fcst"},{"datetime":"20:00:00","datetimeEpoch":1744052400,"tzoffset":1.0,"temp":16.4,"feelslike":16.4,"humidity":50.53,"dew":6.1,"precip":0.0,"precipprob":19.4,"snow":0.0,"snowdepth":0.0,"preciptype":null,"windgust":22.2,"windspeed":14.8,"winddir":349.1,"pressure":1013.7,"visibility":24.1,"cloudcover":37.2,"solarradiation":294.7,"solarenergy":1.1,"uvindex":3.0,"severerisk":10.0,"conditions":"Partially cloudy","icon":"partly-cloudy-day","stations":null,"source":"fcst"},{"datetime":"21:00:00","datetimeEpoch":1744056000,"tzoffset":1.0,"temp":15.1,"feelslike":15.1,"humidity":51.95,"dew":5.3,"precip":0.0,"precipprob":19.4,"snow":0.0,"snowdepth":0.0,"preciptype":null,"windgust":24.2,"windspeed":12.6,"winddir":348.5,"pressure":1014.3,"visibility":24.1,"cloudcover":19.9,"solarradiation":147.3,"solarenergy":0.5,"uvindex":0.0,"severerisk":10.0,"conditions":"Clear","icon":"clear-night","stations":null,"source":"fcst"},{"datetime":"22:00:00","datetimeEpoch":1744059600,"tzoffset":1.0,"temp":13.8,"feelslike":13.8,"humidity":53.43,"dew":4.5,"precip":0.0,"precipprob":19.4,"snow":0.0,"snowdepth":0.0,"preciptype":null,"windgust":26.3,"windspeed":10.4,"winddir":347.9,"pressure":1015.0,"visibility":24.1,"cloudcover":2.6,"solarradiation":0.0,"solarenergy":0.0,"uvindex":0.0,"severerisk":10.0,"conditions":"Clear","icon":"clear-night","stations":null,"source":"fcst"},{"datetime":"23:00:00","datetimeEpoch":1744063200,"tzoffset":1.0,"temp":13.3,"feelslike":13.3,"humidity":55.21,"dew":4.5,"precip":0.0,"precipprob":19.4,"snow":0.0,"snowdepth":0.0,"preciptype":null,"windgust":23.2,"windspeed":9.7,"winddir":348.6,"pressure":1014.7,"visibility":24.1,"cloudcover":1.7,"solarradiation":0.0,"solarenergy":0.0,"uvindex":0.0,"severerisk":10.0,"conditions":"Clear","icon":"clear-night","stations":null,"source":"fcst"}]},{"datetime":"2025-04-08","datetimeEpoch":1744066800,"tzoffset":1.0,"tempmax":19.6,"tempmin":10.5,"temp":14.4,"feelslikemax":19.6,"feelslikemin":10.5,"feelslike":14.4,"dew":4.4,"humidity":52.4,"precip":0.0,"precipprob":19.4,"precipcover":0.0,"preciptype":null,"snow":0.0,"snowdepth":0.0,"windgust":38.5,"windspeed":24.5,"winddir":49.0,"pressure":1014.6,"cloudcover":0.0,"visibility":24.1,"solarradiation":287.8,"solarenergy":24.9,"uvindex":9.0,"severerisk":10.0,"sunrise":"07:10:27","sunriseEpoch":1744092627,"sunset":"20:07:03","sunsetEpoch":1744139223,"moonphase":0.34,"conditions":"Clear","description":"Clear conditions throughout the day.","icon":"clear-day","stations":null,"source":"fcst","hours":[{"datetime":"00:00:00","datetimeEpoch":1744066800,"tzoffset":1.0,"temp":12.9,"feelslike":12.9,"humidity":57.06,"dew":4.6,"precip":0.0,"precipprob":19.4,"snow":0.0,"snowdepth":0.0,"preciptype":null,"windgust":20.0,"windspeed":9.0,"winddir":349.2,"pressure":1014.3,"visibility":24.1,"cloudcover":0.9,"solarradiation":0.0,"solarenergy":0.0,"uvindex":0.0,"severerisk":10.0,"conditions":"Clear","icon":"clear-night","stations":null,"source":"fcst"},{"datetime":"01:00:00","datetimeEpoch":1744070400,"tzoffset":1.0,"temp":12.5,"feelslike":12.5,"humidity":58.98,"dew":4.7,"precip":0.0,"precipprob":19.4,"snow":0.0,"snowdepth":0.0,"preciptype":null,"windgust":16.9,"windspeed":8.3,"winddir":349.9,"pressure":1014.0,"visibility":24.1,"cloudcover":0.0,"solarradiation":0.0,"solarenergy":0.0,"uvindex":0.0,"severerisk":10.0,"conditions":"Clear","icon":"clear-night","stations":null,"source":"fcst"},{"datetime":"02:00:00","datetimeEpoch":1744074000,"tzoffset":1.0,"temp":12.2,"feelslike":12.2,"humidity":61.01,"dew":4.9,"precip":0.0,"precipprob":12.9,"snow":0.0,"snowdepth":0.0,"preciptype":null,"windgust":14.8,"windspeed":8.0,"winddir":352.1,"pressure":1013.7,"visibility":24.1,"cloudcover":0.0,"solarradiation":0.0,"solarenergy":0.0,"uvindex":0.0,"severerisk":10.0,"conditions":"Clear","icon":"clear-night","stations":null,"source":"fcst"},{"datetime":"03:00:00","datetimeEpoch":1744077600,"tzoffset":1.0,"temp":11.9,"feelslike":11.9,"humidity":63.1,"dew":5.1,"precip":0.0,"precipprob":12.9,"snow":0.0,"snowdepth":0.0,"preciptype":null,"windgust":12.6,"windspeed":7.8,"winddir":354.4,"pressure":1013.3,"visibility":24.1,"cloudcover":0.0,"solarradiation":0.0,"solarenergy":0.0,"uvindex":0.0,"severerisk":10.0,"conditions":"Clear","icon":"clear-night","stations":null,"source":"fcst"},{"datetime":"04:00:00","datetimeEpoch":1744081200,"tzoffset":1.0,"temp":11.7,"feelslike":11.7,"humidity":65.27,"dew":5.4,"precip":0.0,"precipprob":12.9,"snow":0.0,"snowdepth":0.0,"preciptype":null,"windgust":10.4,"windspeed":7.6,"winddir":356.6,"pressure":1013.0,"visibility":24.1,"cloudcover":0.0,"solarradiation":0.0,"solarenergy":0.0,"uvindex":0.0,"severerisk":10.0,"conditions":"Clear","icon":"clear-night","stations":null,"source":"fcst"},{"datetime":"05:00:00","datetimeEpoch":1744084800,"tzoffset":1.0,"temp":11.3,"feelslike":11.3,"humidity":67.65,"dew":5.5,"precip":0.0,"precipprob":12.9,"snow":0.0,"snowdepth":0.0,"preciptype":null,"windgust":16.8,"windspeed":8.5,"winddir":258.9,"pressure":1013.3,"visibility":24.1,"cloudcover":0.0,"solarradiation":0.0,"solarenergy":0.0,"uvindex":0.0,"severerisk":10.0,"conditions":"Clear","icon":"clear-night","stations":null,"source":"fcst"},{"datetime":"06:00:00","datetimeEpoch":1744088400,"tzoffset":1.0,"temp":10.9,"feelslike":10.9,"humidity":70.11,"dew":5.6,"precip":0.0,"precipprob":12.9,"snow":0.0,"snowdepth":0.0,"preciptype":null,"windgust":23.2,"windspeed":9.5,"winddir":161.2,"pressure":1013.7,"visibility":24.1,"cloudcover":0.0,"solarradiation":0.0,"solarenergy":0.0,"uvindex":0.0,"severerisk":10.0,"conditions":"Clear","icon":"clear-night","stations":null,"source":"fcst"},{"datetime":"07:00:00","datetimeEpoch":1744092000,"tzoffset":1.0,"temp":10.5,"feelslike":10.5,"humidity":72.67,"dew":5.8,"precip":0.0,"precipprob":12.9,"snow":0.0,"snowdepth":0.0,"preciptype":null,"windgust":29.5,"windspeed":10.4,"winddir":63.5,"pressure":1014.0,"visibility":24.1,"cloudcover":0.0,"solarradiation":0.0,"solarenergy":0.0,"uvindex":0.0,"severerisk":10.0,"conditions":"Clear","icon":"clear-night","stations":null,"source":"fcst"},{"datetime":"08:00:00","datetimeEpoch":1744095600,"tzoffset":1.0,"temp":11.2,"feelslike":11.2,"humidity":63.07,"dew":4.4,"precip":0.0,"precipprob":12.9,"snow":0.0,"snowdepth":0.0,"preciptype":null,"windgust":32.5,"windspeed":15.1,"winddir":64.0,"pressure":1014.3,"visibility":24.1,"cloudcover":0.0,"solarradiation":72.3,"solarenergy":0.3,"uvindex":1.0,"severerisk":10.0,"conditions":"Clear","icon":"clear-day","stations":null,"source":"fcst"},{"datetime":"09:00:00","datetimeEpoch":1744099200,"tzoffset":1.0,"temp":11.9,"feelslike":11.9,"humidity":54.7,"dew":3.0,"precip":0.0,"precipprob":12.9,"snow":0.0,"snowdepth":0.0,"preciptype":null,"windgust":35.5,"windspeed":19.8,"winddir":64.5,"pressure":1014.7,"visibility":24.1,"cloudcover":0.0,"solarradiation":144.7,"solarenergy":0.5,"uvindex":1.0,"severerisk":10.0,"conditions":"Clear","icon":"clear-day","stations":null,"source":"fcst"},{"datetime":"10:00:00","datetimeEpoch":1744102800,"tzoffset":1.0,"temp":12.6,"feelslike":12.6,"humidity":47.4,"dew":1.7,"precip":0.0,"precipprob":12.9,"snow":0.0,"snowdepth":0.0,"preciptype":null,"windgust":38.5,"windspeed":24.5,"winddir":65.0,"pressure":1015.0,"visibility":24.1,"cloudcover":0.0,"solarradiation":217.0,"solarenergy":0.8,"uvindex":2.0,"severerisk":10.0,"conditions":"Clear","icon":"clear-day","stations":null,"source":"fcst"},{"datetime":"11:00:00","datetimeEpoch":1744106400,"tzoffset":1.0,"temp":14.2,"feelslike":14.2,"humidity":44.7,"dew":2.4,"precip":0.0,"precipprob":12.9,"snow":0.0,"snowdepth":0.0,"preciptype":null,"windgust":35.0,"windspeed":23.9,"winddir":67.7,"pressure":1015.0,"visibility":24.1,"cloudcover":0.0,"solarradiation":394.7,"solarenergy":1.4,"uvindex":4.0,"severerisk":10.0,"conditions":"Clear","icon":"clear-day","stations":null,"source":"fcst"},{"datetime":"12:00:00","datetimeEpoch":1744110000,"tzoffset":1.0,"temp":15.9,"feelslike":15.9,"humidity":42.2,"dew":3.1,"precip":0.0,"precipprob":12.9,"snow":0.0,"snowdepth":0.0,"preciptype":null,"windgust":31.6,"windspeed":23.3,"winddir":70.4,"pressure":1015.0,"visibility":24.1,"cloudcover":0.0,"solarradiation":572.3,"solarenergy":2.1,"uvindex":6.0,"severerisk":10.0,"conditions":"Clear","icon":"clear-day","stations":null,"source":"fcst"},{"datetime":"13:00:00","datetimeEpoch":1744113600,"tzoffset":1.0,"temp":17.6,"feelslike":17.6,"humidity":39.88,"dew":3.8,"precip":0.0,"precipprob":12.9,"snow":0.0,"snowdepth":0.0,"preciptype":null,"windgust":28.1,"windspeed":22.7,"winddir":73.1,"pressure":1015.0,"visibility":24.1,"cloudcover":0.0,"solarradiation":750.0,"solarenergy":2.7,"uvindex":8.0,"severerisk":10.0,"conditions":"Clear","icon":"clear-day","stations":null,"source":"fcst"},{"datetime":"14:00:00","datetimeEpoch":1744117200,"tzoffset":1.0,"temp":18.2,"feelslike":18.2,"humidity":39.15,"dew":4.1,"precip":0.0,"precipprob":16.1,"snow":0.0,"snowdepth":0.0,"preciptype":null,"windgust":25.8,"windspeed":21.0,"winddir":68.7,"pressure":1014.7,"visibility":24.1,"cloudcover":0.0,"solarradiation":788.7,"solarenergy":2.8,"uvindex":8.0,"severerisk":10.0,"conditions":"Clear","icon":"clear-day","stations":null,"source":"fcst"},{"datetime":"15:00:00","datetimeEpoch":1744120800,"tzoffset":1.0,"temp":18.9,"feelslike":18.9,"humidity":38.44,"dew":4.4,"precip":0.0,"precipprob":16.1,"snow":0.0,"snowdepth":0.0,"preciptype":null,"windgust":23.5,"windspeed":19.3,"winddir":64.4,"pressure":1014.3,"visibility":24.1,"cloudcover":0.0,"solarradiation":827.3,"solarenergy":3.0,"uvindex":8.0,"severerisk":10.0,"conditions":"Clear","icon":"clear-day","stations":null,"source":"fcst"},{"datetime":"16:00:00","datetimeEpoch":1744124400,"tzoffset":1.0,"temp":19.6,"feelslike":19.6,"humidity":37.74,"dew":4.8,"precip":0.0,"precipprob":16.1,"snow":0.0,"snowdepth":0.0,"preciptype":null,"windgust":21.2,"windspeed":17.6,"winddir":60.0,"pressure":1014.0,"visibility":24.1,"cloudcover":0.0,"solarradiation":866.0,"solarenergy":3.1,"uvindex":9.0,"severerisk":10.0,"conditions":"Clear","icon":"clear-day","stations":null,"source":"fcst"},{"datetime":"17:00:00","datetimeEpoch":1744128000,"tzoffset":1.0,"temp":19.1,"feelslike":19.1,"humidity":38.22,"dew":4.5,"precip":0.0,"precipprob":16.1,"snow":0.0,"snowdepth":0.0,"preciptype":null,"windgust":21.2,"windspeed":16.4,"winddir":49.9,"pressure":1014.3,"visibility":24.1,"cloudcover":0.0,"solarradiation":733.7,"solarenergy":2.6,"uvindex":7.0,"severerisk":10.0,"conditions":"Clear","icon":"clear-day","stations":null,"source":"fcst"},{"datetime":"18:00:00","datetimeEpoch":1744131600,"tzoffset":1.0,"temp":18.6,"feelslike":18.6,"humidity":38.7,"dew":4.2,"precip":0.0,"precipprob":16.1,"snow":0.0,"snowdepth":0.0,"preciptype":null,"windgust":21.2,"windspeed":15.2,"winddir":39.9,"pressure":1014.7,"visibility":24.1,"cloudcover":0.0,"solarradiation":601.3,"solarenergy":2.2,"uvindex":6.0,"severerisk":10.0,"conditions":"Clear","icon":"clear-day","stations":null,"source":"fcst"},{"datetime":"19:00:00","datetimeEpoch":1744135200,"tzoffset":1.0,"temp":18.1,"feelslike":18.1,"humidity":39.2,"dew":4.0,"precip":0.0,"precipprob":16.1,"snow":0.0,"snowdepth":0.0,"preciptype":null,"windgust":21.2,"windspeed":14.0,"winddir":29.8,"pressure":1015.0,"visibility":24.1,"cloudcover":0.0,"solarradiation":469.0,"solarenergy":1.7,"uvindex":5.0,"severerisk":10.0,"conditions":"Clear","icon":"clear-day","stations":null,"source":"fcst"},{"datetime":"20:00:00","datetimeEpoch":1744138800,"tzoffset":1.0,"temp":16.3,"feelslike":16.3,"humidity":45.18,"dew":4.4,"precip":0.0,"precipprob":12.9,"snow":0.0,"snowdepth":0.0,"preciptype":null,"windgust":21.8,"windspeed":12.4,"winddir":20.9,"pressure":1015.7,"visibility":24.1,"cloudcover":0.0,"solarradiation":312.7,"solarenergy":1.1,"uvindex":3.0,"severerisk":10.0,"conditions":"Clear","icon":"clear-day","stations":null,"source":"fcst"},{"datetime":"21:00:00","datetimeEpoch":1744142400,"tzoffset":1.0,"temp":14.5,"feelslike":14.5,"humidity":52.16,"dew":4.8,"precip":0.0,"precipprob":12.9,"snow":0.0,"snowdepth":0.0,"preciptype":null,"windgust":22.4,"windspeed":10.7,"winddir":12.0,"pressure":1016.3,"visibility":24.1,"cloudcover":0.0,"solarradiation":156.3,"solarenergy":0.6,"uvindex":0.0,"severerisk":10.0,"conditions":"Clear","icon":"clear-night","stations":null,"source":"fcst"},{"datetime":"22:00:00","datetimeEpoch":1744146000,"tzoffset":1.0,"temp":12.8,"feelslike":12.8,"humidity":60.3,"dew":5.3,"precip":0.0,"precipprob":12.9,"snow":0.0,"snowdepth":0.0,"preciptype":null,"windgust":23.0,"windspeed":9.0,"winddir":3.1,"pressure":1017.0,"visibility":24.1,"cloudcover":0.0,"solarradiation":0.0,"solarenergy":0.0,"uvindex":0.0,"severerisk":10.0,"conditions":"Clear","icon":"clear-night","stations":null,"source":"fcst"},{"datetime":"23:00:00","datetimeEpoch":1744149600,"tzoffset":1.0,"temp":12.6,"feelslike":12.6,"humidity":59.57,"dew":4.9,"precip":0.0,"precipprob":12.9,"snow":0.0,"snowdepth":0.0,"preciptype":null,"windgust":17.4,"windspeed":8.0,"winddir":13.5,"pressure":1017.0,"visibility":24.1,"cloudcover":0.1,"solarradiation":0.0,"solarenergy":0.0,"uvindex":0.0,"severerisk":10.0,"conditions":"Clear","icon":"clear-night","stations":null,"source":"fcst"}]}],"alerts":[],"stations":{"LPMT":{"distance":11625.0,"latitude":38.7,"longitude":-9.02,"useCount":0,"id":"LPMT","name":"LPMT","quality":47,"contribution":0.0},"LPPT":{"distance":6202.0,"latitude":38.78,"longitude":-9.13,"useCount":0,"id":"LPPT","name":"LPPT","quality":50,"contribution":0.0},"F3135":{"distance":18264.0,"latitude":38.686,"longitude":-9.353,"useCount":0,"id":"F3135","name":"FW3135 Lisboa PT","quality":0,"contribution":0.0},"C3643":{"distance":6865.0,"latitude":38.782,"longitude":-9.114,"useCount":0,"id":"C3643","name":"CW3643 Lisbon PT","quality":0,"contribution":0.0},"LPST":{"distance":18815.0,"latitude":38.82,"longitude":-9.33,"useCount":0,"id":"LPST","name":"LPST","quality":14,"contribution":0.0},"LPAR":{"distance":20459.0,"latitude":38.88,"longitude":-9.02,"useCount":0,"id":"LPAR","name":"LPAR","quality":13,"contribution":0.0}},"currentConditions":{"datetime":"11:50:00","datetimeEpoch":1742903400,"temp":16.4,"feelslike":16.4,"humidity":68.0,"dew":10.4,"precip":0.0,"precipprob":0.0,"snow":0.0,"snowdepth":0.0,"preciptype":null,"windgust":13.4,"windspeed":9.2,"winddir":99.0,"pressure":1023.0,"visibility":10.0,"cloudcover":50.0,"solarradiation":795.0,"solarenergy":2.9,"uvindex":8.0,"conditions":"Partially cloudy","icon":"partly-cloudy-day","stations":["F3135","LPPT","C3643"],"source":"obs","sunrise":"06:32:02","sunriseEpoch":1742884322,"sunset":"18:53:39","sunsetEpoch":1742928819,"moonphase":0.87}}

	at java.base/jdk.internal.reflect.DirectConstructorHandleAccessor.newInstance(DirectConstructorHandleAccessor.java:62)
	at java.base/java.lang.reflect.Constructor.newInstanceWithCaller(Constructor.java:502)
	at java.base/java.lang.reflect.Constructor.newInstance(Constructor.java:486)
	at org.codehaus.groovy.reflection.CachedConstructor.invoke(CachedConstructor.java:73)
	at org.codehaus.groovy.runtime.callsite.ConstructorSite$ConstructorSiteNoUnwrapNoCoerce.callConstructor(ConstructorSite.java:108)
	at org.codehaus.groovy.runtime.callsite.CallSiteArray.defaultCallConstructor(CallSiteArray.java:57)
	at org.codehaus.groovy.runtime.callsite.AbstractCallSite.callConstructor(AbstractCallSite.java:263)
	at org.codehaus.groovy.runtime.callsite.AbstractCallSite.callConstructor(AbstractCallSite.java:277)
	at io.restassured.internal.ResponseSpecificationImpl$HamcrestAssertionClosure.validate(ResponseSpecificationImpl.groovy:512)
	at io.restassured.internal.ResponseSpecificationImpl$HamcrestAssertionClosure$validate$1.call(Unknown Source)
	at io.restassured.internal.ResponseSpecificationImpl.validateResponseIfRequired(ResponseSpecificationImpl.groovy:696)
	at io.restassured.internal.ResponseSpecificationImpl.this$2$validateResponseIfRequired(ResponseSpecificationImpl.groovy)
	at java.base/jdk.internal.reflect.DirectMethodHandleAccessor.invoke(DirectMethodHandleAccessor.java:103)
	at java.base/java.lang.reflect.Method.invoke(Method.java:580)
	at org.codehaus.groovy.runtime.callsite.PlainObjectMetaMethodSite.doInvoke(PlainObjectMetaMethodSite.java:43)
	at org.codehaus.groovy.runtime.callsite.PogoMetaMethodSite$PogoCachedMethodSiteNoUnwrapNoCoerce.invoke(PogoMetaMethodSite.java:198)
	at org.codehaus.groovy.runtime.callsite.PogoMetaMethodSite.callCurrent(PogoMetaMethodSite.java:62)
	at org.codehaus.groovy.runtime.callsite.CallSiteArray.defaultCallCurrent(CallSiteArray.java:49)
	at org.codehaus.groovy.runtime.callsite.AbstractCallSite.callCurrent(AbstractCallSite.java:171)
	at org.codehaus.groovy.runtime.callsite.AbstractCallSite.callCurrent(AbstractCallSite.java:185)
	at io.restassured.internal.ResponseSpecificationImpl.body(ResponseSpecificationImpl.groovy:107)
	at io.restassured.internal.ValidatableResponseOptionsImpl.body(ValidatableResponseOptionsImpl.java:238)
	at tqs.hw1.controller.containers.WeatherControllerTest.whenGetWeatherForCityAndDate_thenReturnWeather(WeatherControllerTest.java:46)
	at java.base/java.lang.reflect.Method.invoke(Method.java:580)
	at java.base/java.util.ArrayList.forEach(ArrayList.java:1596)
	at java.base/java.util.ArrayList.forEach(ArrayList.java:1596)

